mode: set
github.com/tekugo/zeichenwerk/animation.go:24.31,26.2 1 0
github.com/tekugo/zeichenwerk/animation.go:31.36,35.2 3 1
github.com/tekugo/zeichenwerk/animation.go:40.51,42.21 2 1
github.com/tekugo/zeichenwerk/animation.go:42.21,46.3 3 1
github.com/tekugo/zeichenwerk/animation.go:47.2,50.12 3 1
github.com/tekugo/zeichenwerk/animation.go:50.12,51.16 1 1
github.com/tekugo/zeichenwerk/animation.go:51.16,53.23 2 1
github.com/tekugo/zeichenwerk/animation.go:53.23,56.5 2 1
github.com/tekugo/zeichenwerk/animation.go:57.4,57.17 1 1
github.com/tekugo/zeichenwerk/animation.go:60.3,60.7 1 1
github.com/tekugo/zeichenwerk/animation.go:60.7,61.11 1 1
github.com/tekugo/zeichenwerk/animation.go:62.18,63.11 1 1
github.com/tekugo/zeichenwerk/animation.go:64.22,65.13 1 0
github.com/tekugo/zeichenwerk/animation.go:72.28,73.9 1 1
github.com/tekugo/zeichenwerk/animation.go:74.28,74.28 0 1
github.com/tekugo/zeichenwerk/animation.go:75.10,75.10 0 0
github.com/tekugo/zeichenwerk/animation.go:81.28,82.17 1 1
github.com/tekugo/zeichenwerk/animation.go:82.17,84.3 1 1
github.com/tekugo/zeichenwerk/animation.go:84.8,86.3 1 1
github.com/tekugo/zeichenwerk/ansi.go:70.47,76.2 1 1
github.com/tekugo/zeichenwerk/ansi.go:79.40,80.25 1 1
github.com/tekugo/zeichenwerk/ansi.go:80.25,82.29 1 1
github.com/tekugo/zeichenwerk/ansi.go:82.29,83.21 1 1
github.com/tekugo/zeichenwerk/ansi.go:83.21,85.31 1 1
github.com/tekugo/zeichenwerk/ansi.go:85.31,88.92 3 1
github.com/tekugo/zeichenwerk/ansi.go:88.92,91.7 2 1
github.com/tekugo/zeichenwerk/ansi.go:91.12,91.31 1 1
github.com/tekugo/zeichenwerk/ansi.go:91.31,94.7 1 0
github.com/tekugo/zeichenwerk/ansi.go:95.6,95.14 1 1
github.com/tekugo/zeichenwerk/ansi.go:98.5,98.18 1 1
github.com/tekugo/zeichenwerk/ansi.go:101.4,101.17 1 1
github.com/tekugo/zeichenwerk/ansi.go:101.17,104.13 3 1
github.com/tekugo/zeichenwerk/ansi.go:108.3,108.18 1 1
github.com/tekugo/zeichenwerk/ansi.go:109.17,110.22 1 1
github.com/tekugo/zeichenwerk/ansi.go:111.17,112.22 1 1
github.com/tekugo/zeichenwerk/ansi.go:113.19,114.24 1 1
github.com/tekugo/zeichenwerk/ansi.go:115.19,116.24 1 1
github.com/tekugo/zeichenwerk/ansi.go:117.19,118.24 1 1
github.com/tekugo/zeichenwerk/ansi.go:119.20,120.25 1 1
github.com/tekugo/zeichenwerk/ansi.go:121.20,122.19 1 1
github.com/tekugo/zeichenwerk/ansi.go:127.36,134.2 6 1
github.com/tekugo/zeichenwerk/ansi.go:137.34,138.32 1 1
github.com/tekugo/zeichenwerk/ansi.go:138.32,144.3 4 1
github.com/tekugo/zeichenwerk/ansi.go:145.2,145.13 1 1
github.com/tekugo/zeichenwerk/ansi.go:145.13,148.3 2 1
github.com/tekugo/zeichenwerk/ansi.go:148.8,148.23 1 1
github.com/tekugo/zeichenwerk/ansi.go:148.23,150.3 1 1
github.com/tekugo/zeichenwerk/ansi.go:150.8,152.3 1 1
github.com/tekugo/zeichenwerk/ansi.go:153.2,154.20 2 1
github.com/tekugo/zeichenwerk/ansi.go:157.46,159.48 1 1
github.com/tekugo/zeichenwerk/ansi.go:159.48,161.3 1 1
github.com/tekugo/zeichenwerk/ansi.go:162.2,163.23 2 1
github.com/tekugo/zeichenwerk/ansi.go:163.23,165.3 1 1
github.com/tekugo/zeichenwerk/ansi.go:166.2,168.17 3 1
github.com/tekugo/zeichenwerk/ansi.go:173.44,174.9 1 1
github.com/tekugo/zeichenwerk/ansi.go:175.58,176.23 1 1
github.com/tekugo/zeichenwerk/ansi.go:177.17,179.21 2 1
github.com/tekugo/zeichenwerk/ansi.go:180.30,181.27 1 1
github.com/tekugo/zeichenwerk/ansi.go:182.17,183.23 1 1
github.com/tekugo/zeichenwerk/ansi.go:187.44,188.9 1 1
github.com/tekugo/zeichenwerk/ansi.go:189.58,190.23 1 0
github.com/tekugo/zeichenwerk/ansi.go:191.17,193.18 1 1
github.com/tekugo/zeichenwerk/ansi.go:194.30,196.23 2 1
github.com/tekugo/zeichenwerk/ansi.go:201.28,204.18 3 1
github.com/tekugo/zeichenwerk/ansi.go:205.17,207.23 2 1
github.com/tekugo/zeichenwerk/ansi.go:208.17,210.24 2 1
github.com/tekugo/zeichenwerk/ansi.go:211.17,211.17 0 0
github.com/tekugo/zeichenwerk/ansi.go:216.46,217.9 1 1
github.com/tekugo/zeichenwerk/ansi.go:218.30,219.14 1 0
github.com/tekugo/zeichenwerk/ansi.go:220.30,223.18 3 1
github.com/tekugo/zeichenwerk/ansi.go:224.17,224.17 0 0
github.com/tekugo/zeichenwerk/ansi.go:229.46,230.9 1 1
github.com/tekugo/zeichenwerk/ansi.go:231.58,232.23 1 0
github.com/tekugo/zeichenwerk/ansi.go:233.30,235.23 2 0
github.com/tekugo/zeichenwerk/ansi.go:236.45,239.23 2 1
github.com/tekugo/zeichenwerk/ansi.go:240.17,242.23 1 0
github.com/tekugo/zeichenwerk/ansi.go:243.30,246.23 2 1
github.com/tekugo/zeichenwerk/ansi.go:247.30,250.18 3 1
github.com/tekugo/zeichenwerk/ansi.go:251.17,251.17 0 0
github.com/tekugo/zeichenwerk/ansi.go:256.46,257.9 1 1
github.com/tekugo/zeichenwerk/ansi.go:258.30,260.20 2 1
github.com/tekugo/zeichenwerk/ansi.go:261.17,262.16 1 1
github.com/tekugo/zeichenwerk/ansi.go:263.17,268.17 4 1
github.com/tekugo/zeichenwerk/ansi.go:269.30,270.14 1 0
github.com/tekugo/zeichenwerk/ansi.go:271.30,272.19 1 1
github.com/tekugo/zeichenwerk/ansi.go:273.30,275.24 1 1
github.com/tekugo/zeichenwerk/ansi.go:276.17,276.17 0 0
github.com/tekugo/zeichenwerk/ansi.go:281.47,282.28 1 1
github.com/tekugo/zeichenwerk/ansi.go:282.28,285.3 2 1
github.com/tekugo/zeichenwerk/ansi.go:289.41,290.11 1 1
github.com/tekugo/zeichenwerk/ansi.go:291.12,293.21 2 1
github.com/tekugo/zeichenwerk/ansi.go:294.12,297.18 3 1
github.com/tekugo/zeichenwerk/ansi.go:298.10,299.16 1 1
github.com/tekugo/zeichenwerk/ansi.go:299.16,301.4 1 1
github.com/tekugo/zeichenwerk/ansi.go:306.36,311.48 5 1
github.com/tekugo/zeichenwerk/ansi.go:311.48,314.27 3 1
github.com/tekugo/zeichenwerk/ansi.go:314.27,315.30 1 1
github.com/tekugo/zeichenwerk/ansi.go:315.30,317.5 1 1
github.com/tekugo/zeichenwerk/ansi.go:320.2,320.34 1 1
github.com/tekugo/zeichenwerk/bar-chart.go:58.46,81.2 5 1
github.com/tekugo/zeichenwerk/bar-chart.go:86.45,89.2 2 1
github.com/tekugo/zeichenwerk/bar-chart.go:92.43,95.2 2 1
github.com/tekugo/zeichenwerk/bar-chart.go:98.51,100.31 2 1
github.com/tekugo/zeichenwerk/bar-chart.go:100.31,102.3 1 1
github.com/tekugo/zeichenwerk/bar-chart.go:103.2,103.13 1 1
github.com/tekugo/zeichenwerk/bar-chart.go:107.41,107.60 1 1
github.com/tekugo/zeichenwerk/bar-chart.go:110.42,110.65 1 1
github.com/tekugo/zeichenwerk/bar-chart.go:115.41,115.68 2 1
github.com/tekugo/zeichenwerk/bar-chart.go:118.38,118.51 1 1
github.com/tekugo/zeichenwerk/bar-chart.go:121.42,121.75 2 1
github.com/tekugo/zeichenwerk/bar-chart.go:124.40,124.71 2 1
github.com/tekugo/zeichenwerk/bar-chart.go:127.40,127.71 2 0
github.com/tekugo/zeichenwerk/bar-chart.go:130.42,130.75 2 0
github.com/tekugo/zeichenwerk/bar-chart.go:133.38,133.67 2 1
github.com/tekugo/zeichenwerk/bar-chart.go:136.39,137.11 1 1
github.com/tekugo/zeichenwerk/bar-chart.go:137.11,139.3 1 1
github.com/tekugo/zeichenwerk/bar-chart.go:140.2,141.13 2 1
github.com/tekugo/zeichenwerk/bar-chart.go:145.37,146.11 1 1
github.com/tekugo/zeichenwerk/bar-chart.go:146.11,148.3 1 1
github.com/tekugo/zeichenwerk/bar-chart.go:149.2,150.13 2 1
github.com/tekugo/zeichenwerk/bar-chart.go:154.36,155.11 1 1
github.com/tekugo/zeichenwerk/bar-chart.go:155.11,157.3 1 1
github.com/tekugo/zeichenwerk/bar-chart.go:158.2,159.13 2 1
github.com/tekugo/zeichenwerk/bar-chart.go:166.38,168.12 2 1
github.com/tekugo/zeichenwerk/bar-chart.go:168.12,171.3 2 1
github.com/tekugo/zeichenwerk/bar-chart.go:172.2,172.15 1 1
github.com/tekugo/zeichenwerk/bar-chart.go:172.15,174.3 1 1
github.com/tekugo/zeichenwerk/bar-chart.go:175.2,175.16 1 1
github.com/tekugo/zeichenwerk/bar-chart.go:175.16,177.3 1 1
github.com/tekugo/zeichenwerk/bar-chart.go:178.2,178.25 1 1
github.com/tekugo/zeichenwerk/bar-chart.go:178.25,180.3 1 1
github.com/tekugo/zeichenwerk/bar-chart.go:181.2,183.11 3 1
github.com/tekugo/zeichenwerk/bar-chart.go:187.35,187.56 1 1
github.com/tekugo/zeichenwerk/bar-chart.go:192.40,200.19 8 1
github.com/tekugo/zeichenwerk/bar-chart.go:200.19,202.3 1 1
github.com/tekugo/zeichenwerk/bar-chart.go:203.2,203.38 1 1
github.com/tekugo/zeichenwerk/bar-chart.go:203.38,204.38 1 1
github.com/tekugo/zeichenwerk/bar-chart.go:204.38,206.4 1 0
github.com/tekugo/zeichenwerk/bar-chart.go:207.3,207.13 1 1
github.com/tekugo/zeichenwerk/bar-chart.go:209.2,215.45 7 1
github.com/tekugo/zeichenwerk/bar-chart.go:223.38,224.37 1 1
github.com/tekugo/zeichenwerk/bar-chart.go:224.37,226.3 1 0
github.com/tekugo/zeichenwerk/bar-chart.go:227.2,227.18 1 1
github.com/tekugo/zeichenwerk/bar-chart.go:227.18,229.38 2 1
github.com/tekugo/zeichenwerk/bar-chart.go:229.38,231.4 1 1
github.com/tekugo/zeichenwerk/bar-chart.go:232.3,232.14 1 1
github.com/tekugo/zeichenwerk/bar-chart.go:234.2,235.17 2 1
github.com/tekugo/zeichenwerk/bar-chart.go:235.17,237.3 1 1
github.com/tekugo/zeichenwerk/bar-chart.go:238.2,239.12 2 1
github.com/tekugo/zeichenwerk/bar-chart.go:239.12,241.3 1 1
github.com/tekugo/zeichenwerk/bar-chart.go:242.2,243.13 2 1
github.com/tekugo/zeichenwerk/bar-chart.go:249.40,250.24 1 1
github.com/tekugo/zeichenwerk/bar-chart.go:250.24,252.3 1 0
github.com/tekugo/zeichenwerk/bar-chart.go:253.2,254.18 2 1
github.com/tekugo/zeichenwerk/bar-chart.go:254.18,256.3 1 1
github.com/tekugo/zeichenwerk/bar-chart.go:256.8,258.3 1 1
github.com/tekugo/zeichenwerk/bar-chart.go:261.48,263.22 2 1
github.com/tekugo/zeichenwerk/bar-chart.go:263.22,265.3 1 0
github.com/tekugo/zeichenwerk/bar-chart.go:267.2,268.37 2 1
github.com/tekugo/zeichenwerk/bar-chart.go:268.37,270.3 1 0
github.com/tekugo/zeichenwerk/bar-chart.go:271.2,272.18 2 1
github.com/tekugo/zeichenwerk/bar-chart.go:272.18,274.3 1 0
github.com/tekugo/zeichenwerk/bar-chart.go:276.2,277.16 2 1
github.com/tekugo/zeichenwerk/bar-chart.go:277.16,279.3 1 0
github.com/tekugo/zeichenwerk/bar-chart.go:280.2,286.17 6 1
github.com/tekugo/zeichenwerk/bar-chart.go:286.17,288.3 1 1
github.com/tekugo/zeichenwerk/bar-chart.go:289.2,290.16 2 1
github.com/tekugo/zeichenwerk/bar-chart.go:290.16,292.3 1 0
github.com/tekugo/zeichenwerk/bar-chart.go:294.2,298.16 3 1
github.com/tekugo/zeichenwerk/bar-chart.go:298.16,304.45 4 0
github.com/tekugo/zeichenwerk/bar-chart.go:304.45,306.4 1 0
github.com/tekugo/zeichenwerk/bar-chart.go:308.3,308.31 1 0
github.com/tekugo/zeichenwerk/bar-chart.go:308.31,310.15 2 0
github.com/tekugo/zeichenwerk/bar-chart.go:310.15,312.5 1 0
github.com/tekugo/zeichenwerk/bar-chart.go:312.10,315.25 3 0
github.com/tekugo/zeichenwerk/bar-chart.go:315.25,317.6 1 0
github.com/tekugo/zeichenwerk/bar-chart.go:321.4,322.18 2 0
github.com/tekugo/zeichenwerk/bar-chart.go:322.18,328.5 4 0
github.com/tekugo/zeichenwerk/bar-chart.go:330.4,330.15 1 0
github.com/tekugo/zeichenwerk/bar-chart.go:330.15,332.13 1 0
github.com/tekugo/zeichenwerk/bar-chart.go:334.4,334.48 1 0
github.com/tekugo/zeichenwerk/bar-chart.go:334.48,337.5 2 0
github.com/tekugo/zeichenwerk/bar-chart.go:340.4,340.62 1 0
github.com/tekugo/zeichenwerk/bar-chart.go:340.62,342.39 2 0
github.com/tekugo/zeichenwerk/bar-chart.go:342.39,344.6 1 0
github.com/tekugo/zeichenwerk/bar-chart.go:351.2,353.35 2 1
github.com/tekugo/zeichenwerk/bar-chart.go:353.35,355.20 2 1
github.com/tekugo/zeichenwerk/bar-chart.go:355.20,356.9 1 0
github.com/tekugo/zeichenwerk/bar-chart.go:358.3,359.22 2 1
github.com/tekugo/zeichenwerk/bar-chart.go:359.22,361.4 1 0
github.com/tekugo/zeichenwerk/bar-chart.go:364.3,365.30 2 1
github.com/tekugo/zeichenwerk/bar-chart.go:365.30,367.25 2 1
github.com/tekugo/zeichenwerk/bar-chart.go:367.25,369.5 1 1
github.com/tekugo/zeichenwerk/bar-chart.go:370.4,371.36 2 1
github.com/tekugo/zeichenwerk/bar-chart.go:371.36,373.5 1 0
github.com/tekugo/zeichenwerk/bar-chart.go:377.3,377.37 1 1
github.com/tekugo/zeichenwerk/bar-chart.go:377.37,386.33 7 1
github.com/tekugo/zeichenwerk/bar-chart.go:386.33,388.37 2 1
github.com/tekugo/zeichenwerk/bar-chart.go:388.37,389.46 1 1
github.com/tekugo/zeichenwerk/bar-chart.go:389.46,392.7 2 1
github.com/tekugo/zeichenwerk/bar-chart.go:396.4,396.24 1 1
github.com/tekugo/zeichenwerk/bar-chart.go:396.24,400.16 3 1
github.com/tekugo/zeichenwerk/bar-chart.go:400.16,402.6 1 0
github.com/tekugo/zeichenwerk/bar-chart.go:403.5,405.38 3 1
github.com/tekugo/zeichenwerk/bar-chart.go:405.38,407.6 1 1
github.com/tekugo/zeichenwerk/bar-chart.go:407.11,409.6 1 0
github.com/tekugo/zeichenwerk/bar-chart.go:410.5,411.35 2 1
github.com/tekugo/zeichenwerk/bar-chart.go:411.35,413.6 1 1
github.com/tekugo/zeichenwerk/bar-chart.go:414.10,417.34 2 1
github.com/tekugo/zeichenwerk/bar-chart.go:417.34,418.35 1 1
github.com/tekugo/zeichenwerk/bar-chart.go:418.35,420.12 2 1
github.com/tekugo/zeichenwerk/bar-chart.go:423.5,423.22 1 1
github.com/tekugo/zeichenwerk/bar-chart.go:423.22,424.14 1 0
github.com/tekugo/zeichenwerk/bar-chart.go:426.5,428.35 3 1
github.com/tekugo/zeichenwerk/bar-chart.go:428.35,430.6 1 1
github.com/tekugo/zeichenwerk/bar-chart.go:435.3,435.45 1 1
github.com/tekugo/zeichenwerk/bar-chart.go:435.45,440.26 4 0
github.com/tekugo/zeichenwerk/bar-chart.go:440.26,442.5 1 0
github.com/tekugo/zeichenwerk/bar-chart.go:443.4,444.30 2 0
github.com/tekugo/zeichenwerk/bar-chart.go:444.30,449.5 4 0
github.com/tekugo/zeichenwerk/bar-chart.go:453.3,453.33 1 1
github.com/tekugo/zeichenwerk/bar-chart.go:453.33,455.31 2 0
github.com/tekugo/zeichenwerk/bar-chart.go:455.31,456.26 1 0
github.com/tekugo/zeichenwerk/bar-chart.go:456.26,458.6 1 0
github.com/tekugo/zeichenwerk/bar-chart.go:460.4,463.31 4 0
github.com/tekugo/zeichenwerk/bar-chart.go:468.2,470.16 3 1
github.com/tekugo/zeichenwerk/bar-chart.go:470.16,472.3 1 0
github.com/tekugo/zeichenwerk/bar-chart.go:473.2,473.36 1 1
github.com/tekugo/zeichenwerk/bar-chart.go:473.36,475.3 1 1
github.com/tekugo/zeichenwerk/bar-chart.go:477.2,477.35 1 1
github.com/tekugo/zeichenwerk/bar-chart.go:477.35,479.22 2 1
github.com/tekugo/zeichenwerk/bar-chart.go:479.22,480.9 1 0
github.com/tekugo/zeichenwerk/bar-chart.go:482.3,482.38 1 1
github.com/tekugo/zeichenwerk/bar-chart.go:486.2,488.35 3 1
github.com/tekugo/zeichenwerk/bar-chart.go:488.35,490.22 2 1
github.com/tekugo/zeichenwerk/bar-chart.go:490.22,491.9 1 0
github.com/tekugo/zeichenwerk/bar-chart.go:493.3,494.28 2 1
github.com/tekugo/zeichenwerk/bar-chart.go:494.28,496.4 1 1
github.com/tekugo/zeichenwerk/bar-chart.go:497.3,498.15 2 1
github.com/tekugo/zeichenwerk/bar-chart.go:498.15,500.4 1 0
github.com/tekugo/zeichenwerk/bar-chart.go:501.3,502.24 2 1
github.com/tekugo/zeichenwerk/bar-chart.go:502.24,504.4 1 0
github.com/tekugo/zeichenwerk/bar-chart.go:505.3,509.14 4 1
github.com/tekugo/zeichenwerk/bar-chart.go:509.14,511.4 1 0
github.com/tekugo/zeichenwerk/bar-chart.go:511.9,513.4 1 1
github.com/tekugo/zeichenwerk/bar-chart.go:514.3,514.36 1 1
github.com/tekugo/zeichenwerk/bar-chart.go:518.2,518.56 1 1
github.com/tekugo/zeichenwerk/bar-chart.go:518.56,520.3 1 0
github.com/tekugo/zeichenwerk/bar-chart.go:523.50,525.22 2 1
github.com/tekugo/zeichenwerk/bar-chart.go:525.22,527.3 1 0
github.com/tekugo/zeichenwerk/bar-chart.go:530.2,531.35 2 1
github.com/tekugo/zeichenwerk/bar-chart.go:531.35,532.51 1 1
github.com/tekugo/zeichenwerk/bar-chart.go:532.51,534.4 1 1
github.com/tekugo/zeichenwerk/bar-chart.go:536.2,540.18 3 1
github.com/tekugo/zeichenwerk/bar-chart.go:540.18,544.3 3 0
github.com/tekugo/zeichenwerk/bar-chart.go:546.2,547.16 2 1
github.com/tekugo/zeichenwerk/bar-chart.go:547.16,549.3 1 0
github.com/tekugo/zeichenwerk/bar-chart.go:551.2,557.35 6 1
github.com/tekugo/zeichenwerk/bar-chart.go:557.35,559.17 2 1
github.com/tekugo/zeichenwerk/bar-chart.go:559.17,560.9 1 0
github.com/tekugo/zeichenwerk/bar-chart.go:563.3,567.28 3 1
github.com/tekugo/zeichenwerk/bar-chart.go:567.28,569.4 1 1
github.com/tekugo/zeichenwerk/bar-chart.go:570.3,570.14 1 1
github.com/tekugo/zeichenwerk/bar-chart.go:570.14,572.4 1 0
github.com/tekugo/zeichenwerk/bar-chart.go:572.9,574.4 1 1
github.com/tekugo/zeichenwerk/bar-chart.go:575.3,580.30 4 1
github.com/tekugo/zeichenwerk/bar-chart.go:580.30,582.25 2 1
github.com/tekugo/zeichenwerk/bar-chart.go:582.25,584.5 1 1
github.com/tekugo/zeichenwerk/bar-chart.go:585.4,587.29 3 1
github.com/tekugo/zeichenwerk/bar-chart.go:587.29,589.5 1 0
github.com/tekugo/zeichenwerk/bar-chart.go:590.4,591.14 2 1
github.com/tekugo/zeichenwerk/bar-chart.go:591.14,592.13 1 0
github.com/tekugo/zeichenwerk/bar-chart.go:594.4,596.54 3 1
github.com/tekugo/zeichenwerk/bar-chart.go:599.3,600.24 2 1
github.com/tekugo/zeichenwerk/bar-chart.go:600.24,603.4 2 1
github.com/tekugo/zeichenwerk/bar-chart.go:606.3,606.19 1 1
github.com/tekugo/zeichenwerk/bar-chart.go:606.19,608.31 2 0
github.com/tekugo/zeichenwerk/bar-chart.go:608.31,609.26 1 0
github.com/tekugo/zeichenwerk/bar-chart.go:609.26,611.6 1 0
github.com/tekugo/zeichenwerk/bar-chart.go:613.4,614.69 2 0
github.com/tekugo/zeichenwerk/bar-chart.go:619.2,620.56 2 1
github.com/tekugo/zeichenwerk/bar-chart.go:620.56,622.3 1 0
github.com/tekugo/zeichenwerk/bar-chart.go:625.67,628.29 3 0
github.com/tekugo/zeichenwerk/bar-chart.go:628.29,629.20 1 0
github.com/tekugo/zeichenwerk/bar-chart.go:629.20,630.12 1 0
github.com/tekugo/zeichenwerk/bar-chart.go:632.3,632.17 1 0
github.com/tekugo/zeichenwerk/bar-chart.go:632.17,633.9 1 0
github.com/tekugo/zeichenwerk/bar-chart.go:635.3,642.14 8 0
github.com/tekugo/zeichenwerk/bar-chart.go:648.43,649.37 1 1
github.com/tekugo/zeichenwerk/bar-chart.go:649.37,651.3 1 1
github.com/tekugo/zeichenwerk/bar-chart.go:652.2,653.35 2 1
github.com/tekugo/zeichenwerk/bar-chart.go:653.35,655.30 2 1
github.com/tekugo/zeichenwerk/bar-chart.go:655.30,656.25 1 1
github.com/tekugo/zeichenwerk/bar-chart.go:656.25,658.5 1 1
github.com/tekugo/zeichenwerk/bar-chart.go:660.3,660.23 1 1
github.com/tekugo/zeichenwerk/bar-chart.go:660.23,662.4 1 1
github.com/tekugo/zeichenwerk/bar-chart.go:664.2,664.19 1 1
github.com/tekugo/zeichenwerk/bar-chart.go:664.19,666.3 1 1
github.com/tekugo/zeichenwerk/bar-chart.go:667.2,667.17 1 1
github.com/tekugo/zeichenwerk/bar-chart.go:672.34,673.12 1 1
github.com/tekugo/zeichenwerk/bar-chart.go:673.12,675.3 1 1
github.com/tekugo/zeichenwerk/bar-chart.go:676.2,678.43 3 1
github.com/tekugo/zeichenwerk/bar-chart.go:678.43,679.18 1 1
github.com/tekugo/zeichenwerk/bar-chart.go:679.18,681.4 1 1
github.com/tekugo/zeichenwerk/bar-chart.go:683.2,683.18 1 0
github.com/tekugo/zeichenwerk/bar-chart.go:687.88,690.46 3 1
github.com/tekugo/zeichenwerk/bar-chart.go:690.46,693.3 2 1
github.com/tekugo/zeichenwerk/bar-chart.go:694.2,695.31 2 1
github.com/tekugo/zeichenwerk/bar-chart.go:695.31,696.48 1 1
github.com/tekugo/zeichenwerk/bar-chart.go:696.48,698.4 1 1
github.com/tekugo/zeichenwerk/bar-chart.go:700.2,701.8 2 1
github.com/tekugo/zeichenwerk/bar-chart.go:704.43,705.29 1 1
github.com/tekugo/zeichenwerk/bar-chart.go:705.29,706.20 1 1
github.com/tekugo/zeichenwerk/bar-chart.go:706.20,708.4 1 1
github.com/tekugo/zeichenwerk/bar-chart.go:710.2,710.14 1 1
github.com/tekugo/zeichenwerk/bar-chart.go:715.56,717.12 2 1
github.com/tekugo/zeichenwerk/bar-chart.go:717.12,719.3 1 1
github.com/tekugo/zeichenwerk/bar-chart.go:720.2,720.19 1 1
github.com/tekugo/zeichenwerk/bar-chart.go:721.21,722.20 1 1
github.com/tekugo/zeichenwerk/bar-chart.go:722.20,725.4 2 1
github.com/tekugo/zeichenwerk/bar-chart.go:726.22,727.20 1 1
github.com/tekugo/zeichenwerk/bar-chart.go:727.20,730.4 2 1
github.com/tekugo/zeichenwerk/bar-chart.go:731.19,732.19 1 0
github.com/tekugo/zeichenwerk/bar-chart.go:732.19,735.4 2 0
github.com/tekugo/zeichenwerk/bar-chart.go:736.21,737.19 1 1
github.com/tekugo/zeichenwerk/bar-chart.go:737.19,740.4 2 1
github.com/tekugo/zeichenwerk/bar-chart.go:741.21,743.14 2 1
github.com/tekugo/zeichenwerk/bar-chart.go:744.20,746.14 2 1
github.com/tekugo/zeichenwerk/bar-chart.go:747.22,748.22 1 1
github.com/tekugo/zeichenwerk/bar-chart.go:748.22,750.4 1 1
github.com/tekugo/zeichenwerk/bar-chart.go:751.3,751.14 1 1
github.com/tekugo/zeichenwerk/bar-chart.go:753.2,753.14 1 0
github.com/tekugo/zeichenwerk/bar-chart.go:756.36,758.12 2 1
github.com/tekugo/zeichenwerk/bar-chart.go:758.12,760.3 1 0
github.com/tekugo/zeichenwerk/bar-chart.go:761.2,762.20 2 1
github.com/tekugo/zeichenwerk/bar-chart.go:762.20,763.16 1 1
github.com/tekugo/zeichenwerk/bar-chart.go:763.16,765.4 1 1
github.com/tekugo/zeichenwerk/bar-chart.go:765.9,767.4 1 0
github.com/tekugo/zeichenwerk/bar-chart.go:769.2,769.16 1 1
github.com/tekugo/zeichenwerk/bar-chart.go:774.60,775.36 1 1
github.com/tekugo/zeichenwerk/bar-chart.go:775.36,777.3 1 1
github.com/tekugo/zeichenwerk/bar-chart.go:778.2,780.54 3 1
github.com/tekugo/zeichenwerk/bar-chart.go:780.54,782.3 1 0
github.com/tekugo/zeichenwerk/bar-chart.go:784.2,785.18 2 1
github.com/tekugo/zeichenwerk/bar-chart.go:785.18,787.3 1 0
github.com/tekugo/zeichenwerk/bar-chart.go:787.8,789.18 2 1
github.com/tekugo/zeichenwerk/bar-chart.go:789.18,791.4 1 1
github.com/tekugo/zeichenwerk/bar-chart.go:792.3,792.21 1 1
github.com/tekugo/zeichenwerk/bar-chart.go:792.21,794.4 1 0
github.com/tekugo/zeichenwerk/bar-chart.go:795.3,795.51 1 1
github.com/tekugo/zeichenwerk/bar-chart.go:798.2,798.37 1 1
github.com/tekugo/zeichenwerk/bar-chart.go:798.37,800.3 1 0
github.com/tekugo/zeichenwerk/bar-chart.go:801.2,801.21 1 1
github.com/tekugo/zeichenwerk/bar-chart.go:801.21,803.3 1 1
github.com/tekugo/zeichenwerk/bar-chart.go:803.8,805.3 1 1
github.com/tekugo/zeichenwerk/bar-chart.go:806.2,806.13 1 1
github.com/tekugo/zeichenwerk/border.go:38.35,40.2 1 1
github.com/tekugo/zeichenwerk/border.go:43.33,45.2 1 1
github.com/tekugo/zeichenwerk/box.go:31.43,36.2 1 0
github.com/tekugo/zeichenwerk/box.go:41.35,43.2 1 0
github.com/tekugo/zeichenwerk/box.go:53.33,54.37 1 0
github.com/tekugo/zeichenwerk/box.go:54.37,56.3 1 0
github.com/tekugo/zeichenwerk/box.go:56.8,56.27 1 0
github.com/tekugo/zeichenwerk/box.go:56.27,62.3 5 0
github.com/tekugo/zeichenwerk/box.go:62.8,64.3 1 0
github.com/tekugo/zeichenwerk/box.go:68.35,73.17 3 0
github.com/tekugo/zeichenwerk/box.go:73.17,75.3 1 0
github.com/tekugo/zeichenwerk/box.go:76.2,78.19 2 0
github.com/tekugo/zeichenwerk/box.go:78.19,84.3 3 0
github.com/tekugo/zeichenwerk/box.go:85.2,85.20 1 0
github.com/tekugo/zeichenwerk/box.go:85.20,87.3 1 0
github.com/tekugo/zeichenwerk/box.go:93.33,96.2 2 0
github.com/tekugo/zeichenwerk/box.go:108.55,109.19 1 0
github.com/tekugo/zeichenwerk/box.go:109.19,111.3 1 0
github.com/tekugo/zeichenwerk/box.go:112.2,112.20 1 0
github.com/tekugo/zeichenwerk/box.go:112.20,114.3 1 0
github.com/tekugo/zeichenwerk/box.go:115.2,117.12 3 0
github.com/tekugo/zeichenwerk/box.go:127.35,128.20 1 0
github.com/tekugo/zeichenwerk/box.go:128.20,130.3 1 0
github.com/tekugo/zeichenwerk/box.go:131.2,131.26 1 0
github.com/tekugo/zeichenwerk/box.go:138.30,139.20 1 0
github.com/tekugo/zeichenwerk/box.go:139.20,142.3 2 0
github.com/tekugo/zeichenwerk/box.go:143.2,143.18 1 0
github.com/tekugo/zeichenwerk/breadcrumb.go:29.50,38.56 3 1
github.com/tekugo/zeichenwerk/breadcrumb.go:38.56,39.46 1 1
github.com/tekugo/zeichenwerk/breadcrumb.go:39.46,41.4 1 1
github.com/tekugo/zeichenwerk/breadcrumb.go:42.3,42.15 1 1
github.com/tekugo/zeichenwerk/breadcrumb.go:44.2,46.10 3 1
github.com/tekugo/zeichenwerk/breadcrumb.go:52.49,55.29 3 1
github.com/tekugo/zeichenwerk/breadcrumb.go:55.29,57.3 1 1
github.com/tekugo/zeichenwerk/breadcrumb.go:58.2,58.13 1 1
github.com/tekugo/zeichenwerk/breadcrumb.go:62.39,65.2 2 1
github.com/tekugo/zeichenwerk/breadcrumb.go:68.35,70.12 2 1
github.com/tekugo/zeichenwerk/breadcrumb.go:70.12,72.3 1 1
github.com/tekugo/zeichenwerk/breadcrumb.go:73.2,75.35 3 1
github.com/tekugo/zeichenwerk/breadcrumb.go:75.35,77.3 1 1
github.com/tekugo/zeichenwerk/breadcrumb.go:78.2,79.12 2 1
github.com/tekugo/zeichenwerk/breadcrumb.go:83.42,84.15 1 1
github.com/tekugo/zeichenwerk/breadcrumb.go:84.15,86.3 1 0
github.com/tekugo/zeichenwerk/breadcrumb.go:87.2,87.31 1 1
github.com/tekugo/zeichenwerk/breadcrumb.go:87.31,89.3 1 1
github.com/tekugo/zeichenwerk/breadcrumb.go:90.2,90.35 1 1
github.com/tekugo/zeichenwerk/breadcrumb.go:90.35,92.3 1 1
github.com/tekugo/zeichenwerk/breadcrumb.go:93.2,93.13 1 1
github.com/tekugo/zeichenwerk/breadcrumb.go:97.42,97.63 1 0
github.com/tekugo/zeichenwerk/breadcrumb.go:103.40,105.12 2 1
github.com/tekugo/zeichenwerk/breadcrumb.go:105.12,108.3 2 1
github.com/tekugo/zeichenwerk/breadcrumb.go:109.2,109.15 1 1
github.com/tekugo/zeichenwerk/breadcrumb.go:109.15,111.3 1 1
github.com/tekugo/zeichenwerk/breadcrumb.go:112.2,112.16 1 1
github.com/tekugo/zeichenwerk/breadcrumb.go:112.16,114.3 1 1
github.com/tekugo/zeichenwerk/breadcrumb.go:115.2,115.25 1 1
github.com/tekugo/zeichenwerk/breadcrumb.go:115.25,117.3 1 0
github.com/tekugo/zeichenwerk/breadcrumb.go:118.2,119.21 2 1
github.com/tekugo/zeichenwerk/breadcrumb.go:119.21,121.3 1 1
github.com/tekugo/zeichenwerk/breadcrumb.go:122.2,123.11 2 1
github.com/tekugo/zeichenwerk/breadcrumb.go:127.37,127.58 1 0
github.com/tekugo/zeichenwerk/breadcrumb.go:132.47,132.81 2 0
github.com/tekugo/zeichenwerk/breadcrumb.go:135.49,135.85 2 0
github.com/tekugo/zeichenwerk/breadcrumb.go:140.42,144.38 4 1
github.com/tekugo/zeichenwerk/breadcrumb.go:144.38,145.38 1 1
github.com/tekugo/zeichenwerk/breadcrumb.go:145.38,147.4 1 0
github.com/tekugo/zeichenwerk/breadcrumb.go:148.3,148.13 1 1
github.com/tekugo/zeichenwerk/breadcrumb.go:150.2,151.48 2 1
github.com/tekugo/zeichenwerk/breadcrumb.go:159.40,160.37 1 1
github.com/tekugo/zeichenwerk/breadcrumb.go:160.37,162.3 1 0
github.com/tekugo/zeichenwerk/breadcrumb.go:163.2,164.12 2 1
github.com/tekugo/zeichenwerk/breadcrumb.go:164.12,166.3 1 1
github.com/tekugo/zeichenwerk/breadcrumb.go:167.2,169.33 3 1
github.com/tekugo/zeichenwerk/breadcrumb.go:169.33,171.3 1 1
github.com/tekugo/zeichenwerk/breadcrumb.go:172.2,174.36 3 1
github.com/tekugo/zeichenwerk/breadcrumb.go:181.49,184.15 3 1
github.com/tekugo/zeichenwerk/breadcrumb.go:184.15,186.3 1 1
github.com/tekugo/zeichenwerk/breadcrumb.go:187.2,188.27 2 1
github.com/tekugo/zeichenwerk/breadcrumb.go:188.27,190.22 2 1
github.com/tekugo/zeichenwerk/breadcrumb.go:190.22,192.4 1 1
github.com/tekugo/zeichenwerk/breadcrumb.go:194.2,194.10 1 1
github.com/tekugo/zeichenwerk/breadcrumb.go:200.54,202.15 2 1
github.com/tekugo/zeichenwerk/breadcrumb.go:202.15,204.3 1 0
github.com/tekugo/zeichenwerk/breadcrumb.go:205.2,205.6 1 1
github.com/tekugo/zeichenwerk/breadcrumb.go:205.6,206.37 1 1
github.com/tekugo/zeichenwerk/breadcrumb.go:206.37,208.4 1 1
github.com/tekugo/zeichenwerk/breadcrumb.go:209.3,210.33 2 1
github.com/tekugo/zeichenwerk/breadcrumb.go:210.33,212.4 1 1
github.com/tekugo/zeichenwerk/breadcrumb.go:219.42,220.24 1 1
github.com/tekugo/zeichenwerk/breadcrumb.go:220.24,222.3 1 0
github.com/tekugo/zeichenwerk/breadcrumb.go:223.2,225.36 3 1
github.com/tekugo/zeichenwerk/breadcrumb.go:225.36,227.3 1 0
github.com/tekugo/zeichenwerk/breadcrumb.go:229.2,238.15 7 1
github.com/tekugo/zeichenwerk/breadcrumb.go:238.15,243.16 5 1
github.com/tekugo/zeichenwerk/breadcrumb.go:243.16,246.4 2 1
github.com/tekugo/zeichenwerk/breadcrumb.go:249.2,249.43 1 1
github.com/tekugo/zeichenwerk/breadcrumb.go:249.43,250.17 1 1
github.com/tekugo/zeichenwerk/breadcrumb.go:250.17,251.9 1 0
github.com/tekugo/zeichenwerk/breadcrumb.go:253.3,256.45 4 1
github.com/tekugo/zeichenwerk/breadcrumb.go:256.45,258.4 1 0
github.com/tekugo/zeichenwerk/breadcrumb.go:258.9,260.4 1 1
github.com/tekugo/zeichenwerk/breadcrumb.go:261.3,263.41 3 1
github.com/tekugo/zeichenwerk/breadcrumb.go:263.41,267.4 3 1
github.com/tekugo/zeichenwerk/breadcrumb.go:273.58,275.12 2 1
github.com/tekugo/zeichenwerk/breadcrumb.go:275.12,277.3 1 0
github.com/tekugo/zeichenwerk/breadcrumb.go:278.2,278.19 1 1
github.com/tekugo/zeichenwerk/breadcrumb.go:279.21,280.22 1 0
github.com/tekugo/zeichenwerk/breadcrumb.go:280.22,282.4 1 0
github.com/tekugo/zeichenwerk/breadcrumb.go:282.9,284.4 1 0
github.com/tekugo/zeichenwerk/breadcrumb.go:285.3,285.14 1 0
github.com/tekugo/zeichenwerk/breadcrumb.go:286.22,287.24 1 0
github.com/tekugo/zeichenwerk/breadcrumb.go:287.24,289.4 1 0
github.com/tekugo/zeichenwerk/breadcrumb.go:289.9,291.4 1 0
github.com/tekugo/zeichenwerk/breadcrumb.go:292.3,292.14 1 0
github.com/tekugo/zeichenwerk/breadcrumb.go:293.21,295.14 2 0
github.com/tekugo/zeichenwerk/breadcrumb.go:296.20,298.14 2 0
github.com/tekugo/zeichenwerk/breadcrumb.go:299.22,300.22 1 1
github.com/tekugo/zeichenwerk/breadcrumb.go:300.22,302.4 1 1
github.com/tekugo/zeichenwerk/breadcrumb.go:303.3,303.14 1 1
github.com/tekugo/zeichenwerk/breadcrumb.go:305.2,305.14 1 0
github.com/tekugo/zeichenwerk/breadcrumb.go:310.62,311.36 1 0
github.com/tekugo/zeichenwerk/breadcrumb.go:311.36,313.3 1 0
github.com/tekugo/zeichenwerk/breadcrumb.go:314.2,316.40 3 0
github.com/tekugo/zeichenwerk/breadcrumb.go:316.40,318.3 1 0
github.com/tekugo/zeichenwerk/breadcrumb.go:320.2,324.15 3 0
github.com/tekugo/zeichenwerk/breadcrumb.go:324.15,326.13 2 0
github.com/tekugo/zeichenwerk/breadcrumb.go:326.13,328.4 1 0
github.com/tekugo/zeichenwerk/breadcrumb.go:331.2,332.43 2 0
github.com/tekugo/zeichenwerk/breadcrumb.go:332.43,334.29 2 0
github.com/tekugo/zeichenwerk/breadcrumb.go:334.29,337.17 3 0
github.com/tekugo/zeichenwerk/breadcrumb.go:337.17,339.5 1 0
github.com/tekugo/zeichenwerk/breadcrumb.go:340.4,340.15 1 0
github.com/tekugo/zeichenwerk/breadcrumb.go:342.3,343.17 2 0
github.com/tekugo/zeichenwerk/breadcrumb.go:343.17,344.9 1 0
github.com/tekugo/zeichenwerk/breadcrumb.go:347.2,347.14 1 0
github.com/tekugo/zeichenwerk/builder.go:30.40,32.2 1 0
github.com/tekugo/zeichenwerk/builder.go:39.31,42.2 2 0
github.com/tekugo/zeichenwerk/builder.go:46.41,48.2 1 0
github.com/tekugo/zeichenwerk/builder.go:53.42,55.2 1 0
github.com/tekugo/zeichenwerk/builder.go:59.25,61.2 1 0
github.com/tekugo/zeichenwerk/builder.go:71.52,74.2 2 0
github.com/tekugo/zeichenwerk/builder.go:84.47,85.22 1 0
github.com/tekugo/zeichenwerk/builder.go:85.22,87.31 2 0
github.com/tekugo/zeichenwerk/builder.go:87.31,89.4 1 0
github.com/tekugo/zeichenwerk/builder.go:89.9,91.4 1 0
github.com/tekugo/zeichenwerk/builder.go:93.2,95.45 3 0
github.com/tekugo/zeichenwerk/builder.go:95.45,97.3 1 0
github.com/tekugo/zeichenwerk/builder.go:98.2,98.10 1 0
github.com/tekugo/zeichenwerk/builder.go:104.34,105.22 1 0
github.com/tekugo/zeichenwerk/builder.go:105.22,107.3 1 0
github.com/tekugo/zeichenwerk/builder.go:108.2,108.10 1 0
github.com/tekugo/zeichenwerk/builder.go:116.50,120.2 3 0
github.com/tekugo/zeichenwerk/builder.go:123.52,127.2 3 0
github.com/tekugo/zeichenwerk/builder.go:130.68,134.2 3 0
github.com/tekugo/zeichenwerk/builder.go:137.62,141.2 3 0
github.com/tekugo/zeichenwerk/builder.go:145.73,149.2 3 0
github.com/tekugo/zeichenwerk/builder.go:152.53,156.2 3 0
github.com/tekugo/zeichenwerk/builder.go:164.79,168.2 3 0
github.com/tekugo/zeichenwerk/builder.go:171.52,175.2 3 0
github.com/tekugo/zeichenwerk/builder.go:178.46,182.2 3 0
github.com/tekugo/zeichenwerk/builder.go:185.46,189.2 3 0
github.com/tekugo/zeichenwerk/builder.go:198.92,202.2 3 0
github.com/tekugo/zeichenwerk/builder.go:206.61,210.2 3 0
github.com/tekugo/zeichenwerk/builder.go:221.88,226.46 3 0
github.com/tekugo/zeichenwerk/builder.go:226.46,228.3 1 0
github.com/tekugo/zeichenwerk/builder.go:229.2,229.10 1 0
github.com/tekugo/zeichenwerk/builder.go:233.73,236.70 3 0
github.com/tekugo/zeichenwerk/builder.go:236.70,239.3 2 0
github.com/tekugo/zeichenwerk/builder.go:241.2,244.30 3 0
github.com/tekugo/zeichenwerk/builder.go:244.30,248.30 4 0
github.com/tekugo/zeichenwerk/builder.go:248.30,249.12 1 0
github.com/tekugo/zeichenwerk/builder.go:251.3,252.19 2 0
github.com/tekugo/zeichenwerk/builder.go:252.19,253.12 1 0
github.com/tekugo/zeichenwerk/builder.go:254.9,254.25 1 0
github.com/tekugo/zeichenwerk/builder.go:254.25,256.4 1 0
github.com/tekugo/zeichenwerk/builder.go:257.3,261.17 5 0
github.com/tekugo/zeichenwerk/builder.go:261.17,263.4 1 0
github.com/tekugo/zeichenwerk/builder.go:264.3,265.17 2 0
github.com/tekugo/zeichenwerk/builder.go:265.17,267.4 1 0
github.com/tekugo/zeichenwerk/builder.go:269.3,270.15 2 0
github.com/tekugo/zeichenwerk/builder.go:270.15,272.4 1 0
github.com/tekugo/zeichenwerk/builder.go:273.3,278.9 5 0
github.com/tekugo/zeichenwerk/builder.go:282.96,283.19 1 0
github.com/tekugo/zeichenwerk/builder.go:283.19,284.19 1 0
github.com/tekugo/zeichenwerk/builder.go:285.21,286.24 1 0
github.com/tekugo/zeichenwerk/builder.go:287.11,288.21 1 0
github.com/tekugo/zeichenwerk/builder.go:292.2,292.17 1 0
github.com/tekugo/zeichenwerk/builder.go:293.18,297.18 4 0
github.com/tekugo/zeichenwerk/builder.go:298.18,303.15 5 0
github.com/tekugo/zeichenwerk/builder.go:304.16,309.11 5 0
github.com/tekugo/zeichenwerk/builder.go:310.10,314.15 4 0
github.com/tekugo/zeichenwerk/builder.go:331.75,335.2 3 0
github.com/tekugo/zeichenwerk/builder.go:338.48,342.2 3 0
github.com/tekugo/zeichenwerk/builder.go:348.63,352.2 3 0
github.com/tekugo/zeichenwerk/builder.go:359.62,363.2 3 0
github.com/tekugo/zeichenwerk/builder.go:368.65,372.2 3 0
github.com/tekugo/zeichenwerk/builder.go:381.76,385.2 3 0
github.com/tekugo/zeichenwerk/builder.go:390.48,394.2 3 0
github.com/tekugo/zeichenwerk/builder.go:399.49,403.2 3 0
github.com/tekugo/zeichenwerk/builder.go:407.50,411.2 3 0
github.com/tekugo/zeichenwerk/builder.go:415.63,419.2 3 0
github.com/tekugo/zeichenwerk/builder.go:422.62,426.2 3 0
github.com/tekugo/zeichenwerk/builder.go:429.64,433.2 3 0
github.com/tekugo/zeichenwerk/builder.go:436.66,440.2 3 0
github.com/tekugo/zeichenwerk/builder.go:444.37,448.2 3 0
github.com/tekugo/zeichenwerk/builder.go:452.48,456.2 3 0
github.com/tekugo/zeichenwerk/builder.go:460.52,464.2 3 0
github.com/tekugo/zeichenwerk/builder.go:468.59,472.2 3 0
github.com/tekugo/zeichenwerk/builder.go:478.62,481.30 3 0
github.com/tekugo/zeichenwerk/builder.go:481.30,482.70 1 0
github.com/tekugo/zeichenwerk/builder.go:482.70,483.23 1 0
github.com/tekugo/zeichenwerk/builder.go:483.23,484.44 1 0
github.com/tekugo/zeichenwerk/builder.go:484.44,486.6 1 0
github.com/tekugo/zeichenwerk/builder.go:488.4,488.15 1 0
github.com/tekugo/zeichenwerk/builder.go:491.2,491.10 1 0
github.com/tekugo/zeichenwerk/builder.go:495.45,496.19 1 0
github.com/tekugo/zeichenwerk/builder.go:496.19,498.3 1 0
github.com/tekugo/zeichenwerk/builder.go:499.2,499.10 1 0
github.com/tekugo/zeichenwerk/builder.go:503.83,507.2 3 0
github.com/tekugo/zeichenwerk/builder.go:510.61,512.29 2 0
github.com/tekugo/zeichenwerk/builder.go:512.29,514.3 1 0
github.com/tekugo/zeichenwerk/builder.go:515.2,517.10 3 0
github.com/tekugo/zeichenwerk/builder.go:522.84,526.2 3 0
github.com/tekugo/zeichenwerk/builder.go:529.44,533.2 3 0
github.com/tekugo/zeichenwerk/builder.go:537.67,542.22 3 0
github.com/tekugo/zeichenwerk/builder.go:542.22,545.3 2 0
github.com/tekugo/zeichenwerk/builder.go:546.2,547.10 2 0
github.com/tekugo/zeichenwerk/builder.go:552.67,556.2 3 0
github.com/tekugo/zeichenwerk/builder.go:559.55,563.2 3 0
github.com/tekugo/zeichenwerk/builder.go:566.48,570.2 3 0
github.com/tekugo/zeichenwerk/builder.go:576.57,578.22 2 0
github.com/tekugo/zeichenwerk/builder.go:578.22,580.3 1 0
github.com/tekugo/zeichenwerk/builder.go:581.2,582.19 2 0
github.com/tekugo/zeichenwerk/builder.go:582.19,584.3 1 0
github.com/tekugo/zeichenwerk/builder.go:584.8,586.3 1 0
github.com/tekugo/zeichenwerk/builder.go:587.2,587.10 1 0
github.com/tekugo/zeichenwerk/builder.go:592.53,595.22 3 0
github.com/tekugo/zeichenwerk/builder.go:595.22,597.3 1 0
github.com/tekugo/zeichenwerk/builder.go:597.8,597.29 1 0
github.com/tekugo/zeichenwerk/builder.go:597.29,600.3 2 0
github.com/tekugo/zeichenwerk/builder.go:601.2,602.19 2 0
github.com/tekugo/zeichenwerk/builder.go:602.19,604.3 1 0
github.com/tekugo/zeichenwerk/builder.go:604.8,606.3 1 0
github.com/tekugo/zeichenwerk/builder.go:607.2,607.10 1 0
github.com/tekugo/zeichenwerk/builder.go:619.51,622.22 2 0
github.com/tekugo/zeichenwerk/builder.go:622.22,624.3 1 0
github.com/tekugo/zeichenwerk/builder.go:626.2,627.10 2 0
github.com/tekugo/zeichenwerk/builder.go:639.49,645.2 5 0
github.com/tekugo/zeichenwerk/builder.go:651.48,654.2 2 0
github.com/tekugo/zeichenwerk/builder.go:658.52,660.9 2 0
github.com/tekugo/zeichenwerk/builder.go:660.9,663.3 2 0
github.com/tekugo/zeichenwerk/builder.go:664.2,665.10 2 0
github.com/tekugo/zeichenwerk/builder.go:670.46,672.9 2 0
github.com/tekugo/zeichenwerk/builder.go:672.9,675.3 2 0
github.com/tekugo/zeichenwerk/builder.go:676.2,677.10 2 0
github.com/tekugo/zeichenwerk/builder.go:683.51,685.22 2 0
github.com/tekugo/zeichenwerk/builder.go:685.22,687.3 1 0
github.com/tekugo/zeichenwerk/builder.go:688.2,689.19 2 0
github.com/tekugo/zeichenwerk/builder.go:689.19,691.3 1 0
github.com/tekugo/zeichenwerk/builder.go:691.8,693.3 1 0
github.com/tekugo/zeichenwerk/builder.go:694.2,694.10 1 0
github.com/tekugo/zeichenwerk/builder.go:699.57,701.22 2 0
github.com/tekugo/zeichenwerk/builder.go:701.22,703.3 1 0
github.com/tekugo/zeichenwerk/builder.go:704.2,705.19 2 0
github.com/tekugo/zeichenwerk/builder.go:705.19,707.3 1 0
github.com/tekugo/zeichenwerk/builder.go:707.8,709.3 1 0
github.com/tekugo/zeichenwerk/builder.go:710.2,710.10 1 0
github.com/tekugo/zeichenwerk/builder.go:714.56,717.2 2 0
github.com/tekugo/zeichenwerk/builder.go:726.52,729.2 2 0
github.com/tekugo/zeichenwerk/builder.go:737.45,739.19 2 0
github.com/tekugo/zeichenwerk/builder.go:739.19,741.3 1 0
github.com/tekugo/zeichenwerk/builder.go:741.8,743.3 1 0
github.com/tekugo/zeichenwerk/builder.go:744.2,744.10 1 0
github.com/tekugo/zeichenwerk/builder.go:753.46,755.19 2 0
github.com/tekugo/zeichenwerk/builder.go:755.19,757.3 1 0
github.com/tekugo/zeichenwerk/builder.go:757.8,759.3 1 0
github.com/tekugo/zeichenwerk/builder.go:760.2,760.10 1 0
github.com/tekugo/zeichenwerk/builder.go:770.47,774.2 3 0
github.com/tekugo/zeichenwerk/builder.go:783.52,787.2 3 0
github.com/tekugo/zeichenwerk/button.go:33.48,42.2 5 1
github.com/tekugo/zeichenwerk/button.go:48.36,49.37 1 1
github.com/tekugo/zeichenwerk/button.go:49.37,51.3 1 0
github.com/tekugo/zeichenwerk/button.go:52.2,52.42 1 1
github.com/tekugo/zeichenwerk/button.go:56.29,58.2 1 1
github.com/tekugo/zeichenwerk/button.go:61.38,63.2 1 0
github.com/tekugo/zeichenwerk/button.go:65.28,67.2 1 0
github.com/tekugo/zeichenwerk/button.go:70.38,74.2 3 0
github.com/tekugo/zeichenwerk/button.go:81.35,81.52 1 1
github.com/tekugo/zeichenwerk/button.go:83.36,85.2 1 1
github.com/tekugo/zeichenwerk/button.go:102.56,103.21 1 1
github.com/tekugo/zeichenwerk/button.go:104.22,106.14 2 1
github.com/tekugo/zeichenwerk/button.go:107.21,109.25 1 1
github.com/tekugo/zeichenwerk/button.go:109.25,112.4 2 1
github.com/tekugo/zeichenwerk/button.go:115.2,115.14 1 1
github.com/tekugo/zeichenwerk/button.go:133.60,138.50 3 1
github.com/tekugo/zeichenwerk/button.go:138.50,139.26 1 1
github.com/tekugo/zeichenwerk/button.go:140.22,142.15 2 1
github.com/tekugo/zeichenwerk/button.go:143.25,144.27 1 1
github.com/tekugo/zeichenwerk/button.go:144.27,148.5 3 1
github.com/tekugo/zeichenwerk/button.go:150.8,150.32 1 1
github.com/tekugo/zeichenwerk/button.go:150.32,153.3 1 0
github.com/tekugo/zeichenwerk/button.go:155.2,155.14 1 1
github.com/tekugo/zeichenwerk/canvas.go:51.68,62.23 3 1
github.com/tekugo/zeichenwerk/canvas.go:62.23,64.25 2 1
github.com/tekugo/zeichenwerk/canvas.go:64.25,66.4 1 1
github.com/tekugo/zeichenwerk/canvas.go:70.2,78.10 4 1
github.com/tekugo/zeichenwerk/canvas.go:84.38,86.2 1 0
github.com/tekugo/zeichenwerk/canvas.go:93.46,94.26 1 1
github.com/tekugo/zeichenwerk/canvas.go:94.26,96.3 1 1
github.com/tekugo/zeichenwerk/canvas.go:97.2,98.18 2 1
github.com/tekugo/zeichenwerk/canvas.go:98.18,100.27 1 1
github.com/tekugo/zeichenwerk/canvas.go:100.27,102.4 1 1
github.com/tekugo/zeichenwerk/canvas.go:102.9,102.35 1 1
github.com/tekugo/zeichenwerk/canvas.go:102.35,104.4 1 0
github.com/tekugo/zeichenwerk/canvas.go:104.9,106.4 1 1
github.com/tekugo/zeichenwerk/canvas.go:108.2,108.37 1 1
github.com/tekugo/zeichenwerk/canvas.go:112.28,114.2 1 1
github.com/tekugo/zeichenwerk/canvas.go:121.39,122.107 1 1
github.com/tekugo/zeichenwerk/canvas.go:122.107,124.3 1 0
github.com/tekugo/zeichenwerk/canvas.go:125.2,125.31 1 1
github.com/tekugo/zeichenwerk/canvas.go:131.26,133.33 2 1
github.com/tekugo/zeichenwerk/canvas.go:133.33,134.37 1 1
github.com/tekugo/zeichenwerk/canvas.go:134.37,136.4 1 1
github.com/tekugo/zeichenwerk/canvas.go:138.2,139.13 2 1
github.com/tekugo/zeichenwerk/canvas.go:145.48,146.18 1 1
github.com/tekugo/zeichenwerk/canvas.go:146.18,148.3 1 0
github.com/tekugo/zeichenwerk/canvas.go:149.2,149.33 1 1
github.com/tekugo/zeichenwerk/canvas.go:149.33,150.37 1 1
github.com/tekugo/zeichenwerk/canvas.go:150.37,152.4 1 1
github.com/tekugo/zeichenwerk/canvas.go:154.2,154.13 1 1
github.com/tekugo/zeichenwerk/canvas.go:158.32,160.2 1 1
github.com/tekugo/zeichenwerk/canvas.go:164.51,166.26 1 0
github.com/tekugo/zeichenwerk/canvas.go:166.26,168.24 2 0
github.com/tekugo/zeichenwerk/canvas.go:168.24,170.28 2 0
github.com/tekugo/zeichenwerk/canvas.go:170.28,172.5 1 0
github.com/tekugo/zeichenwerk/canvas.go:174.3,174.38 1 0
github.com/tekugo/zeichenwerk/canvas.go:175.8,175.33 1 0
github.com/tekugo/zeichenwerk/canvas.go:175.33,177.3 1 0
github.com/tekugo/zeichenwerk/canvas.go:180.2,180.31 1 0
github.com/tekugo/zeichenwerk/canvas.go:180.31,181.23 1 0
github.com/tekugo/zeichenwerk/canvas.go:181.23,183.25 2 0
github.com/tekugo/zeichenwerk/canvas.go:183.25,185.5 1 0
github.com/tekugo/zeichenwerk/canvas.go:186.4,186.45 1 0
github.com/tekugo/zeichenwerk/canvas.go:187.9,187.30 1 0
github.com/tekugo/zeichenwerk/canvas.go:187.30,189.4 1 0
github.com/tekugo/zeichenwerk/canvas.go:193.2,193.31 1 0
github.com/tekugo/zeichenwerk/canvas.go:193.31,194.28 1 0
github.com/tekugo/zeichenwerk/canvas.go:194.28,195.26 1 0
github.com/tekugo/zeichenwerk/canvas.go:195.26,197.5 1 0
github.com/tekugo/zeichenwerk/canvas.go:197.10,197.33 1 0
github.com/tekugo/zeichenwerk/canvas.go:197.33,199.5 1 0
github.com/tekugo/zeichenwerk/canvas.go:204.2,204.21 1 0
github.com/tekugo/zeichenwerk/canvas.go:204.21,206.3 1 0
github.com/tekugo/zeichenwerk/canvas.go:207.2,207.35 1 0
github.com/tekugo/zeichenwerk/canvas.go:207.35,209.3 1 0
github.com/tekugo/zeichenwerk/canvas.go:210.2,210.41 1 0
github.com/tekugo/zeichenwerk/canvas.go:210.41,212.3 1 0
github.com/tekugo/zeichenwerk/canvas.go:218.61,219.107 1 1
github.com/tekugo/zeichenwerk/canvas.go:219.107,221.3 1 0
github.com/tekugo/zeichenwerk/canvas.go:222.2,222.18 1 1
github.com/tekugo/zeichenwerk/canvas.go:222.18,224.3 1 0
github.com/tekugo/zeichenwerk/canvas.go:225.2,227.13 3 1
github.com/tekugo/zeichenwerk/canvas.go:232.38,236.2 3 0
github.com/tekugo/zeichenwerk/canvas.go:240.39,244.2 3 1
github.com/tekugo/zeichenwerk/canvas.go:247.36,248.38 1 0
github.com/tekugo/zeichenwerk/canvas.go:248.38,250.3 1 0
github.com/tekugo/zeichenwerk/canvas.go:256.45,257.23 1 1
github.com/tekugo/zeichenwerk/canvas.go:257.23,259.3 1 0
github.com/tekugo/zeichenwerk/canvas.go:260.2,260.44 1 1
github.com/tekugo/zeichenwerk/canvas.go:269.54,270.16 1 0
github.com/tekugo/zeichenwerk/canvas.go:271.18,272.33 1 0
github.com/tekugo/zeichenwerk/canvas.go:273.18,274.33 1 0
github.com/tekugo/zeichenwerk/canvas.go:276.2,276.14 1 0
github.com/tekugo/zeichenwerk/canvas.go:282.61,283.19 1 0
github.com/tekugo/zeichenwerk/canvas.go:284.19,286.14 2 0
github.com/tekugo/zeichenwerk/canvas.go:287.21,289.14 2 0
github.com/tekugo/zeichenwerk/canvas.go:290.21,292.14 2 0
github.com/tekugo/zeichenwerk/canvas.go:293.22,295.14 2 0
github.com/tekugo/zeichenwerk/canvas.go:296.21,299.14 3 0
github.com/tekugo/zeichenwerk/canvas.go:300.20,303.14 3 0
github.com/tekugo/zeichenwerk/canvas.go:304.20,306.14 1 0
github.com/tekugo/zeichenwerk/canvas.go:307.21,309.13 2 0
github.com/tekugo/zeichenwerk/canvas.go:310.12,312.15 2 0
github.com/tekugo/zeichenwerk/canvas.go:313.12,315.15 2 0
github.com/tekugo/zeichenwerk/canvas.go:316.12,318.15 2 0
github.com/tekugo/zeichenwerk/canvas.go:319.12,321.15 2 0
github.com/tekugo/zeichenwerk/canvas.go:322.17,325.15 3 0
github.com/tekugo/zeichenwerk/canvas.go:327.3,327.15 1 0
github.com/tekugo/zeichenwerk/canvas.go:328.10,329.15 1 0
github.com/tekugo/zeichenwerk/canvas.go:337.61,338.19 1 0
github.com/tekugo/zeichenwerk/canvas.go:339.20,342.14 3 0
github.com/tekugo/zeichenwerk/canvas.go:343.65,346.14 2 0
github.com/tekugo/zeichenwerk/canvas.go:347.21,350.14 3 0
github.com/tekugo/zeichenwerk/canvas.go:351.20,354.14 3 0
github.com/tekugo/zeichenwerk/canvas.go:355.21,357.50 2 0
github.com/tekugo/zeichenwerk/canvas.go:357.50,360.4 2 0
github.com/tekugo/zeichenwerk/canvas.go:361.3,361.15 1 0
github.com/tekugo/zeichenwerk/canvas.go:362.10,363.15 1 0
github.com/tekugo/zeichenwerk/canvas.go:369.35,373.14 3 1
github.com/tekugo/zeichenwerk/canvas.go:373.14,375.3 1 1
github.com/tekugo/zeichenwerk/canvas.go:375.8,375.44 1 1
github.com/tekugo/zeichenwerk/canvas.go:375.44,377.3 1 0
github.com/tekugo/zeichenwerk/canvas.go:379.2,379.14 1 1
github.com/tekugo/zeichenwerk/canvas.go:379.14,381.3 1 1
github.com/tekugo/zeichenwerk/canvas.go:381.8,381.41 1 1
github.com/tekugo/zeichenwerk/canvas.go:381.41,383.3 1 0
github.com/tekugo/zeichenwerk/canvas.go:385.2,387.13 3 1
github.com/tekugo/zeichenwerk/canvas.go:394.45,397.38 3 0
github.com/tekugo/zeichenwerk/canvas.go:397.38,399.3 1 0
github.com/tekugo/zeichenwerk/canvas.go:400.2,401.35 2 0
github.com/tekugo/zeichenwerk/canvas.go:401.35,403.3 1 0
github.com/tekugo/zeichenwerk/canvas.go:412.38,415.25 2 0
github.com/tekugo/zeichenwerk/canvas.go:415.25,416.26 1 0
github.com/tekugo/zeichenwerk/canvas.go:416.26,418.36 2 0
github.com/tekugo/zeichenwerk/canvas.go:418.36,420.21 2 0
github.com/tekugo/zeichenwerk/canvas.go:420.21,422.6 1 0
github.com/tekugo/zeichenwerk/canvas.go:423.5,424.35 2 0
github.com/tekugo/zeichenwerk/canvas.go:425.10,427.33 2 0
github.com/tekugo/zeichenwerk/canvas.go:427.33,430.6 2 0
github.com/tekugo/zeichenwerk/cell-buffer.go:17.34,17.59 1 0
github.com/tekugo/zeichenwerk/cell-buffer.go:20.37,22.2 1 0
github.com/tekugo/zeichenwerk/cell-buffer.go:26.33,27.23 1 0
github.com/tekugo/zeichenwerk/cell-buffer.go:27.23,29.3 1 0
github.com/tekugo/zeichenwerk/cell-buffer.go:30.2,30.23 1 0
github.com/tekugo/zeichenwerk/cell-buffer.go:30.23,33.3 1 0
github.com/tekugo/zeichenwerk/cell-buffer.go:35.2,36.26 2 0
github.com/tekugo/zeichenwerk/cell-buffer.go:36.26,38.3 1 0
github.com/tekugo/zeichenwerk/cell-buffer.go:39.2,40.61 2 0
github.com/tekugo/zeichenwerk/cell-buffer.go:46.13,69.25 3 1
github.com/tekugo/zeichenwerk/cell-buffer.go:69.25,72.3 2 1
github.com/tekugo/zeichenwerk/cell-buffer.go:74.2,74.31 1 1
github.com/tekugo/zeichenwerk/cell-buffer.go:74.31,75.13 1 1
github.com/tekugo/zeichenwerk/cell-buffer.go:75.13,77.4 1 1
github.com/tekugo/zeichenwerk/cell-buffer.go:78.3,78.26 1 1
github.com/tekugo/zeichenwerk/cell-buffer.go:80.2,80.25 1 1
github.com/tekugo/zeichenwerk/cell-buffer.go:80.25,81.26 1 1
github.com/tekugo/zeichenwerk/cell-buffer.go:81.26,82.27 1 1
github.com/tekugo/zeichenwerk/cell-buffer.go:82.27,84.5 1 1
github.com/tekugo/zeichenwerk/cell-buffer.go:88.2,88.26 1 1
github.com/tekugo/zeichenwerk/cell-buffer.go:88.26,91.3 2 1
github.com/tekugo/zeichenwerk/cell-buffer.go:125.50,127.2 1 0
github.com/tekugo/zeichenwerk/cell-buffer.go:132.38,134.24 2 0
github.com/tekugo/zeichenwerk/cell-buffer.go:134.24,136.3 1 0
github.com/tekugo/zeichenwerk/cell-buffer.go:137.2,137.26 1 0
github.com/tekugo/zeichenwerk/cell-buffer.go:137.26,139.3 1 0
github.com/tekugo/zeichenwerk/cell-buffer.go:140.2,140.25 1 0
github.com/tekugo/zeichenwerk/cell-buffer.go:140.25,142.3 1 0
github.com/tekugo/zeichenwerk/cell-buffer.go:143.2,143.26 1 0
github.com/tekugo/zeichenwerk/cell-buffer.go:143.26,145.3 1 0
github.com/tekugo/zeichenwerk/cell-buffer.go:146.2,146.26 1 0
github.com/tekugo/zeichenwerk/cell-buffer.go:146.26,148.3 1 0
github.com/tekugo/zeichenwerk/cell-buffer.go:149.2,150.26 2 0
github.com/tekugo/zeichenwerk/cell-buffer.go:150.26,151.12 1 0
github.com/tekugo/zeichenwerk/cell-buffer.go:151.12,153.4 1 0
github.com/tekugo/zeichenwerk/cell-buffer.go:154.3,154.14 1 0
github.com/tekugo/zeichenwerk/cell-buffer.go:156.2,156.15 1 0
github.com/tekugo/zeichenwerk/cell-buffer.go:174.42,175.20 1 0
github.com/tekugo/zeichenwerk/cell-buffer.go:175.20,176.56 1 0
github.com/tekugo/zeichenwerk/cell-buffer.go:178.2,186.3 2 0
github.com/tekugo/zeichenwerk/cell-buffer.go:189.35,189.49 1 0
github.com/tekugo/zeichenwerk/cell-buffer.go:190.35,190.49 1 0
github.com/tekugo/zeichenwerk/cell-buffer.go:194.78,195.44 1 0
github.com/tekugo/zeichenwerk/cell-buffer.go:195.44,197.3 1 0
github.com/tekugo/zeichenwerk/cell-buffer.go:198.2,205.8 8 0
github.com/tekugo/zeichenwerk/cell-buffer.go:210.77,211.44 1 0
github.com/tekugo/zeichenwerk/cell-buffer.go:211.44,213.3 1 0
github.com/tekugo/zeichenwerk/cell-buffer.go:214.2,218.22 5 0
github.com/tekugo/zeichenwerk/cell-buffer.go:223.49,224.44 1 0
github.com/tekugo/zeichenwerk/cell-buffer.go:224.44,226.3 1 0
github.com/tekugo/zeichenwerk/cell-buffer.go:227.2,228.71 2 0
github.com/tekugo/zeichenwerk/cell-buffer.go:232.30,237.2 4 0
github.com/tekugo/zeichenwerk/cell-buffer.go:240.47,241.23 1 0
github.com/tekugo/zeichenwerk/cell-buffer.go:241.23,243.3 1 0
github.com/tekugo/zeichenwerk/cell-buffer.go:244.2,244.12 1 0
github.com/tekugo/zeichenwerk/cell-buffer.go:244.12,246.3 1 0
github.com/tekugo/zeichenwerk/cell-buffer.go:247.2,247.14 1 0
github.com/tekugo/zeichenwerk/cell-buffer.go:247.14,249.3 1 0
github.com/tekugo/zeichenwerk/cell-buffer.go:250.2,250.27 1 0
github.com/tekugo/zeichenwerk/cell-buffer.go:250.27,256.3 5 0
github.com/tekugo/zeichenwerk/cell-buffer.go:260.67,261.23 1 0
github.com/tekugo/zeichenwerk/cell-buffer.go:261.23,263.3 1 0
github.com/tekugo/zeichenwerk/cell-buffer.go:264.2,264.12 1 0
github.com/tekugo/zeichenwerk/cell-buffer.go:264.12,266.3 1 0
github.com/tekugo/zeichenwerk/cell-buffer.go:267.2,267.14 1 0
github.com/tekugo/zeichenwerk/cell-buffer.go:267.14,269.3 1 0
github.com/tekugo/zeichenwerk/cell-buffer.go:270.2,270.27 1 0
github.com/tekugo/zeichenwerk/cell-buffer.go:270.27,276.3 5 0
github.com/tekugo/zeichenwerk/cell-buffer.go:281.39,282.20 1 0
github.com/tekugo/zeichenwerk/cell-buffer.go:282.20,283.56 1 0
github.com/tekugo/zeichenwerk/cell-buffer.go:285.2,285.26 1 0
github.com/tekugo/zeichenwerk/cell-buffer.go:285.26,287.3 1 0
github.com/tekugo/zeichenwerk/cell-buffer.go:288.2,295.15 7 0
github.com/tekugo/zeichenwerk/cell-buffer.go:295.15,297.3 1 0
github.com/tekugo/zeichenwerk/cell-buffer.go:298.2,299.15 2 0
github.com/tekugo/zeichenwerk/cell-buffer.go:299.15,301.3 1 0
github.com/tekugo/zeichenwerk/cell-buffer.go:302.2,302.29 1 0
github.com/tekugo/zeichenwerk/cell-buffer.go:302.29,303.30 1 0
github.com/tekugo/zeichenwerk/cell-buffer.go:303.30,310.4 6 0
github.com/tekugo/zeichenwerk/cell-buffer.go:312.2,317.9 6 0
github.com/tekugo/zeichenwerk/cell-buffer.go:322.42,323.48 1 0
github.com/tekugo/zeichenwerk/cell-buffer.go:323.48,325.3 1 0
github.com/tekugo/zeichenwerk/cell-buffer.go:326.2,329.56 4 0
github.com/tekugo/zeichenwerk/checkbox.go:36.66,48.2 8 1
github.com/tekugo/zeichenwerk/checkbox.go:53.40,55.2 1 0
github.com/tekugo/zeichenwerk/checkbox.go:58.30,60.2 1 1
github.com/tekugo/zeichenwerk/checkbox.go:65.36,68.2 2 1
github.com/tekugo/zeichenwerk/checkbox.go:73.37,75.2 1 0
github.com/tekugo/zeichenwerk/checkbox.go:82.29,83.26 1 1
github.com/tekugo/zeichenwerk/checkbox.go:83.26,85.3 1 1
github.com/tekugo/zeichenwerk/checkbox.go:86.2,88.13 3 1
github.com/tekugo/zeichenwerk/checkbox.go:99.58,100.26 1 1
github.com/tekugo/zeichenwerk/checkbox.go:100.26,102.3 1 1
github.com/tekugo/zeichenwerk/checkbox.go:103.2,103.21 1 1
github.com/tekugo/zeichenwerk/checkbox.go:104.22,106.14 2 1
github.com/tekugo/zeichenwerk/checkbox.go:107.21,109.25 1 1
github.com/tekugo/zeichenwerk/checkbox.go:109.25,112.4 2 1
github.com/tekugo/zeichenwerk/checkbox.go:114.2,114.14 1 0
github.com/tekugo/zeichenwerk/checkbox.go:123.62,124.26 1 1
github.com/tekugo/zeichenwerk/checkbox.go:124.26,126.3 1 1
github.com/tekugo/zeichenwerk/checkbox.go:127.2,131.50 3 1
github.com/tekugo/zeichenwerk/checkbox.go:131.50,132.26 1 1
github.com/tekugo/zeichenwerk/checkbox.go:133.22,135.15 2 1
github.com/tekugo/zeichenwerk/checkbox.go:139.2,139.14 1 1
github.com/tekugo/zeichenwerk/checkbox.go:144.40,146.20 2 1
github.com/tekugo/zeichenwerk/checkbox.go:146.20,148.3 1 0
github.com/tekugo/zeichenwerk/checkbox.go:151.2,155.25 3 1
github.com/tekugo/zeichenwerk/checkbox.go:155.25,157.3 1 1
github.com/tekugo/zeichenwerk/checkbox.go:157.8,159.3 1 1
github.com/tekugo/zeichenwerk/checkbox.go:162.2,162.12 1 1
github.com/tekugo/zeichenwerk/checkbox.go:162.12,164.3 1 1
github.com/tekugo/zeichenwerk/checkbox.go:167.2,167.27 1 1
github.com/tekugo/zeichenwerk/checkbox.go:167.27,171.3 3 1
github.com/tekugo/zeichenwerk/collapsible.go:23.74,33.2 5 1
github.com/tekugo/zeichenwerk/collapsible.go:37.63,38.19 1 1
github.com/tekugo/zeichenwerk/collapsible.go:38.19,40.3 1 0
github.com/tekugo/zeichenwerk/collapsible.go:41.2,41.20 1 1
github.com/tekugo/zeichenwerk/collapsible.go:41.20,43.3 1 1
github.com/tekugo/zeichenwerk/collapsible.go:44.2,47.12 4 1
github.com/tekugo/zeichenwerk/collapsible.go:51.43,54.2 2 0
github.com/tekugo/zeichenwerk/collapsible.go:57.43,58.20 1 1
github.com/tekugo/zeichenwerk/collapsible.go:58.20,60.3 1 1
github.com/tekugo/zeichenwerk/collapsible.go:61.2,61.26 1 1
github.com/tekugo/zeichenwerk/collapsible.go:71.41,72.37 1 1
github.com/tekugo/zeichenwerk/collapsible.go:72.37,74.3 1 0
github.com/tekugo/zeichenwerk/collapsible.go:75.2,76.20 2 1
github.com/tekugo/zeichenwerk/collapsible.go:76.20,78.3 1 1
github.com/tekugo/zeichenwerk/collapsible.go:79.2,79.16 1 1
github.com/tekugo/zeichenwerk/collapsible.go:79.16,80.18 1 1
github.com/tekugo/zeichenwerk/collapsible.go:80.18,82.4 1 1
github.com/tekugo/zeichenwerk/collapsible.go:83.3,83.28 1 1
github.com/tekugo/zeichenwerk/collapsible.go:85.2,85.18 1 1
github.com/tekugo/zeichenwerk/collapsible.go:89.38,91.34 2 1
github.com/tekugo/zeichenwerk/collapsible.go:91.34,93.3 1 1
github.com/tekugo/zeichenwerk/collapsible.go:94.2,94.18 1 1
github.com/tekugo/zeichenwerk/collapsible.go:99.43,104.17 4 0
github.com/tekugo/zeichenwerk/collapsible.go:104.17,106.3 1 0
github.com/tekugo/zeichenwerk/collapsible.go:107.2,113.16 5 0
github.com/tekugo/zeichenwerk/collapsible.go:113.16,115.3 1 0
github.com/tekugo/zeichenwerk/collapsible.go:116.2,118.34 2 0
github.com/tekugo/zeichenwerk/collapsible.go:118.34,120.3 1 0
github.com/tekugo/zeichenwerk/collapsible.go:124.32,126.20 2 1
github.com/tekugo/zeichenwerk/collapsible.go:126.20,128.3 1 1
github.com/tekugo/zeichenwerk/collapsible.go:129.2,130.38 2 1
github.com/tekugo/zeichenwerk/collapsible.go:136.34,138.20 2 1
github.com/tekugo/zeichenwerk/collapsible.go:138.20,139.25 1 1
github.com/tekugo/zeichenwerk/collapsible.go:139.25,140.34 1 1
github.com/tekugo/zeichenwerk/collapsible.go:140.34,142.5 1 0
github.com/tekugo/zeichenwerk/collapsible.go:144.3,144.36 1 1
github.com/tekugo/zeichenwerk/collapsible.go:146.2,147.38 2 1
github.com/tekugo/zeichenwerk/collapsible.go:151.36,152.30 1 1
github.com/tekugo/zeichenwerk/collapsible.go:152.30,154.3 1 1
github.com/tekugo/zeichenwerk/collapsible.go:155.2,155.45 1 1
github.com/tekugo/zeichenwerk/collapsible.go:155.45,156.46 1 1
github.com/tekugo/zeichenwerk/collapsible.go:156.46,157.24 1 1
github.com/tekugo/zeichenwerk/collapsible.go:157.24,159.5 1 1
github.com/tekugo/zeichenwerk/collapsible.go:162.2,162.14 1 1
github.com/tekugo/zeichenwerk/collapsible.go:166.32,167.16 1 1
github.com/tekugo/zeichenwerk/collapsible.go:167.16,169.3 1 1
github.com/tekugo/zeichenwerk/collapsible.go:169.8,171.3 1 1
github.com/tekugo/zeichenwerk/collapsible.go:175.39,177.2 1 1
github.com/tekugo/zeichenwerk/collapsible.go:179.58,180.18 1 1
github.com/tekugo/zeichenwerk/collapsible.go:181.22,183.14 2 1
github.com/tekugo/zeichenwerk/collapsible.go:184.21,185.22 1 1
github.com/tekugo/zeichenwerk/collapsible.go:185.22,188.4 2 1
github.com/tekugo/zeichenwerk/collapsible.go:189.22,190.18 1 1
github.com/tekugo/zeichenwerk/collapsible.go:190.18,192.4 1 1
github.com/tekugo/zeichenwerk/collapsible.go:193.3,193.14 1 1
github.com/tekugo/zeichenwerk/collapsible.go:194.21,195.17 1 1
github.com/tekugo/zeichenwerk/collapsible.go:195.17,197.4 1 1
github.com/tekugo/zeichenwerk/collapsible.go:198.3,198.14 1 1
github.com/tekugo/zeichenwerk/collapsible.go:200.2,200.14 1 0
github.com/tekugo/zeichenwerk/collapsible.go:203.62,207.19 4 0
github.com/tekugo/zeichenwerk/collapsible.go:207.19,208.23 1 0
github.com/tekugo/zeichenwerk/collapsible.go:209.22,211.15 2 0
github.com/tekugo/zeichenwerk/collapsible.go:214.2,214.14 1 0
github.com/tekugo/zeichenwerk/color.go:13.49,15.19 2 1
github.com/tekugo/zeichenwerk/color.go:15.19,19.3 3 1
github.com/tekugo/zeichenwerk/color.go:20.2,20.37 1 1
github.com/tekugo/zeichenwerk/color.go:24.35,26.2 1 1
github.com/tekugo/zeichenwerk/color.go:30.50,31.51 1 1
github.com/tekugo/zeichenwerk/color.go:31.51,33.3 1 1
github.com/tekugo/zeichenwerk/color.go:34.2,39.3 2 1
github.com/tekugo/zeichenwerk/color.go:45.47,46.12 1 1
github.com/tekugo/zeichenwerk/color.go:46.12,48.3 1 1
github.com/tekugo/zeichenwerk/color.go:49.2,49.12 1 1
github.com/tekugo/zeichenwerk/color.go:49.12,51.3 1 1
github.com/tekugo/zeichenwerk/color.go:52.2,54.33 3 1
github.com/tekugo/zeichenwerk/color.go:54.33,56.3 1 1
github.com/tekugo/zeichenwerk/color.go:57.2,57.57 1 1
github.com/tekugo/zeichenwerk/combo.go:26.56,32.56 3 0
github.com/tekugo/zeichenwerk/combo.go:32.56,35.3 2 0
github.com/tekugo/zeichenwerk/combo.go:36.2,36.42 1 0
github.com/tekugo/zeichenwerk/combo.go:36.42,37.34 1 0
github.com/tekugo/zeichenwerk/combo.go:37.34,40.4 2 0
github.com/tekugo/zeichenwerk/combo.go:41.3,41.15 1 0
github.com/tekugo/zeichenwerk/combo.go:43.2,43.10 1 0
github.com/tekugo/zeichenwerk/combo.go:47.37,49.2 1 0
github.com/tekugo/zeichenwerk/combo.go:52.35,53.37 1 0
github.com/tekugo/zeichenwerk/combo.go:53.37,55.3 1 0
github.com/tekugo/zeichenwerk/combo.go:56.2,57.31 2 0
github.com/tekugo/zeichenwerk/combo.go:57.31,58.50 1 0
github.com/tekugo/zeichenwerk/combo.go:58.50,60.4 1 0
github.com/tekugo/zeichenwerk/combo.go:62.2,62.20 1 0
github.com/tekugo/zeichenwerk/combo.go:66.37,67.24 1 0
github.com/tekugo/zeichenwerk/combo.go:67.24,69.3 1 0
github.com/tekugo/zeichenwerk/combo.go:70.2,72.12 3 0
github.com/tekugo/zeichenwerk/combo.go:72.12,74.3 1 0
github.com/tekugo/zeichenwerk/combo.go:75.2,76.31 2 0
github.com/tekugo/zeichenwerk/combo.go:80.32,82.2 1 0
github.com/tekugo/zeichenwerk/combo.go:85.42,87.2 1 0
github.com/tekugo/zeichenwerk/combo.go:90.25,92.15 2 0
github.com/tekugo/zeichenwerk/combo.go:92.15,94.3 1 0
github.com/tekugo/zeichenwerk/combo.go:96.2,97.15 2 0
github.com/tekugo/zeichenwerk/combo.go:97.15,99.3 1 0
github.com/tekugo/zeichenwerk/combo.go:100.2,101.16 2 0
github.com/tekugo/zeichenwerk/combo.go:101.16,103.3 1 0
github.com/tekugo/zeichenwerk/combo.go:105.2,123.42 6 0
github.com/tekugo/zeichenwerk/combo.go:123.42,127.3 3 0
github.com/tekugo/zeichenwerk/combo.go:130.2,130.46 1 0
github.com/tekugo/zeichenwerk/combo.go:130.46,131.20 1 0
github.com/tekugo/zeichenwerk/combo.go:132.22,135.15 3 0
github.com/tekugo/zeichenwerk/combo.go:136.20,139.15 3 0
github.com/tekugo/zeichenwerk/combo.go:140.22,143.15 3 0
github.com/tekugo/zeichenwerk/combo.go:144.22,147.15 3 0
github.com/tekugo/zeichenwerk/combo.go:148.23,152.15 4 0
github.com/tekugo/zeichenwerk/combo.go:153.21,155.15 2 0
github.com/tekugo/zeichenwerk/combo.go:157.3,157.15 1 0
github.com/tekugo/zeichenwerk/combo.go:160.2,162.26 3 0
github.com/tekugo/zeichenwerk/combo.go:162.26,164.3 1 0
github.com/tekugo/zeichenwerk/combo.go:165.2,165.52 1 0
github.com/tekugo/zeichenwerk/combo.go:170.51,172.21 2 0
github.com/tekugo/zeichenwerk/combo.go:172.21,174.3 1 0
github.com/tekugo/zeichenwerk/combo.go:175.2,176.34 2 0
github.com/tekugo/zeichenwerk/combo.go:176.34,178.3 1 0
github.com/tekugo/zeichenwerk/combo.go:179.2,180.13 2 0
github.com/tekugo/zeichenwerk/component.go:48.48,50.2 1 1
github.com/tekugo/zeichenwerk/component.go:53.41,55.2 1 0
github.com/tekugo/zeichenwerk/component.go:61.51,63.2 1 1
github.com/tekugo/zeichenwerk/component.go:66.36,68.2 1 0
github.com/tekugo/zeichenwerk/component.go:74.52,76.18 2 1
github.com/tekugo/zeichenwerk/component.go:76.18,78.3 1 0
github.com/tekugo/zeichenwerk/component.go:78.8,83.3 1 1
github.com/tekugo/zeichenwerk/component.go:93.49,95.2 1 0
github.com/tekugo/zeichenwerk/component.go:107.76,108.23 1 1
github.com/tekugo/zeichenwerk/component.go:108.23,110.3 1 1
github.com/tekugo/zeichenwerk/component.go:111.2,113.8 3 1
github.com/tekugo/zeichenwerk/component.go:113.8,114.36 1 1
github.com/tekugo/zeichenwerk/component.go:114.36,116.15 2 1
github.com/tekugo/zeichenwerk/component.go:116.15,118.5 1 1
github.com/tekugo/zeichenwerk/component.go:121.2,121.14 1 1
github.com/tekugo/zeichenwerk/component.go:132.42,133.21 1 1
github.com/tekugo/zeichenwerk/component.go:133.21,135.3 1 1
github.com/tekugo/zeichenwerk/component.go:136.2,136.23 1 1
github.com/tekugo/zeichenwerk/component.go:150.39,152.2 1 1
github.com/tekugo/zeichenwerk/component.go:161.33,163.2 1 1
github.com/tekugo/zeichenwerk/component.go:172.35,175.21 3 0
github.com/tekugo/zeichenwerk/component.go:175.21,177.3 1 0
github.com/tekugo/zeichenwerk/component.go:178.2,179.103 1 0
github.com/tekugo/zeichenwerk/component.go:192.80,193.21 1 1
github.com/tekugo/zeichenwerk/component.go:193.21,195.3 1 0
github.com/tekugo/zeichenwerk/component.go:207.54,208.23 1 1
github.com/tekugo/zeichenwerk/component.go:208.23,210.3 1 1
github.com/tekugo/zeichenwerk/component.go:211.2,211.70 1 1
github.com/tekugo/zeichenwerk/component.go:217.40,219.2 1 1
github.com/tekugo/zeichenwerk/component.go:229.31,230.21 1 1
github.com/tekugo/zeichenwerk/component.go:230.21,232.3 1 0
github.com/tekugo/zeichenwerk/component.go:248.41,250.24 1 1
github.com/tekugo/zeichenwerk/component.go:250.24,252.3 1 1
github.com/tekugo/zeichenwerk/component.go:255.2,256.17 2 1
github.com/tekugo/zeichenwerk/component.go:256.17,258.3 1 0
github.com/tekugo/zeichenwerk/component.go:259.2,263.30 3 1
github.com/tekugo/zeichenwerk/component.go:263.30,267.3 2 1
github.com/tekugo/zeichenwerk/component.go:270.2,271.38 2 1
github.com/tekugo/zeichenwerk/component.go:271.38,273.21 2 0
github.com/tekugo/zeichenwerk/component.go:273.21,277.22 4 0
github.com/tekugo/zeichenwerk/component.go:277.22,279.5 1 0
github.com/tekugo/zeichenwerk/component.go:280.4,280.21 1 0
github.com/tekugo/zeichenwerk/component.go:281.9,283.4 1 0
github.com/tekugo/zeichenwerk/component.go:284.3,286.62 3 0
github.com/tekugo/zeichenwerk/component.go:295.47,296.19 1 1
github.com/tekugo/zeichenwerk/component.go:296.19,298.3 1 1
github.com/tekugo/zeichenwerk/component.go:299.2,299.16 1 1
github.com/tekugo/zeichenwerk/component.go:299.16,301.3 1 1
github.com/tekugo/zeichenwerk/component.go:302.2,302.10 1 1
github.com/tekugo/zeichenwerk/component.go:314.56,316.2 1 1
github.com/tekugo/zeichenwerk/component.go:319.44,321.2 1 0
github.com/tekugo/zeichenwerk/component.go:329.52,330.21 1 1
github.com/tekugo/zeichenwerk/component.go:330.21,332.3 1 1
github.com/tekugo/zeichenwerk/component.go:333.2,333.24 1 1
github.com/tekugo/zeichenwerk/component.go:342.48,345.2 2 1
github.com/tekugo/zeichenwerk/component.go:351.49,353.2 1 1
github.com/tekugo/zeichenwerk/component.go:356.36,357.9 1 1
github.com/tekugo/zeichenwerk/component.go:358.28,359.30 1 1
github.com/tekugo/zeichenwerk/component.go:360.27,361.29 1 1
github.com/tekugo/zeichenwerk/component.go:362.27,363.29 1 1
github.com/tekugo/zeichenwerk/component.go:364.27,365.29 1 0
github.com/tekugo/zeichenwerk/component.go:367.2,367.11 1 1
github.com/tekugo/zeichenwerk/component.go:378.61,379.21 1 1
github.com/tekugo/zeichenwerk/component.go:379.21,381.3 1 1
github.com/tekugo/zeichenwerk/component.go:382.2,382.18 1 1
github.com/tekugo/zeichenwerk/component.go:382.18,384.3 1 1
github.com/tekugo/zeichenwerk/component.go:384.8,386.3 1 1
github.com/tekugo/zeichenwerk/component.go:411.54,415.23 2 1
github.com/tekugo/zeichenwerk/component.go:415.23,417.3 1 1
github.com/tekugo/zeichenwerk/component.go:417.8,419.19 2 1
github.com/tekugo/zeichenwerk/component.go:419.19,421.4 1 1
github.com/tekugo/zeichenwerk/component.go:425.2,425.21 1 1
github.com/tekugo/zeichenwerk/component.go:425.21,427.3 1 1
github.com/tekugo/zeichenwerk/component.go:430.2,430.39 1 1
github.com/tekugo/zeichenwerk/component.go:430.39,432.3 1 1
github.com/tekugo/zeichenwerk/component.go:435.2,436.21 2 1
github.com/tekugo/zeichenwerk/component.go:436.21,438.21 1 1
github.com/tekugo/zeichenwerk/component.go:438.21,439.43 1 1
github.com/tekugo/zeichenwerk/component.go:439.43,441.5 1 1
github.com/tekugo/zeichenwerk/component.go:444.3,444.21 1 1
github.com/tekugo/zeichenwerk/component.go:444.21,445.47 1 1
github.com/tekugo/zeichenwerk/component.go:445.47,447.5 1 1
github.com/tekugo/zeichenwerk/component.go:452.2,452.25 1 1
github.com/tekugo/zeichenwerk/component.go:452.25,454.3 1 1
github.com/tekugo/zeichenwerk/component.go:455.2,455.21 1 1
github.com/tekugo/zeichenwerk/component.go:465.39,466.21 1 1
github.com/tekugo/zeichenwerk/component.go:466.21,468.3 1 0
github.com/tekugo/zeichenwerk/component.go:469.2,469.44 1 1
github.com/tekugo/zeichenwerk/container.go:30.50,31.26 1 0
github.com/tekugo/zeichenwerk/container.go:31.26,33.3 1 0
github.com/tekugo/zeichenwerk/container.go:34.2,34.45 1 0
github.com/tekugo/zeichenwerk/container.go:34.45,35.23 1 0
github.com/tekugo/zeichenwerk/container.go:35.23,37.4 1 0
github.com/tekugo/zeichenwerk/container.go:38.3,39.9 2 0
github.com/tekugo/zeichenwerk/container.go:39.9,41.21 2 0
github.com/tekugo/zeichenwerk/container.go:41.21,43.5 1 0
github.com/tekugo/zeichenwerk/container.go:46.2,46.12 1 0
github.com/tekugo/zeichenwerk/container.go:51.46,53.47 2 0
github.com/tekugo/zeichenwerk/container.go:53.47,54.32 1 0
github.com/tekugo/zeichenwerk/container.go:54.32,56.4 1 0
github.com/tekugo/zeichenwerk/container.go:57.3,57.14 1 0
github.com/tekugo/zeichenwerk/container.go:59.2,59.15 1 0
github.com/tekugo/zeichenwerk/container.go:71.51,75.50 2 0
github.com/tekugo/zeichenwerk/container.go:75.50,77.3 1 0
github.com/tekugo/zeichenwerk/container.go:79.2,79.45 1 0
github.com/tekugo/zeichenwerk/container.go:79.45,81.15 2 0
github.com/tekugo/zeichenwerk/container.go:81.15,82.12 1 0
github.com/tekugo/zeichenwerk/container.go:84.3,85.51 2 0
github.com/tekugo/zeichenwerk/container.go:85.51,87.10 2 0
github.com/tekugo/zeichenwerk/container.go:87.10,89.22 2 0
github.com/tekugo/zeichenwerk/container.go:89.22,91.6 1 0
github.com/tekugo/zeichenwerk/container.go:93.4,93.16 1 0
github.com/tekugo/zeichenwerk/container.go:97.2,97.18 1 0
github.com/tekugo/zeichenwerk/container.go:106.40,108.45 2 1
github.com/tekugo/zeichenwerk/container.go:108.45,109.41 1 1
github.com/tekugo/zeichenwerk/container.go:109.41,110.40 1 0
github.com/tekugo/zeichenwerk/container.go:110.40,112.5 1 0
github.com/tekugo/zeichenwerk/container.go:115.2,115.12 1 1
github.com/tekugo/zeichenwerk/container.go:124.58,125.45 1 0
github.com/tekugo/zeichenwerk/container.go:125.45,126.17 1 0
github.com/tekugo/zeichenwerk/container.go:126.17,127.12 1 0
github.com/tekugo/zeichenwerk/container.go:129.3,129.41 1 0
github.com/tekugo/zeichenwerk/container.go:129.41,131.4 1 0
github.com/tekugo/zeichenwerk/crt.go:49.36,55.2 1 0
github.com/tekugo/zeichenwerk/crt.go:60.35,62.2 1 0
github.com/tekugo/zeichenwerk/crt.go:65.33,66.37 1 0
github.com/tekugo/zeichenwerk/crt.go:66.37,68.3 1 0
github.com/tekugo/zeichenwerk/crt.go:69.2,69.20 1 0
github.com/tekugo/zeichenwerk/crt.go:69.20,71.3 1 0
github.com/tekugo/zeichenwerk/crt.go:72.2,76.13 5 0
github.com/tekugo/zeichenwerk/crt.go:81.30,82.20 1 0
github.com/tekugo/zeichenwerk/crt.go:82.20,88.3 5 0
github.com/tekugo/zeichenwerk/crt.go:89.2,89.18 1 0
github.com/tekugo/zeichenwerk/crt.go:94.35,95.20 1 0
github.com/tekugo/zeichenwerk/crt.go:95.20,97.3 1 0
github.com/tekugo/zeichenwerk/crt.go:99.2,105.15 6 0
github.com/tekugo/zeichenwerk/crt.go:106.20,107.20 1 0
github.com/tekugo/zeichenwerk/crt.go:109.18,110.20 1 0
github.com/tekugo/zeichenwerk/crt.go:110.20,112.4 1 0
github.com/tekugo/zeichenwerk/crt.go:113.3,113.24 1 0
github.com/tekugo/zeichenwerk/crt.go:115.19,119.15 3 0
github.com/tekugo/zeichenwerk/crt.go:119.15,121.4 1 0
github.com/tekugo/zeichenwerk/crt.go:127.49,129.22 2 0
github.com/tekugo/zeichenwerk/crt.go:129.22,131.3 1 0
github.com/tekugo/zeichenwerk/crt.go:132.2,132.15 1 0
github.com/tekugo/zeichenwerk/crt.go:132.15,134.3 1 0
github.com/tekugo/zeichenwerk/crt.go:135.2,140.19 6 0
github.com/tekugo/zeichenwerk/crt.go:146.50,147.20 1 0
github.com/tekugo/zeichenwerk/crt.go:147.20,149.3 1 0
github.com/tekugo/zeichenwerk/crt.go:150.2,150.19 1 0
github.com/tekugo/zeichenwerk/crt.go:150.19,152.3 1 0
github.com/tekugo/zeichenwerk/crt.go:153.2,154.12 2 0
github.com/tekugo/zeichenwerk/crt.go:158.35,159.20 1 0
github.com/tekugo/zeichenwerk/crt.go:159.20,161.3 1 0
github.com/tekugo/zeichenwerk/crt.go:162.2,162.19 1 0
github.com/tekugo/zeichenwerk/crt.go:170.45,173.21 3 0
github.com/tekugo/zeichenwerk/crt.go:173.21,175.3 1 0
github.com/tekugo/zeichenwerk/crt.go:176.2,178.28 3 0
github.com/tekugo/zeichenwerk/crt.go:186.63,191.46 2 0
github.com/tekugo/zeichenwerk/crt.go:191.46,196.10 4 0
github.com/tekugo/zeichenwerk/crt.go:197.29,197.29 0 0
github.com/tekugo/zeichenwerk/crt.go:198.11,198.11 0 0
github.com/tekugo/zeichenwerk/crt.go:200.3,202.14 2 0
github.com/tekugo/zeichenwerk/crt.go:205.2,205.21 1 0
github.com/tekugo/zeichenwerk/crt.go:205.21,208.3 2 0
github.com/tekugo/zeichenwerk/crt.go:212.2,212.29 1 0
github.com/tekugo/zeichenwerk/crt.go:212.29,214.3 1 0
github.com/tekugo/zeichenwerk/crt.go:215.2,220.12 5 0
github.com/tekugo/zeichenwerk/crt.go:220.12,222.20 2 0
github.com/tekugo/zeichenwerk/crt.go:222.20,224.4 1 0
github.com/tekugo/zeichenwerk/crt.go:232.54,242.12 7 0
github.com/tekugo/zeichenwerk/crt.go:242.12,243.16 1 0
github.com/tekugo/zeichenwerk/crt.go:243.16,246.29 3 0
github.com/tekugo/zeichenwerk/crt.go:246.29,248.5 1 0
github.com/tekugo/zeichenwerk/crt.go:249.4,250.17 2 0
github.com/tekugo/zeichenwerk/crt.go:253.3,253.7 1 0
github.com/tekugo/zeichenwerk/crt.go:253.7,254.11 1 0
github.com/tekugo/zeichenwerk/crt.go:255.18,256.11 1 0
github.com/tekugo/zeichenwerk/crt.go:257.23,261.19 4 0
github.com/tekugo/zeichenwerk/crt.go:261.19,263.6 1 0
github.com/tekugo/zeichenwerk/crt.go:271.27,272.17 1 0
github.com/tekugo/zeichenwerk/crt.go:273.18,275.22 2 0
github.com/tekugo/zeichenwerk/crt.go:275.22,280.4 4 0
github.com/tekugo/zeichenwerk/crt.go:281.3,282.14 2 0
github.com/tekugo/zeichenwerk/crt.go:284.19,286.18 2 0
github.com/tekugo/zeichenwerk/crt.go:286.18,290.4 3 0
github.com/tekugo/zeichenwerk/crt.go:291.3,292.14 2 0
github.com/tekugo/zeichenwerk/crt.go:294.2,294.14 1 0
github.com/tekugo/zeichenwerk/custom.go:12.70,17.2 1 0
github.com/tekugo/zeichenwerk/custom.go:20.38,22.2 1 0
github.com/tekugo/zeichenwerk/custom.go:28.45,31.23 2 0
github.com/tekugo/zeichenwerk/custom.go:31.23,33.3 1 0
github.com/tekugo/zeichenwerk/deck.go:37.73,38.20 1 1
github.com/tekugo/zeichenwerk/deck.go:38.20,39.41 1 1
github.com/tekugo/zeichenwerk/deck.go:41.2,54.10 5 1
github.com/tekugo/zeichenwerk/deck.go:60.36,62.2 1 0
github.com/tekugo/zeichenwerk/deck.go:67.34,68.37 1 1
github.com/tekugo/zeichenwerk/deck.go:68.37,70.3 1 0
github.com/tekugo/zeichenwerk/deck.go:71.2,71.39 1 1
github.com/tekugo/zeichenwerk/deck.go:78.38,81.21 3 1
github.com/tekugo/zeichenwerk/deck.go:81.21,83.3 1 1
github.com/tekugo/zeichenwerk/deck.go:83.8,85.3 1 1
github.com/tekugo/zeichenwerk/deck.go:86.2,86.11 1 1
github.com/tekugo/zeichenwerk/deck.go:90.30,92.2 1 1
github.com/tekugo/zeichenwerk/deck.go:95.43,97.2 1 1
github.com/tekugo/zeichenwerk/deck.go:102.31,104.2 1 1
github.com/tekugo/zeichenwerk/deck.go:108.34,109.40 1 1
github.com/tekugo/zeichenwerk/deck.go:109.40,111.3 1 1
github.com/tekugo/zeichenwerk/deck.go:112.2,115.11 4 1
github.com/tekugo/zeichenwerk/deck.go:121.24,123.25 2 1
github.com/tekugo/zeichenwerk/deck.go:123.25,124.38 1 1
github.com/tekugo/zeichenwerk/deck.go:124.38,128.9 4 1
github.com/tekugo/zeichenwerk/deck.go:131.2,131.11 1 1
github.com/tekugo/zeichenwerk/deck.go:135.23,137.41 2 1
github.com/tekugo/zeichenwerk/deck.go:137.41,138.38 1 1
github.com/tekugo/zeichenwerk/deck.go:138.38,142.9 4 1
github.com/tekugo/zeichenwerk/deck.go:145.2,145.11 1 1
github.com/tekugo/zeichenwerk/deck.go:150.32,151.37 1 1
github.com/tekugo/zeichenwerk/deck.go:151.37,153.3 1 1
github.com/tekugo/zeichenwerk/deck.go:154.2,155.15 2 1
github.com/tekugo/zeichenwerk/deck.go:155.15,157.3 1 1
github.com/tekugo/zeichenwerk/deck.go:158.2,159.29 2 1
github.com/tekugo/zeichenwerk/deck.go:159.29,160.16 1 1
github.com/tekugo/zeichenwerk/deck.go:160.16,162.4 1 1
github.com/tekugo/zeichenwerk/deck.go:162.9,164.4 1 1
github.com/tekugo/zeichenwerk/deck.go:166.2,166.25 1 1
github.com/tekugo/zeichenwerk/deck.go:166.25,171.3 4 1
github.com/tekugo/zeichenwerk/deck.go:175.27,178.15 3 1
github.com/tekugo/zeichenwerk/deck.go:178.15,180.3 1 0
github.com/tekugo/zeichenwerk/deck.go:181.2,181.15 1 1
github.com/tekugo/zeichenwerk/deck.go:185.25,188.15 3 1
github.com/tekugo/zeichenwerk/deck.go:188.15,190.3 1 0
github.com/tekugo/zeichenwerk/deck.go:191.2,191.16 1 1
github.com/tekugo/zeichenwerk/deck.go:199.47,201.76 2 1
github.com/tekugo/zeichenwerk/deck.go:201.76,203.3 1 1
github.com/tekugo/zeichenwerk/deck.go:204.2,204.14 1 1
github.com/tekugo/zeichenwerk/deck.go:204.14,206.26 2 0
github.com/tekugo/zeichenwerk/deck.go:206.26,207.39 1 0
github.com/tekugo/zeichenwerk/deck.go:207.39,209.10 2 0
github.com/tekugo/zeichenwerk/deck.go:212.8,212.33 1 1
github.com/tekugo/zeichenwerk/deck.go:212.33,214.42 2 1
github.com/tekugo/zeichenwerk/deck.go:214.42,215.39 1 1
github.com/tekugo/zeichenwerk/deck.go:215.39,217.10 2 1
github.com/tekugo/zeichenwerk/deck.go:221.2,221.13 1 1
github.com/tekugo/zeichenwerk/deck.go:225.25,227.34 2 1
github.com/tekugo/zeichenwerk/deck.go:227.34,229.3 1 1
github.com/tekugo/zeichenwerk/deck.go:230.2,232.24 2 1
github.com/tekugo/zeichenwerk/deck.go:232.24,234.3 1 0
github.com/tekugo/zeichenwerk/deck.go:234.8,234.38 1 1
github.com/tekugo/zeichenwerk/deck.go:234.38,236.3 1 1
github.com/tekugo/zeichenwerk/deck.go:237.2,237.18 1 1
github.com/tekugo/zeichenwerk/deck.go:237.18,239.3 1 0
github.com/tekugo/zeichenwerk/deck.go:240.2,241.26 2 1
github.com/tekugo/zeichenwerk/deck.go:241.26,243.3 1 0
github.com/tekugo/zeichenwerk/deck.go:248.54,249.21 1 1
github.com/tekugo/zeichenwerk/deck.go:250.19,252.14 2 1
github.com/tekugo/zeichenwerk/deck.go:253.21,255.14 2 1
github.com/tekugo/zeichenwerk/deck.go:256.21,258.14 2 1
github.com/tekugo/zeichenwerk/deck.go:259.20,261.14 2 1
github.com/tekugo/zeichenwerk/deck.go:262.21,264.14 2 0
github.com/tekugo/zeichenwerk/deck.go:265.21,267.14 2 0
github.com/tekugo/zeichenwerk/deck.go:268.22,269.19 1 1
github.com/tekugo/zeichenwerk/deck.go:269.19,271.4 1 1
github.com/tekugo/zeichenwerk/deck.go:272.3,272.14 1 1
github.com/tekugo/zeichenwerk/deck.go:274.2,274.14 1 0
github.com/tekugo/zeichenwerk/deck.go:277.58,278.38 1 1
github.com/tekugo/zeichenwerk/deck.go:278.38,280.3 1 1
github.com/tekugo/zeichenwerk/deck.go:281.2,283.54 3 1
github.com/tekugo/zeichenwerk/deck.go:283.54,285.3 1 1
github.com/tekugo/zeichenwerk/deck.go:287.2,288.52 2 1
github.com/tekugo/zeichenwerk/deck.go:288.52,290.3 1 0
github.com/tekugo/zeichenwerk/deck.go:291.2,291.46 1 1
github.com/tekugo/zeichenwerk/deck.go:291.46,293.3 1 1
github.com/tekugo/zeichenwerk/deck.go:295.2,295.28 1 1
github.com/tekugo/zeichenwerk/deck.go:295.28,297.3 1 1
github.com/tekugo/zeichenwerk/deck.go:297.8,299.3 1 1
github.com/tekugo/zeichenwerk/deck.go:300.2,300.13 1 1
github.com/tekugo/zeichenwerk/deck.go:305.36,309.43 3 1
github.com/tekugo/zeichenwerk/deck.go:309.43,311.3 1 0
github.com/tekugo/zeichenwerk/deck.go:314.2,315.51 2 1
github.com/tekugo/zeichenwerk/deck.go:315.51,317.3 1 1
github.com/tekugo/zeichenwerk/deck.go:319.2,321.29 2 1
github.com/tekugo/zeichenwerk/deck.go:321.29,323.32 2 1
github.com/tekugo/zeichenwerk/deck.go:323.32,324.9 1 0
github.com/tekugo/zeichenwerk/deck.go:326.3,327.117 2 1
github.com/tekugo/zeichenwerk/deck.go:330.2,330.51 1 1
github.com/tekugo/zeichenwerk/deck.go:330.51,332.3 1 1
github.com/tekugo/zeichenwerk/dialog.go:16.49,21.2 1 0
github.com/tekugo/zeichenwerk/dialog.go:26.38,29.2 2 0
github.com/tekugo/zeichenwerk/dialog.go:34.36,35.37 1 0
github.com/tekugo/zeichenwerk/dialog.go:35.37,38.3 2 0
github.com/tekugo/zeichenwerk/dialog.go:38.8,38.27 1 0
github.com/tekugo/zeichenwerk/dialog.go:38.27,46.20 7 0
github.com/tekugo/zeichenwerk/dialog.go:46.20,50.4 3 0
github.com/tekugo/zeichenwerk/dialog.go:52.3,53.14 2 0
github.com/tekugo/zeichenwerk/dialog.go:54.8,56.3 1 0
github.com/tekugo/zeichenwerk/dialog.go:62.35,62.53 1 0
github.com/tekugo/zeichenwerk/dialog.go:67.58,68.20 1 0
github.com/tekugo/zeichenwerk/dialog.go:68.20,70.3 1 0
github.com/tekugo/zeichenwerk/dialog.go:71.2,71.19 1 0
github.com/tekugo/zeichenwerk/dialog.go:71.19,73.3 1 0
github.com/tekugo/zeichenwerk/dialog.go:74.2,75.12 2 0
github.com/tekugo/zeichenwerk/dialog.go:79.38,80.20 1 0
github.com/tekugo/zeichenwerk/dialog.go:80.20,82.3 1 0
github.com/tekugo/zeichenwerk/dialog.go:83.2,83.26 1 0
github.com/tekugo/zeichenwerk/dialog.go:87.33,88.20 1 0
github.com/tekugo/zeichenwerk/dialog.go:88.20,90.20 2 0
github.com/tekugo/zeichenwerk/dialog.go:90.20,95.4 4 0
github.com/tekugo/zeichenwerk/dialog.go:96.3,96.36 1 0
github.com/tekugo/zeichenwerk/dialog.go:98.2,98.18 1 0
github.com/tekugo/zeichenwerk/dialog.go:104.38,106.24 1 0
github.com/tekugo/zeichenwerk/dialog.go:106.24,108.3 1 0
github.com/tekugo/zeichenwerk/dialog.go:111.2,112.17 2 0
github.com/tekugo/zeichenwerk/dialog.go:112.17,114.3 1 0
github.com/tekugo/zeichenwerk/dialog.go:115.2,120.19 4 0
github.com/tekugo/zeichenwerk/dialog.go:120.19,128.3 5 0
github.com/tekugo/zeichenwerk/dialog.go:131.2,136.38 4 0
github.com/tekugo/zeichenwerk/dialog.go:136.38,138.21 2 0
github.com/tekugo/zeichenwerk/dialog.go:138.21,142.22 4 0
github.com/tekugo/zeichenwerk/dialog.go:142.22,144.5 1 0
github.com/tekugo/zeichenwerk/dialog.go:145.4,145.21 1 0
github.com/tekugo/zeichenwerk/dialog.go:146.9,148.4 1 0
github.com/tekugo/zeichenwerk/dialog.go:149.3,151.62 3 0
github.com/tekugo/zeichenwerk/dialog.go:155.2,155.20 1 0
github.com/tekugo/zeichenwerk/dialog.go:155.20,157.3 1 0
github.com/tekugo/zeichenwerk/digits.go:130.48,137.26 3 1
github.com/tekugo/zeichenwerk/digits.go:137.26,138.36 1 1
github.com/tekugo/zeichenwerk/digits.go:138.36,140.4 1 1
github.com/tekugo/zeichenwerk/digits.go:142.2,144.10 3 1
github.com/tekugo/zeichenwerk/digits.go:150.38,152.2 1 0
github.com/tekugo/zeichenwerk/digits.go:155.38,161.11 3 1
github.com/tekugo/zeichenwerk/digits.go:161.11,163.3 1 1
github.com/tekugo/zeichenwerk/digits.go:166.2,167.28 2 1
github.com/tekugo/zeichenwerk/digits.go:167.28,168.36 1 1
github.com/tekugo/zeichenwerk/digits.go:168.36,169.32 1 1
github.com/tekugo/zeichenwerk/digits.go:169.32,171.5 1 1
github.com/tekugo/zeichenwerk/digits.go:172.4,172.44 1 1
github.com/tekugo/zeichenwerk/digits.go:180.36,183.2 2 1
github.com/tekugo/zeichenwerk/dump.go:30.58,32.19 2 0
github.com/tekugo/zeichenwerk/dump.go:32.19,34.3 1 0
github.com/tekugo/zeichenwerk/dump.go:35.2,35.27 1 0
github.com/tekugo/zeichenwerk/dump.go:39.53,41.2 1 0
github.com/tekugo/zeichenwerk/dump.go:45.71,52.55 5 0
github.com/tekugo/zeichenwerk/dump.go:52.55,54.3 1 0
github.com/tekugo/zeichenwerk/dump.go:55.2,56.14 2 0
github.com/tekugo/zeichenwerk/dump.go:56.14,58.3 1 0
github.com/tekugo/zeichenwerk/dump.go:59.2,59.17 1 0
github.com/tekugo/zeichenwerk/dump.go:59.17,61.3 1 0
github.com/tekugo/zeichenwerk/dump.go:64.2,65.38 2 0
github.com/tekugo/zeichenwerk/dump.go:65.38,67.3 1 0
github.com/tekugo/zeichenwerk/dump.go:70.2,75.29 4 0
github.com/tekugo/zeichenwerk/dump.go:75.29,77.3 1 0
github.com/tekugo/zeichenwerk/dump.go:78.2,78.30 1 0
github.com/tekugo/zeichenwerk/dump.go:78.30,80.3 1 0
github.com/tekugo/zeichenwerk/dump.go:81.2,81.31 1 0
github.com/tekugo/zeichenwerk/dump.go:81.31,83.3 1 0
github.com/tekugo/zeichenwerk/dump.go:86.2,87.19 2 0
github.com/tekugo/zeichenwerk/dump.go:87.19,89.3 1 0
github.com/tekugo/zeichenwerk/dump.go:90.2,91.20 2 0
github.com/tekugo/zeichenwerk/dump.go:91.20,93.3 1 0
github.com/tekugo/zeichenwerk/dump.go:94.2,97.15 2 0
github.com/tekugo/zeichenwerk/dump.go:97.15,100.18 3 0
github.com/tekugo/zeichenwerk/dump.go:100.18,102.4 1 0
[...]
github.com/tekugo/zeichenwerk/cmd/triebwerk/ui.go:177.48,178.80 1 0
github.com/tekugo/zeichenwerk/cmd/triebwerk/ui.go:178.80,182.15 3 0
github.com/tekugo/zeichenwerk/cmd/triebwerk/ui.go:182.15,184.4 1 0
github.com/tekugo/zeichenwerk/cmd/triebwerk/ui.go:186.3,192.15 5 0
github.com/tekugo/zeichenwerk/cmd/triebwerk/ui.go:192.15,194.15 2 0
github.com/tekugo/zeichenwerk/cmd/triebwerk/ui.go:194.15,196.5 1 0
github.com/tekugo/zeichenwerk/cmd/triebwerk/ui.go:198.3,199.32 2 0
github.com/tekugo/zeichenwerk/cmd/triebwerk/ui.go:199.32,201.4 1 0
github.com/tekugo/zeichenwerk/cmd/triebwerk/ui.go:204.3,205.30 2 0
github.com/tekugo/zeichenwerk/cmd/triebwerk/ui.go:205.30,207.4 1 0
github.com/tekugo/zeichenwerk/cmd/triebwerk/ui.go:208.3,215.15 6 0
github.com/tekugo/zeichenwerk/cmd/triebwerk/ui.go:215.15,217.4 1 0
github.com/tekugo/zeichenwerk/cmd/triebwerk/ui.go:218.3,223.40 4 0
github.com/tekugo/zeichenwerk/cmd/triebwerk/ui.go:223.40,226.4 2 0
github.com/tekugo/zeichenwerk/cmd/triebwerk/watcher.go:27.54,33.2 1 0
github.com/tekugo/zeichenwerk/cmd/triebwerk/watcher.go:37.62,41.16 3 0
github.com/tekugo/zeichenwerk/cmd/triebwerk/watcher.go:41.16,43.3 1 0
github.com/tekugo/zeichenwerk/cmd/triebwerk/watcher.go:46.2,49.31 4 0
github.com/tekugo/zeichenwerk/cmd/triebwerk/watcher.go:49.31,51.17 2 0
github.com/tekugo/zeichenwerk/cmd/triebwerk/watcher.go:51.17,54.4 2 0
github.com/tekugo/zeichenwerk/cmd/triebwerk/watcher.go:57.2,64.12 6 0
github.com/tekugo/zeichenwerk/cmd/triebwerk/watcher.go:68.37,71.8 3 0
github.com/tekugo/zeichenwerk/cmd/triebwerk/watcher.go:71.8,73.3 1 0
github.com/tekugo/zeichenwerk/cmd/triebwerk/watcher.go:74.2,75.8 2 0
github.com/tekugo/zeichenwerk/cmd/triebwerk/watcher.go:75.8,77.3 1 0
github.com/tekugo/zeichenwerk/cmd/triebwerk/watcher.go:81.29,84.30 3 0
github.com/tekugo/zeichenwerk/cmd/triebwerk/watcher.go:84.30,86.3 1 0
github.com/tekugo/zeichenwerk/cmd/triebwerk/watcher.go:87.2,89.28 3 0
github.com/tekugo/zeichenwerk/cmd/triebwerk/watcher.go:89.28,91.3 1 0
github.com/tekugo/zeichenwerk/cmd/triebwerk/watcher.go:95.48,100.2 4 0
github.com/tekugo/zeichenwerk/cmd/triebwerk/watcher.go:103.31,107.2 3 0
github.com/tekugo/zeichenwerk/cmd/triebwerk/watcher.go:110.47,113.34 3 0
github.com/tekugo/zeichenwerk/cmd/triebwerk/watcher.go:113.34,115.3 1 0
github.com/tekugo/zeichenwerk/cmd/triebwerk/watcher.go:116.2,116.11 1 0
github.com/tekugo/zeichenwerk/cmd/triebwerk/watcher.go:120.78,121.6 1 0
github.com/tekugo/zeichenwerk/cmd/triebwerk/watcher.go:121.6,122.10 1 0
github.com/tekugo/zeichenwerk/cmd/triebwerk/watcher.go:123.33,124.11 1 0
github.com/tekugo/zeichenwerk/cmd/triebwerk/watcher.go:124.11,126.5 1 0
github.com/tekugo/zeichenwerk/cmd/triebwerk/watcher.go:127.4,127.63 1 0
github.com/tekugo/zeichenwerk/cmd/triebwerk/watcher.go:127.63,129.19 2 0
github.com/tekugo/zeichenwerk/cmd/triebwerk/watcher.go:129.19,130.14 1 0
github.com/tekugo/zeichenwerk/cmd/triebwerk/watcher.go:132.5,133.16 2 0
github.com/tekugo/zeichenwerk/cmd/triebwerk/watcher.go:133.16,135.6 1 0
github.com/tekugo/zeichenwerk/cmd/triebwerk/watcher.go:137.29,138.11 1 0
github.com/tekugo/zeichenwerk/cmd/triebwerk/watcher.go:138.11,140.5 1 0
github.com/tekugo/zeichenwerk/compose/compose.go:50.50,52.33 2 0
github.com/tekugo/zeichenwerk/compose/compose.go:52.33,54.3 1 0
github.com/tekugo/zeichenwerk/compose/compose.go:55.2,55.11 1 0
github.com/tekugo/zeichenwerk/compose/compose.go:72.49,73.47 1 0
github.com/tekugo/zeichenwerk/compose/compose.go:73.47,74.48 1 0
github.com/tekugo/zeichenwerk/compose/compose.go:74.48,76.4 1 0
github.com/tekugo/zeichenwerk/compose/compose.go:91.56,93.33 2 0
github.com/tekugo/zeichenwerk/compose/compose.go:93.33,95.3 1 0
github.com/tekugo/zeichenwerk/compose/compose.go:96.2,97.24 2 0
github.com/tekugo/zeichenwerk/compose/compose.go:97.24,98.94 1 0
github.com/tekugo/zeichenwerk/compose/compose.go:100.2,100.20 1 0
github.com/tekugo/zeichenwerk/compose/compose.go:108.61,109.47 1 0
github.com/tekugo/zeichenwerk/compose/compose.go:109.47,110.48 1 0
github.com/tekugo/zeichenwerk/compose/compose.go:110.48,114.35 4 0
github.com/tekugo/zeichenwerk/compose/compose.go:114.35,116.5 1 0
github.com/tekugo/zeichenwerk/compose/compose.go:125.103,126.47 1 0
github.com/tekugo/zeichenwerk/compose/compose.go:126.47,127.48 1 0
github.com/tekugo/zeichenwerk/compose/compose.go:127.48,131.35 4 0
github.com/tekugo/zeichenwerk/compose/compose.go:131.35,133.5 1 0
github.com/tekugo/zeichenwerk/compose/compose.go:147.88,148.47 1 0
github.com/tekugo/zeichenwerk/compose/compose.go:148.47,149.48 1 0
github.com/tekugo/zeichenwerk/compose/compose.go:149.48,155.35 6 0
github.com/tekugo/zeichenwerk/compose/compose.go:155.35,157.5 1 0
github.com/tekugo/zeichenwerk/compose/compose.go:164.71,165.47 1 0
github.com/tekugo/zeichenwerk/compose/compose.go:165.47,166.48 1 0
github.com/tekugo/zeichenwerk/compose/compose.go:166.48,170.35 4 0
github.com/tekugo/zeichenwerk/compose/compose.go:170.35,172.5 1 0
github.com/tekugo/zeichenwerk/compose/compose.go:181.53,182.47 1 0
github.com/tekugo/zeichenwerk/compose/compose.go:182.47,183.48 1 0
github.com/tekugo/zeichenwerk/compose/compose.go:183.48,186.35 3 0
github.com/tekugo/zeichenwerk/compose/compose.go:186.35,188.5 1 0
github.com/tekugo/zeichenwerk/compose/compose.go:196.84,197.47 1 0
github.com/tekugo/zeichenwerk/compose/compose.go:197.47,198.48 1 0
github.com/tekugo/zeichenwerk/compose/compose.go:198.48,202.35 4 0
github.com/tekugo/zeichenwerk/compose/compose.go:202.35,204.5 1 0
github.com/tekugo/zeichenwerk/compose/compose.go:212.64,213.47 1 0
github.com/tekugo/zeichenwerk/compose/compose.go:213.47,214.48 1 0
github.com/tekugo/zeichenwerk/compose/compose.go:214.48,218.35 4 0
github.com/tekugo/zeichenwerk/compose/compose.go:218.35,220.5 1 0
github.com/tekugo/zeichenwerk/compose/compose.go:229.72,230.47 1 0
github.com/tekugo/zeichenwerk/compose/compose.go:230.47,231.48 1 0
github.com/tekugo/zeichenwerk/compose/compose.go:231.48,235.35 4 0
github.com/tekugo/zeichenwerk/compose/compose.go:235.35,237.5 1 0
github.com/tekugo/zeichenwerk/compose/compose.go:249.97,250.47 1 0
github.com/tekugo/zeichenwerk/compose/compose.go:250.47,251.48 1 0
github.com/tekugo/zeichenwerk/compose/compose.go:251.48,255.35 4 0
github.com/tekugo/zeichenwerk/compose/compose.go:255.35,257.5 1 0
github.com/tekugo/zeichenwerk/compose/compose.go:258.4,258.40 1 0
github.com/tekugo/zeichenwerk/compose/compose.go:258.40,260.5 1 0
github.com/tekugo/zeichenwerk/compose/compose.go:268.72,269.47 1 0
github.com/tekugo/zeichenwerk/compose/compose.go:269.47,270.48 1 0
github.com/tekugo/zeichenwerk/compose/compose.go:270.48,274.35 4 0
github.com/tekugo/zeichenwerk/compose/compose.go:274.35,276.5 1 0
github.com/tekugo/zeichenwerk/compose/compose.go:285.54,286.47 1 0
github.com/tekugo/zeichenwerk/compose/compose.go:286.47,287.48 1 0
github.com/tekugo/zeichenwerk/compose/compose.go:287.48,291.35 4 0
github.com/tekugo/zeichenwerk/compose/compose.go:291.35,293.5 1 0
github.com/tekugo/zeichenwerk/compose/compose.go:301.59,302.47 1 0
github.com/tekugo/zeichenwerk/compose/compose.go:302.47,303.48 1 0
github.com/tekugo/zeichenwerk/compose/compose.go:303.48,307.35 4 0
github.com/tekugo/zeichenwerk/compose/compose.go:307.35,309.5 1 0
github.com/tekugo/zeichenwerk/compose/compose.go:317.66,318.47 1 0
github.com/tekugo/zeichenwerk/compose/compose.go:318.47,319.48 1 0
github.com/tekugo/zeichenwerk/compose/compose.go:319.48,323.35 4 0
github.com/tekugo/zeichenwerk/compose/compose.go:323.35,325.5 1 0
github.com/tekugo/zeichenwerk/compose/compose.go:335.63,336.47 1 0
github.com/tekugo/zeichenwerk/compose/compose.go:336.47,337.48 1 0
github.com/tekugo/zeichenwerk/compose/compose.go:337.48,341.35 4 0
github.com/tekugo/zeichenwerk/compose/compose.go:341.35,343.5 1 0
github.com/tekugo/zeichenwerk/compose/compose.go:349.63,350.47 1 0
github.com/tekugo/zeichenwerk/compose/compose.go:350.47,351.48 1 0
github.com/tekugo/zeichenwerk/compose/compose.go:351.48,355.35 4 0
github.com/tekugo/zeichenwerk/compose/compose.go:355.35,357.5 1 0
github.com/tekugo/zeichenwerk/compose/compose.go:364.59,365.47 1 0
github.com/tekugo/zeichenwerk/compose/compose.go:365.47,366.48 1 0
github.com/tekugo/zeichenwerk/compose/compose.go:366.48,370.35 4 0
github.com/tekugo/zeichenwerk/compose/compose.go:370.35,372.5 1 0
github.com/tekugo/zeichenwerk/compose/compose.go:379.79,380.47 1 0
github.com/tekugo/zeichenwerk/compose/compose.go:380.47,381.48 1 0
github.com/tekugo/zeichenwerk/compose/compose.go:381.48,385.35 4 0
github.com/tekugo/zeichenwerk/compose/compose.go:385.35,387.5 1 0
github.com/tekugo/zeichenwerk/compose/compose.go:395.73,396.47 1 0
github.com/tekugo/zeichenwerk/compose/compose.go:396.47,397.48 1 0
github.com/tekugo/zeichenwerk/compose/compose.go:397.48,401.35 4 0
github.com/tekugo/zeichenwerk/compose/compose.go:401.35,403.5 1 0
github.com/tekugo/zeichenwerk/compose/compose.go:411.77,412.47 1 0
github.com/tekugo/zeichenwerk/compose/compose.go:412.47,413.48 1 0
github.com/tekugo/zeichenwerk/compose/compose.go:413.48,417.35 4 0
github.com/tekugo/zeichenwerk/compose/compose.go:417.35,419.5 1 0
github.com/tekugo/zeichenwerk/compose/compose.go:425.57,426.47 1 0
github.com/tekugo/zeichenwerk/compose/compose.go:426.47,427.48 1 0
github.com/tekugo/zeichenwerk/compose/compose.go:427.48,431.35 4 0
github.com/tekugo/zeichenwerk/compose/compose.go:431.35,433.5 1 0
github.com/tekugo/zeichenwerk/compose/compose.go:452.72,453.47 1 0
github.com/tekugo/zeichenwerk/compose/compose.go:453.47,454.48 1 0
github.com/tekugo/zeichenwerk/compose/compose.go:454.48,458.35 4 0
github.com/tekugo/zeichenwerk/compose/compose.go:458.35,460.5 1 0
github.com/tekugo/zeichenwerk/compose/compose.go:467.72,468.47 1 0
github.com/tekugo/zeichenwerk/compose/compose.go:468.47,469.48 1 0
github.com/tekugo/zeichenwerk/compose/compose.go:469.48,473.35 4 0
github.com/tekugo/zeichenwerk/compose/compose.go:473.35,475.5 1 0
github.com/tekugo/zeichenwerk/compose/compose.go:487.55,488.47 1 0
github.com/tekugo/zeichenwerk/compose/compose.go:488.47,489.48 1 0
github.com/tekugo/zeichenwerk/compose/compose.go:489.48,493.35 4 0
github.com/tekugo/zeichenwerk/compose/compose.go:493.35,495.5 1 0
github.com/tekugo/zeichenwerk/compose/compose.go:508.55,509.47 1 0
github.com/tekugo/zeichenwerk/compose/compose.go:509.47,510.48 1 0
github.com/tekugo/zeichenwerk/compose/compose.go:510.48,514.35 4 0
github.com/tekugo/zeichenwerk/compose/compose.go:514.35,516.5 1 0
github.com/tekugo/zeichenwerk/compose/compose.go:525.95,526.47 1 0
github.com/tekugo/zeichenwerk/compose/compose.go:526.47,527.48 1 0
github.com/tekugo/zeichenwerk/compose/compose.go:527.48,531.35 4 0
github.com/tekugo/zeichenwerk/compose/compose.go:531.35,533.5 1 0
github.com/tekugo/zeichenwerk/compose/compose.go:540.63,541.47 1 0
github.com/tekugo/zeichenwerk/compose/compose.go:541.47,542.48 1 0
github.com/tekugo/zeichenwerk/compose/compose.go:542.48,546.35 4 0
github.com/tekugo/zeichenwerk/compose/compose.go:546.35,548.5 1 0
github.com/tekugo/zeichenwerk/compose/compose.go:555.63,556.47 1 0
github.com/tekugo/zeichenwerk/compose/compose.go:556.47,557.48 1 0
github.com/tekugo/zeichenwerk/compose/compose.go:557.48,561.35 4 0
github.com/tekugo/zeichenwerk/compose/compose.go:561.35,563.5 1 0
github.com/tekugo/zeichenwerk/compose/compose.go:572.76,573.47 1 0
github.com/tekugo/zeichenwerk/compose/compose.go:573.47,574.48 1 0
github.com/tekugo/zeichenwerk/compose/compose.go:574.48,578.35 4 0
github.com/tekugo/zeichenwerk/compose/compose.go:578.35,580.5 1 0
github.com/tekugo/zeichenwerk/compose/compose.go:591.75,592.47 1 0
github.com/tekugo/zeichenwerk/compose/compose.go:592.47,593.48 1 0
github.com/tekugo/zeichenwerk/compose/compose.go:593.48,597.35 4 0
github.com/tekugo/zeichenwerk/compose/compose.go:597.35,599.5 1 0
github.com/tekugo/zeichenwerk/compose/compose.go:606.59,607.47 1 0
github.com/tekugo/zeichenwerk/compose/compose.go:607.47,608.48 1 0
github.com/tekugo/zeichenwerk/compose/compose.go:608.48,612.35 4 0
github.com/tekugo/zeichenwerk/compose/compose.go:612.35,614.5 1 0
github.com/tekugo/zeichenwerk/compose/compose.go:621.59,622.47 1 0
github.com/tekugo/zeichenwerk/compose/compose.go:622.47,623.48 1 0
github.com/tekugo/zeichenwerk/compose/compose.go:623.48,627.35 4 0
github.com/tekugo/zeichenwerk/compose/compose.go:627.35,629.5 1 0
github.com/tekugo/zeichenwerk/compose/compose.go:637.57,638.47 1 0
github.com/tekugo/zeichenwerk/compose/compose.go:638.47,639.48 1 0
github.com/tekugo/zeichenwerk/compose/compose.go:639.48,643.35 4 0
github.com/tekugo/zeichenwerk/compose/compose.go:643.35,645.5 1 0
github.com/tekugo/zeichenwerk/compose/compose.go:652.83,653.47 1 0
github.com/tekugo/zeichenwerk/compose/compose.go:653.47,654.48 1 0
github.com/tekugo/zeichenwerk/compose/compose.go:654.48,658.35 4 0
github.com/tekugo/zeichenwerk/compose/compose.go:658.35,660.5 1 0
github.com/tekugo/zeichenwerk/compose/compose.go:669.92,670.47 1 0
github.com/tekugo/zeichenwerk/compose/compose.go:670.47,671.48 1 0
github.com/tekugo/zeichenwerk/compose/compose.go:671.48,675.35 4 0
github.com/tekugo/zeichenwerk/compose/compose.go:675.35,677.5 1 0
github.com/tekugo/zeichenwerk/compose/compose.go:685.96,686.47 1 0
github.com/tekugo/zeichenwerk/compose/compose.go:686.47,687.48 1 0
github.com/tekugo/zeichenwerk/compose/compose.go:687.48,691.35 4 0
github.com/tekugo/zeichenwerk/compose/compose.go:691.35,693.5 1 0
github.com/tekugo/zeichenwerk/compose/compose.go:700.83,701.47 1 0
github.com/tekugo/zeichenwerk/compose/compose.go:701.47,702.48 1 0
github.com/tekugo/zeichenwerk/compose/compose.go:702.48,706.35 4 0
github.com/tekugo/zeichenwerk/compose/compose.go:706.35,708.5 1 0
github.com/tekugo/zeichenwerk/compose/compose.go:716.59,717.47 1 0
github.com/tekugo/zeichenwerk/compose/compose.go:717.47,718.48 1 0
github.com/tekugo/zeichenwerk/compose/compose.go:718.48,722.35 4 0
github.com/tekugo/zeichenwerk/compose/compose.go:722.35,724.5 1 0
github.com/tekugo/zeichenwerk/compose/compose.go:731.61,732.47 1 0
github.com/tekugo/zeichenwerk/compose/compose.go:732.47,733.48 1 0
github.com/tekugo/zeichenwerk/compose/compose.go:733.48,737.35 4 0
github.com/tekugo/zeichenwerk/compose/compose.go:737.35,739.5 1 0
github.com/tekugo/zeichenwerk/compose/compose.go:746.74,747.47 1 0
github.com/tekugo/zeichenwerk/compose/compose.go:747.47,748.48 1 0
github.com/tekugo/zeichenwerk/compose/compose.go:748.48,752.35 4 0
github.com/tekugo/zeichenwerk/compose/compose.go:752.35,754.5 1 0
github.com/tekugo/zeichenwerk/compose/compose.go:768.58,769.47 1 0
github.com/tekugo/zeichenwerk/compose/compose.go:769.47,770.48 1 0
github.com/tekugo/zeichenwerk/compose/compose.go:770.48,774.25 4 0
github.com/tekugo/zeichenwerk/compose/compose.go:774.25,776.5 1 0
github.com/tekugo/zeichenwerk/compose/compose.go:787.37,788.43 1 0
github.com/tekugo/zeichenwerk/compose/compose.go:788.43,790.3 1 0
github.com/tekugo/zeichenwerk/compose/compose.go:799.34,800.43 1 0
github.com/tekugo/zeichenwerk/compose/compose.go:800.43,802.22 2 0
github.com/tekugo/zeichenwerk/compose/compose.go:803.10,804.10 1 0
github.com/tekugo/zeichenwerk/compose/compose.go:805.10,807.21 2 0
github.com/tekugo/zeichenwerk/compose/compose.go:808.11,810.21 2 0
github.com/tekugo/zeichenwerk/compose/compose.go:812.3,813.20 2 0
github.com/tekugo/zeichenwerk/compose/compose.go:813.20,815.4 1 0
github.com/tekugo/zeichenwerk/compose/compose.go:815.9,817.4 1 0
github.com/tekugo/zeichenwerk/compose/compose.go:825.38,826.43 1 0
github.com/tekugo/zeichenwerk/compose/compose.go:826.43,828.22 2 0
github.com/tekugo/zeichenwerk/compose/compose.go:829.10,830.10 1 0
github.com/tekugo/zeichenwerk/compose/compose.go:831.10,833.21 2 0
github.com/tekugo/zeichenwerk/compose/compose.go:834.10,836.21 2 0
github.com/tekugo/zeichenwerk/compose/compose.go:837.11,839.41 2 0
github.com/tekugo/zeichenwerk/compose/compose.go:841.3,842.20 2 0
github.com/tekugo/zeichenwerk/compose/compose.go:842.20,844.4 1 0
github.com/tekugo/zeichenwerk/compose/compose.go:844.9,846.4 1 0
github.com/tekugo/zeichenwerk/compose/compose.go:854.36,855.43 1 0
github.com/tekugo/zeichenwerk/compose/compose.go:855.43,857.22 2 0
github.com/tekugo/zeichenwerk/compose/compose.go:858.10,859.10 1 0
github.com/tekugo/zeichenwerk/compose/compose.go:860.10,862.21 2 0
github.com/tekugo/zeichenwerk/compose/compose.go:863.10,865.21 2 0
github.com/tekugo/zeichenwerk/compose/compose.go:866.11,868.41 2 0
github.com/tekugo/zeichenwerk/compose/compose.go:870.3,871.20 2 0
github.com/tekugo/zeichenwerk/compose/compose.go:871.20,873.4 1 0
github.com/tekugo/zeichenwerk/compose/compose.go:873.9,875.4 1 0
github.com/tekugo/zeichenwerk/compose/compose.go:882.34,883.43 1 0
github.com/tekugo/zeichenwerk/compose/compose.go:883.43,885.22 2 0
github.com/tekugo/zeichenwerk/compose/compose.go:886.10,887.10 1 0
github.com/tekugo/zeichenwerk/compose/compose.go:888.10,890.21 2 0
github.com/tekugo/zeichenwerk/compose/compose.go:891.11,893.21 2 0
github.com/tekugo/zeichenwerk/compose/compose.go:895.3,896.20 2 0
github.com/tekugo/zeichenwerk/compose/compose.go:896.20,898.4 1 0
github.com/tekugo/zeichenwerk/compose/compose.go:898.9,900.4 1 0
github.com/tekugo/zeichenwerk/compose/compose.go:907.30,908.43 1 0
github.com/tekugo/zeichenwerk/compose/compose.go:908.43,910.20 2 0
github.com/tekugo/zeichenwerk/compose/compose.go:910.20,912.4 1 0
github.com/tekugo/zeichenwerk/compose/compose.go:912.9,914.4 1 0
github.com/tekugo/zeichenwerk/compose/compose.go:921.31,922.43 1 0
github.com/tekugo/zeichenwerk/compose/compose.go:922.43,924.20 2 0
github.com/tekugo/zeichenwerk/compose/compose.go:924.20,926.4 1 0
github.com/tekugo/zeichenwerk/compose/compose.go:926.9,928.4 1 0
github.com/tekugo/zeichenwerk/compose/compose.go:936.50,937.43 1 0
github.com/tekugo/zeichenwerk/compose/compose.go:937.43,939.3 1 0
github.com/tekugo/zeichenwerk/compose/compose.go:945.50,946.43 1 0
github.com/tekugo/zeichenwerk/compose/compose.go:946.43,948.3 1 0
github.com/tekugo/zeichenwerk/compose/compose.go:954.49,955.43 1 0
github.com/tekugo/zeichenwerk/compose/compose.go:955.43,957.3 1 0
github.com/tekugo/zeichenwerk/compose/compose.go:963.50,964.43 1 0
github.com/tekugo/zeichenwerk/compose/compose.go:964.43,966.3 1 0
github.com/tekugo/zeichenwerk/compose/compose.go:971.49,972.43 1 0
github.com/tekugo/zeichenwerk/compose/compose.go:972.43,974.3 1 0
github.com/tekugo/zeichenwerk/compose/compose.go:978.50,979.43 1 0
github.com/tekugo/zeichenwerk/compose/compose.go:979.43,981.3 1 0
github.com/tekugo/zeichenwerk/compose/compose.go:985.54,986.43 1 0
github.com/tekugo/zeichenwerk/compose/compose.go:986.43,988.3 1 0
github.com/tekugo/zeichenwerk/compose/compose.go:992.36,993.43 1 0
github.com/tekugo/zeichenwerk/compose/compose.go:993.43,995.3 1 0
github.com/tekugo/zeichenwerk/compose/compose.go:1001.47,1002.43 1 0
github.com/tekugo/zeichenwerk/compose/compose.go:1002.43,1004.3 1 0
github.com/tekugo/zeichenwerk/compose/compose.go:1008.36,1009.43 1 0
github.com/tekugo/zeichenwerk/compose/compose.go:1009.43,1011.3 1 0
github.com/tekugo/zeichenwerk/compose/compose.go:1018.26,1019.43 1 0
github.com/tekugo/zeichenwerk/compose/compose.go:1019.43,1020.40 1 0
github.com/tekugo/zeichenwerk/compose/compose.go:1020.40,1022.4 1 0
github.com/tekugo/zeichenwerk/compose/compose.go:1028.26,1029.43 1 0
github.com/tekugo/zeichenwerk/compose/compose.go:1029.43,1030.40 1 0
github.com/tekugo/zeichenwerk/compose/compose.go:1030.40,1032.4 1 0
github.com/tekugo/zeichenwerk/compose/compose.go:1039.37,1040.43 1 0
github.com/tekugo/zeichenwerk/compose/compose.go:1040.43,1041.38 1 0
github.com/tekugo/zeichenwerk/compose/compose.go:1041.38,1043.4 1 0
github.com/tekugo/zeichenwerk/compose/compose.go:1049.36,1050.43 1 0
github.com/tekugo/zeichenwerk/compose/compose.go:1050.43,1051.38 1 0
github.com/tekugo/zeichenwerk/compose/compose.go:1051.38,1053.4 1 0
github.com/tekugo/zeichenwerk/compose/compose.go:1059.32,1060.43 1 0
github.com/tekugo/zeichenwerk/compose/compose.go:1060.43,1061.36 1 0
github.com/tekugo/zeichenwerk/compose/compose.go:1061.36,1063.4 1 0
