mode: set
github.com/tekugo/zeichenwerk/animation.go:21.51,22.12 1 0
github.com/tekugo/zeichenwerk/animation.go:22.12,23.22 1 0
github.com/tekugo/zeichenwerk/animation.go:23.22,26.4 2 0
github.com/tekugo/zeichenwerk/animation.go:28.3,31.7 3 0
github.com/tekugo/zeichenwerk/animation.go:31.7,32.11 1 0
github.com/tekugo/zeichenwerk/animation.go:33.18,35.11 2 0
github.com/tekugo/zeichenwerk/animation.go:36.22,37.13 1 0
github.com/tekugo/zeichenwerk/animation.go:44.28,45.9 1 0
github.com/tekugo/zeichenwerk/animation.go:46.28,46.28 0 0
github.com/tekugo/zeichenwerk/animation.go:47.10,47.10 0 0
github.com/tekugo/zeichenwerk/animation.go:49.2,49.16 1 0
github.com/tekugo/zeichenwerk/animation.go:53.36,55.2 1 0
github.com/tekugo/zeichenwerk/animation.go:59.31,61.2 1 0
github.com/tekugo/zeichenwerk/animation.go:65.28,66.17 1 0
github.com/tekugo/zeichenwerk/animation.go:66.17,68.3 1 0
github.com/tekugo/zeichenwerk/animation.go:68.8,70.3 1 0
github.com/tekugo/zeichenwerk/border.go:38.35,40.2 1 1
github.com/tekugo/zeichenwerk/border.go:43.33,45.2 1 1
github.com/tekugo/zeichenwerk/box.go:31.36,36.2 1 0
github.com/tekugo/zeichenwerk/box.go:46.34,47.19 1 0
github.com/tekugo/zeichenwerk/box.go:47.19,49.3 1 0
github.com/tekugo/zeichenwerk/box.go:50.2,50.20 1 0
github.com/tekugo/zeichenwerk/box.go:50.20,52.3 1 0
github.com/tekugo/zeichenwerk/box.go:53.2,54.22 2 0
github.com/tekugo/zeichenwerk/box.go:64.35,65.20 1 0
github.com/tekugo/zeichenwerk/box.go:65.20,67.3 1 0
github.com/tekugo/zeichenwerk/box.go:68.2,68.26 1 0
github.com/tekugo/zeichenwerk/box.go:79.33,80.37 1 0
github.com/tekugo/zeichenwerk/box.go:80.37,82.3 1 0
github.com/tekugo/zeichenwerk/box.go:82.8,82.27 1 0
github.com/tekugo/zeichenwerk/box.go:82.27,88.3 5 0
github.com/tekugo/zeichenwerk/box.go:88.8,90.3 1 0
github.com/tekugo/zeichenwerk/box.go:97.24,98.20 1 0
github.com/tekugo/zeichenwerk/box.go:98.20,101.3 2 0
github.com/tekugo/zeichenwerk/box.go:102.2,102.11 1 0
github.com/tekugo/zeichenwerk/box.go:106.35,111.17 3 0
github.com/tekugo/zeichenwerk/box.go:111.17,113.3 1 0
github.com/tekugo/zeichenwerk/box.go:114.2,116.19 2 0
github.com/tekugo/zeichenwerk/box.go:116.19,122.3 3 0
github.com/tekugo/zeichenwerk/box.go:123.2,123.20 1 0
github.com/tekugo/zeichenwerk/box.go:123.20,125.3 1 0
github.com/tekugo/zeichenwerk/builder.go:31.40,33.2 1 0
github.com/tekugo/zeichenwerk/builder.go:42.49,43.19 1 0
github.com/tekugo/zeichenwerk/builder.go:43.19,45.3 1 0
github.com/tekugo/zeichenwerk/builder.go:46.2,46.14 1 0
github.com/tekugo/zeichenwerk/builder.go:46.14,48.3 1 0
github.com/tekugo/zeichenwerk/builder.go:49.2,49.10 1 0
github.com/tekugo/zeichenwerk/builder.go:57.31,60.2 2 0
github.com/tekugo/zeichenwerk/builder.go:64.41,66.2 1 0
github.com/tekugo/zeichenwerk/builder.go:71.42,73.2 1 0
github.com/tekugo/zeichenwerk/builder.go:77.25,79.2 1 0
github.com/tekugo/zeichenwerk/builder.go:89.52,92.2 2 0
github.com/tekugo/zeichenwerk/builder.go:102.47,103.22 1 0
github.com/tekugo/zeichenwerk/builder.go:103.22,105.28 2 0
github.com/tekugo/zeichenwerk/builder.go:106.13,107.19 1 0
github.com/tekugo/zeichenwerk/builder.go:108.16,109.19 1 0
github.com/tekugo/zeichenwerk/builder.go:110.14,111.19 1 0
github.com/tekugo/zeichenwerk/builder.go:112.14,113.19 1 0
github.com/tekugo/zeichenwerk/builder.go:114.14,115.39 1 0
github.com/tekugo/zeichenwerk/builder.go:116.18,117.19 1 0
github.com/tekugo/zeichenwerk/builder.go:118.18,119.19 1 0
github.com/tekugo/zeichenwerk/builder.go:122.2,124.45 3 0
github.com/tekugo/zeichenwerk/builder.go:124.45,126.3 1 0
github.com/tekugo/zeichenwerk/builder.go:127.2,127.10 1 0
github.com/tekugo/zeichenwerk/builder.go:134.40,135.33 1 0
github.com/tekugo/zeichenwerk/builder.go:136.12,139.63 3 0
github.com/tekugo/zeichenwerk/builder.go:140.15,141.82 1 0
github.com/tekugo/zeichenwerk/builder.go:142.15,143.82 1 0
github.com/tekugo/zeichenwerk/builder.go:144.17,145.95 1 0
github.com/tekugo/zeichenwerk/builder.go:146.18,147.62 1 0
github.com/tekugo/zeichenwerk/builder.go:148.15,149.59 1 0
github.com/tekugo/zeichenwerk/builder.go:150.15,152.65 2 0
github.com/tekugo/zeichenwerk/builder.go:153.15,154.59 1 0
github.com/tekugo/zeichenwerk/builder.go:155.15,156.59 1 0
github.com/tekugo/zeichenwerk/builder.go:157.13,158.57 1 0
github.com/tekugo/zeichenwerk/builder.go:159.13,160.57 1 0
github.com/tekugo/zeichenwerk/builder.go:161.18,162.62 1 0
github.com/tekugo/zeichenwerk/builder.go:163.13,164.57 1 0
github.com/tekugo/zeichenwerk/builder.go:165.14,166.81 1 0
github.com/tekugo/zeichenwerk/builder.go:167.13,169.78 2 0
github.com/tekugo/zeichenwerk/builder.go:170.17,172.77 2 0
github.com/tekugo/zeichenwerk/builder.go:173.13,174.57 1 0
github.com/tekugo/zeichenwerk/builder.go:175.16,176.60 1 0
github.com/tekugo/zeichenwerk/builder.go:177.15,178.82 1 0
github.com/tekugo/zeichenwerk/builder.go:179.16,180.60 1 0
github.com/tekugo/zeichenwerk/builder.go:181.15,182.59 1 0
github.com/tekugo/zeichenwerk/builder.go:183.15,184.59 1 0
github.com/tekugo/zeichenwerk/builder.go:185.17,186.61 1 0
github.com/tekugo/zeichenwerk/builder.go:187.14,191.79 4 0
github.com/tekugo/zeichenwerk/builder.go:192.13,196.83 4 0
github.com/tekugo/zeichenwerk/builder.go:197.13,198.57 1 0
github.com/tekugo/zeichenwerk/builder.go:199.17,200.61 1 0
github.com/tekugo/zeichenwerk/builder.go:201.10,202.59 1 0
github.com/tekugo/zeichenwerk/builder.go:209.34,210.22 1 0
github.com/tekugo/zeichenwerk/builder.go:210.22,212.3 1 0
github.com/tekugo/zeichenwerk/builder.go:213.2,213.10 1 0
github.com/tekugo/zeichenwerk/builder.go:221.50,225.2 3 0
github.com/tekugo/zeichenwerk/builder.go:228.52,232.2 3 0
github.com/tekugo/zeichenwerk/builder.go:235.68,239.2 3 0
github.com/tekugo/zeichenwerk/builder.go:242.53,246.2 3 0
github.com/tekugo/zeichenwerk/builder.go:249.52,253.2 3 0
github.com/tekugo/zeichenwerk/builder.go:256.46,260.2 3 0
github.com/tekugo/zeichenwerk/builder.go:269.92,273.2 3 0
github.com/tekugo/zeichenwerk/builder.go:277.61,281.2 3 0
github.com/tekugo/zeichenwerk/builder.go:292.88,297.46 3 0
github.com/tekugo/zeichenwerk/builder.go:297.46,299.3 1 0
github.com/tekugo/zeichenwerk/builder.go:300.2,300.10 1 0
github.com/tekugo/zeichenwerk/builder.go:304.73,307.70 3 0
github.com/tekugo/zeichenwerk/builder.go:307.70,308.39 1 0
github.com/tekugo/zeichenwerk/builder.go:311.2,314.30 3 0
github.com/tekugo/zeichenwerk/builder.go:314.30,318.30 4 0
github.com/tekugo/zeichenwerk/builder.go:318.30,319.12 1 0
github.com/tekugo/zeichenwerk/builder.go:321.3,322.19 2 0
github.com/tekugo/zeichenwerk/builder.go:322.19,323.12 1 0
github.com/tekugo/zeichenwerk/builder.go:324.9,324.25 1 0
github.com/tekugo/zeichenwerk/builder.go:324.25,326.4 1 0
github.com/tekugo/zeichenwerk/builder.go:327.3,331.17 5 0
github.com/tekugo/zeichenwerk/builder.go:331.17,333.4 1 0
github.com/tekugo/zeichenwerk/builder.go:334.3,335.17 2 0
github.com/tekugo/zeichenwerk/builder.go:335.17,337.4 1 0
github.com/tekugo/zeichenwerk/builder.go:339.3,340.15 2 0
github.com/tekugo/zeichenwerk/builder.go:340.15,342.4 1 0
github.com/tekugo/zeichenwerk/builder.go:343.3,348.9 5 0
github.com/tekugo/zeichenwerk/builder.go:352.96,353.19 1 0
github.com/tekugo/zeichenwerk/builder.go:353.19,354.19 1 0
github.com/tekugo/zeichenwerk/builder.go:355.21,356.24 1 0
github.com/tekugo/zeichenwerk/builder.go:357.11,358.21 1 0
github.com/tekugo/zeichenwerk/builder.go:362.2,362.17 1 0
github.com/tekugo/zeichenwerk/builder.go:363.18,367.18 4 0
github.com/tekugo/zeichenwerk/builder.go:368.18,373.15 5 0
github.com/tekugo/zeichenwerk/builder.go:374.16,379.11 5 0
github.com/tekugo/zeichenwerk/builder.go:380.10,384.15 4 0
github.com/tekugo/zeichenwerk/builder.go:401.75,405.2 3 0
github.com/tekugo/zeichenwerk/builder.go:408.48,412.2 3 0
github.com/tekugo/zeichenwerk/builder.go:418.63,422.2 3 0
github.com/tekugo/zeichenwerk/builder.go:429.62,433.2 3 0
github.com/tekugo/zeichenwerk/builder.go:438.65,442.2 3 0
github.com/tekugo/zeichenwerk/builder.go:445.62,449.2 3 0
github.com/tekugo/zeichenwerk/builder.go:452.64,456.2 3 0
github.com/tekugo/zeichenwerk/builder.go:465.76,469.2 3 0
github.com/tekugo/zeichenwerk/builder.go:471.37,475.2 3 0
github.com/tekugo/zeichenwerk/builder.go:479.52,483.2 3 0
github.com/tekugo/zeichenwerk/builder.go:487.59,491.2 3 0
github.com/tekugo/zeichenwerk/builder.go:497.62,500.30 3 0
github.com/tekugo/zeichenwerk/builder.go:500.30,501.70 1 0
github.com/tekugo/zeichenwerk/builder.go:501.70,502.23 1 0
github.com/tekugo/zeichenwerk/builder.go:502.23,503.44 1 0
github.com/tekugo/zeichenwerk/builder.go:503.44,505.6 1 0
github.com/tekugo/zeichenwerk/builder.go:507.4,507.15 1 0
github.com/tekugo/zeichenwerk/builder.go:510.2,510.10 1 0
github.com/tekugo/zeichenwerk/builder.go:514.45,515.19 1 0
github.com/tekugo/zeichenwerk/builder.go:515.19,517.3 1 0
github.com/tekugo/zeichenwerk/builder.go:518.2,518.10 1 0
github.com/tekugo/zeichenwerk/builder.go:522.69,526.2 3 0
github.com/tekugo/zeichenwerk/builder.go:529.61,531.29 2 0
github.com/tekugo/zeichenwerk/builder.go:531.29,533.3 1 0
github.com/tekugo/zeichenwerk/builder.go:534.2,536.10 3 0
github.com/tekugo/zeichenwerk/builder.go:541.84,545.2 3 0
github.com/tekugo/zeichenwerk/builder.go:548.55,552.2 3 0
github.com/tekugo/zeichenwerk/builder.go:555.48,559.2 3 0
github.com/tekugo/zeichenwerk/builder.go:565.57,567.22 2 0
github.com/tekugo/zeichenwerk/builder.go:567.22,569.3 1 0
github.com/tekugo/zeichenwerk/builder.go:570.2,571.19 2 0
github.com/tekugo/zeichenwerk/builder.go:571.19,573.3 1 0
github.com/tekugo/zeichenwerk/builder.go:573.8,575.3 1 0
github.com/tekugo/zeichenwerk/builder.go:576.2,576.10 1 0
github.com/tekugo/zeichenwerk/builder.go:581.53,584.22 3 0
github.com/tekugo/zeichenwerk/builder.go:584.22,586.3 1 0
github.com/tekugo/zeichenwerk/builder.go:586.8,586.29 1 0
github.com/tekugo/zeichenwerk/builder.go:586.29,589.3 2 0
github.com/tekugo/zeichenwerk/builder.go:590.2,591.19 2 0
github.com/tekugo/zeichenwerk/builder.go:591.19,593.3 1 0
github.com/tekugo/zeichenwerk/builder.go:593.8,595.3 1 0
github.com/tekugo/zeichenwerk/builder.go:596.2,596.10 1 0
github.com/tekugo/zeichenwerk/builder.go:608.51,611.22 2 0
github.com/tekugo/zeichenwerk/builder.go:611.22,613.3 1 0
github.com/tekugo/zeichenwerk/builder.go:615.2,616.10 2 0
github.com/tekugo/zeichenwerk/builder.go:628.49,634.2 5 0
github.com/tekugo/zeichenwerk/builder.go:640.48,643.2 2 0
github.com/tekugo/zeichenwerk/builder.go:646.52,649.2 2 0
github.com/tekugo/zeichenwerk/builder.go:652.46,655.2 2 0
github.com/tekugo/zeichenwerk/builder.go:660.51,662.22 2 0
github.com/tekugo/zeichenwerk/builder.go:662.22,664.3 1 0
github.com/tekugo/zeichenwerk/builder.go:665.2,666.19 2 0
github.com/tekugo/zeichenwerk/builder.go:666.19,668.3 1 0
github.com/tekugo/zeichenwerk/builder.go:668.8,670.3 1 0
github.com/tekugo/zeichenwerk/builder.go:671.2,671.10 1 0
github.com/tekugo/zeichenwerk/builder.go:676.57,678.22 2 0
github.com/tekugo/zeichenwerk/builder.go:678.22,680.3 1 0
github.com/tekugo/zeichenwerk/builder.go:681.2,682.19 2 0
github.com/tekugo/zeichenwerk/builder.go:682.19,684.3 1 0
github.com/tekugo/zeichenwerk/builder.go:684.8,686.3 1 0
github.com/tekugo/zeichenwerk/builder.go:687.2,687.10 1 0
github.com/tekugo/zeichenwerk/builder.go:691.58,694.2 2 0
github.com/tekugo/zeichenwerk/builder.go:703.52,706.2 2 0
github.com/tekugo/zeichenwerk/builder.go:714.45,716.19 2 0
github.com/tekugo/zeichenwerk/builder.go:716.19,718.3 1 0
github.com/tekugo/zeichenwerk/builder.go:718.8,720.3 1 0
github.com/tekugo/zeichenwerk/builder.go:721.2,721.10 1 0
github.com/tekugo/zeichenwerk/builder.go:730.46,732.19 2 0
github.com/tekugo/zeichenwerk/builder.go:732.19,734.3 1 0
github.com/tekugo/zeichenwerk/builder.go:734.8,736.3 1 0
github.com/tekugo/zeichenwerk/builder.go:737.2,737.10 1 0
github.com/tekugo/zeichenwerk/builder.go:747.47,751.2 3 0
github.com/tekugo/zeichenwerk/builder.go:760.52,764.2 3 0
github.com/tekugo/zeichenwerk/button.go:33.41,42.2 5 0
github.com/tekugo/zeichenwerk/button.go:45.26,47.2 1 0
github.com/tekugo/zeichenwerk/button.go:62.66,63.21 1 0
github.com/tekugo/zeichenwerk/button.go:64.22,66.14 2 0
github.com/tekugo/zeichenwerk/button.go:67.21,69.25 1 0
github.com/tekugo/zeichenwerk/button.go:69.25,72.4 2 0
github.com/tekugo/zeichenwerk/button.go:75.2,75.14 1 0
github.com/tekugo/zeichenwerk/button.go:93.70,98.50 3 0
github.com/tekugo/zeichenwerk/button.go:98.50,99.26 1 0
github.com/tekugo/zeichenwerk/button.go:100.22,102.15 2 0
github.com/tekugo/zeichenwerk/button.go:103.25,104.25 1 0
github.com/tekugo/zeichenwerk/button.go:104.25,108.5 3 0
github.com/tekugo/zeichenwerk/button.go:110.8,110.30 1 0
github.com/tekugo/zeichenwerk/button.go:110.30,113.3 1 0
github.com/tekugo/zeichenwerk/button.go:115.2,115.14 1 0
github.com/tekugo/zeichenwerk/button.go:119.38,123.2 3 0
github.com/tekugo/zeichenwerk/canvas.go:44.54,54.24 3 1
github.com/tekugo/zeichenwerk/canvas.go:54.24,56.3 1 1
github.com/tekugo/zeichenwerk/canvas.go:59.2,67.10 4 1
github.com/tekugo/zeichenwerk/canvas.go:73.41,74.65 1 1
github.com/tekugo/zeichenwerk/canvas.go:74.65,76.3 1 0
github.com/tekugo/zeichenwerk/canvas.go:77.2,77.23 1 1
github.com/tekugo/zeichenwerk/canvas.go:83.61,84.65 1 1
github.com/tekugo/zeichenwerk/canvas.go:84.65,86.3 1 0
github.com/tekugo/zeichenwerk/canvas.go:87.2,87.18 1 1
github.com/tekugo/zeichenwerk/canvas.go:87.18,89.3 1 0
github.com/tekugo/zeichenwerk/canvas.go:90.2,91.13 2 1
github.com/tekugo/zeichenwerk/canvas.go:97.26,99.25 2 1
github.com/tekugo/zeichenwerk/canvas.go:99.25,100.29 1 1
github.com/tekugo/zeichenwerk/canvas.go:100.29,102.4 1 1
github.com/tekugo/zeichenwerk/canvas.go:104.2,105.13 2 1
github.com/tekugo/zeichenwerk/canvas.go:111.48,112.18 1 1
github.com/tekugo/zeichenwerk/canvas.go:112.18,114.3 1 0
github.com/tekugo/zeichenwerk/canvas.go:115.2,115.25 1 1
github.com/tekugo/zeichenwerk/canvas.go:115.25,116.29 1 1
github.com/tekugo/zeichenwerk/canvas.go:116.29,118.4 1 1
github.com/tekugo/zeichenwerk/canvas.go:120.2,120.13 1 1
github.com/tekugo/zeichenwerk/canvas.go:128.46,129.24 1 1
github.com/tekugo/zeichenwerk/canvas.go:129.24,131.3 1 1
github.com/tekugo/zeichenwerk/canvas.go:132.2,133.18 2 1
github.com/tekugo/zeichenwerk/canvas.go:133.18,135.27 1 1
github.com/tekugo/zeichenwerk/canvas.go:135.27,137.4 1 1
github.com/tekugo/zeichenwerk/canvas.go:137.9,139.4 1 1
github.com/tekugo/zeichenwerk/canvas.go:141.2,141.37 1 1
github.com/tekugo/zeichenwerk/canvas.go:148.64,149.16 1 0
github.com/tekugo/zeichenwerk/canvas.go:150.18,151.33 1 0
github.com/tekugo/zeichenwerk/canvas.go:152.18,153.33 1 0
github.com/tekugo/zeichenwerk/canvas.go:155.2,155.14 1 0
github.com/tekugo/zeichenwerk/canvas.go:161.61,162.19 1 0
github.com/tekugo/zeichenwerk/canvas.go:163.19,165.14 2 0
github.com/tekugo/zeichenwerk/canvas.go:166.21,168.14 2 0
github.com/tekugo/zeichenwerk/canvas.go:169.21,171.14 2 0
github.com/tekugo/zeichenwerk/canvas.go:172.22,174.14 2 0
github.com/tekugo/zeichenwerk/canvas.go:175.21,178.14 3 0
github.com/tekugo/zeichenwerk/canvas.go:179.20,182.14 3 0
github.com/tekugo/zeichenwerk/canvas.go:183.20,185.14 1 0
github.com/tekugo/zeichenwerk/canvas.go:186.21,188.13 2 0
github.com/tekugo/zeichenwerk/canvas.go:189.12,191.15 2 0
github.com/tekugo/zeichenwerk/canvas.go:192.12,194.15 2 0
github.com/tekugo/zeichenwerk/canvas.go:195.12,197.15 2 0
github.com/tekugo/zeichenwerk/canvas.go:198.12,200.15 2 0
github.com/tekugo/zeichenwerk/canvas.go:201.17,204.15 3 0
github.com/tekugo/zeichenwerk/canvas.go:206.3,206.15 1 0
github.com/tekugo/zeichenwerk/canvas.go:207.10,208.15 1 0
github.com/tekugo/zeichenwerk/canvas.go:216.61,217.19 1 0
github.com/tekugo/zeichenwerk/canvas.go:218.20,221.14 3 0
github.com/tekugo/zeichenwerk/canvas.go:222.65,225.14 2 0
github.com/tekugo/zeichenwerk/canvas.go:226.21,229.14 3 0
github.com/tekugo/zeichenwerk/canvas.go:230.20,233.14 3 0
github.com/tekugo/zeichenwerk/canvas.go:234.21,236.50 2 0
github.com/tekugo/zeichenwerk/canvas.go:236.50,239.4 2 0
github.com/tekugo/zeichenwerk/canvas.go:240.3,240.15 1 0
github.com/tekugo/zeichenwerk/canvas.go:241.10,242.15 1 0
github.com/tekugo/zeichenwerk/canvas.go:248.35,252.14 3 1
github.com/tekugo/zeichenwerk/canvas.go:252.14,254.3 1 1
github.com/tekugo/zeichenwerk/canvas.go:254.8,254.36 1 1
github.com/tekugo/zeichenwerk/canvas.go:254.36,256.3 1 0
github.com/tekugo/zeichenwerk/canvas.go:258.2,258.14 1 1
github.com/tekugo/zeichenwerk/canvas.go:258.14,260.3 1 1
github.com/tekugo/zeichenwerk/canvas.go:260.8,260.33 1 1
github.com/tekugo/zeichenwerk/canvas.go:260.33,262.3 1 0
github.com/tekugo/zeichenwerk/canvas.go:264.2,265.13 2 1
github.com/tekugo/zeichenwerk/canvas.go:272.45,275.38 3 0
github.com/tekugo/zeichenwerk/canvas.go:275.38,277.3 1 0
github.com/tekugo/zeichenwerk/canvas.go:278.2,279.35 2 0
github.com/tekugo/zeichenwerk/canvas.go:279.35,281.3 1 0
github.com/tekugo/zeichenwerk/canvas.go:288.38,291.25 2 0
github.com/tekugo/zeichenwerk/canvas.go:291.25,292.26 1 0
github.com/tekugo/zeichenwerk/canvas.go:292.26,294.36 2 0
github.com/tekugo/zeichenwerk/canvas.go:294.36,296.21 2 0
github.com/tekugo/zeichenwerk/canvas.go:296.21,298.6 1 0
github.com/tekugo/zeichenwerk/canvas.go:299.5,300.35 2 0
github.com/tekugo/zeichenwerk/canvas.go:301.10,303.33 2 0
github.com/tekugo/zeichenwerk/canvas.go:303.33,306.6 2 0
github.com/tekugo/zeichenwerk/canvas.go:315.45,316.23 1 1
github.com/tekugo/zeichenwerk/canvas.go:316.23,318.3 1 0
github.com/tekugo/zeichenwerk/canvas.go:319.2,319.38 1 1
github.com/tekugo/zeichenwerk/canvas.go:324.38,327.2 2 0
github.com/tekugo/zeichenwerk/canvas.go:330.32,332.2 1 1
github.com/tekugo/zeichenwerk/canvas.go:336.39,339.2 2 1
github.com/tekugo/zeichenwerk/checkbox.go:32.59,44.2 8 0
github.com/tekugo/zeichenwerk/checkbox.go:47.30,49.2 1 0
github.com/tekugo/zeichenwerk/checkbox.go:54.29,55.24 1 0
github.com/tekugo/zeichenwerk/checkbox.go:55.24,57.3 1 0
github.com/tekugo/zeichenwerk/checkbox.go:58.2,60.13 3 0
github.com/tekugo/zeichenwerk/checkbox.go:69.68,70.24 1 0
github.com/tekugo/zeichenwerk/checkbox.go:70.24,72.3 1 0
github.com/tekugo/zeichenwerk/checkbox.go:73.2,73.21 1 0
github.com/tekugo/zeichenwerk/checkbox.go:74.22,76.14 2 0
github.com/tekugo/zeichenwerk/checkbox.go:77.21,79.25 1 0
github.com/tekugo/zeichenwerk/checkbox.go:79.25,82.4 2 0
github.com/tekugo/zeichenwerk/checkbox.go:84.2,84.14 1 0
github.com/tekugo/zeichenwerk/checkbox.go:93.72,94.24 1 0
github.com/tekugo/zeichenwerk/checkbox.go:94.24,96.3 1 0
github.com/tekugo/zeichenwerk/checkbox.go:97.2,101.50 3 0
github.com/tekugo/zeichenwerk/checkbox.go:101.50,102.26 1 0
github.com/tekugo/zeichenwerk/checkbox.go:103.22,105.15 2 0
github.com/tekugo/zeichenwerk/checkbox.go:109.2,109.14 1 0
github.com/tekugo/zeichenwerk/checkbox.go:112.40,114.20 2 0
github.com/tekugo/zeichenwerk/checkbox.go:114.20,116.3 1 0
github.com/tekugo/zeichenwerk/checkbox.go:119.2,123.23 3 0
github.com/tekugo/zeichenwerk/checkbox.go:123.23,125.3 1 0
github.com/tekugo/zeichenwerk/checkbox.go:125.8,127.3 1 0
github.com/tekugo/zeichenwerk/checkbox.go:130.2,130.12 1 0
github.com/tekugo/zeichenwerk/checkbox.go:130.12,132.3 1 0
github.com/tekugo/zeichenwerk/checkbox.go:135.2,135.27 1 0
github.com/tekugo/zeichenwerk/checkbox.go:135.27,139.3 3 0
github.com/tekugo/zeichenwerk/component.go:47.41,49.2 1 0
github.com/tekugo/zeichenwerk/component.go:55.51,57.2 1 1
github.com/tekugo/zeichenwerk/component.go:63.52,65.18 2 1
github.com/tekugo/zeichenwerk/component.go:65.18,67.3 1 0
github.com/tekugo/zeichenwerk/component.go:67.8,72.3 1 1
github.com/tekugo/zeichenwerk/component.go:82.49,84.2 1 0
github.com/tekugo/zeichenwerk/component.go:93.77,94.23 1 1
github.com/tekugo/zeichenwerk/component.go:94.23,96.3 1 0
github.com/tekugo/zeichenwerk/component.go:97.2,99.8 3 1
github.com/tekugo/zeichenwerk/component.go:99.8,100.36 1 1
github.com/tekugo/zeichenwerk/component.go:100.36,102.15 2 1
github.com/tekugo/zeichenwerk/component.go:102.15,104.5 1 1
github.com/tekugo/zeichenwerk/component.go:107.2,107.14 1 0
github.com/tekugo/zeichenwerk/component.go:118.45,119.21 1 1
github.com/tekugo/zeichenwerk/component.go:119.21,121.3 1 1
github.com/tekugo/zeichenwerk/component.go:122.2,122.24 1 1
github.com/tekugo/zeichenwerk/component.go:136.39,138.2 1 1
github.com/tekugo/zeichenwerk/component.go:147.33,149.2 1 1
github.com/tekugo/zeichenwerk/component.go:154.35,157.21 3 0
github.com/tekugo/zeichenwerk/component.go:157.21,159.3 1 0
github.com/tekugo/zeichenwerk/component.go:160.2,161.103 1 0
github.com/tekugo/zeichenwerk/component.go:174.74,175.21 1 0
github.com/tekugo/zeichenwerk/component.go:175.21,177.3 1 0
github.com/tekugo/zeichenwerk/component.go:188.55,189.23 1 1
github.com/tekugo/zeichenwerk/component.go:189.23,191.3 1 1
github.com/tekugo/zeichenwerk/component.go:192.2,192.56 1 1
github.com/tekugo/zeichenwerk/component.go:198.40,200.2 1 0
github.com/tekugo/zeichenwerk/component.go:210.31,211.21 1 1
github.com/tekugo/zeichenwerk/component.go:211.21,213.3 1 0
github.com/tekugo/zeichenwerk/component.go:229.41,231.22 1 0
github.com/tekugo/zeichenwerk/component.go:231.22,233.3 1 0
github.com/tekugo/zeichenwerk/component.go:236.2,237.17 2 0
github.com/tekugo/zeichenwerk/component.go:237.17,239.3 1 0
github.com/tekugo/zeichenwerk/component.go:240.2,244.30 3 0
github.com/tekugo/zeichenwerk/component.go:244.30,248.3 2 0
github.com/tekugo/zeichenwerk/component.go:251.2,252.38 2 0
github.com/tekugo/zeichenwerk/component.go:252.38,254.21 2 0
github.com/tekugo/zeichenwerk/component.go:254.21,258.22 4 0
github.com/tekugo/zeichenwerk/component.go:258.22,260.5 1 0
github.com/tekugo/zeichenwerk/component.go:261.4,261.21 1 0
github.com/tekugo/zeichenwerk/component.go:262.9,264.4 1 0
github.com/tekugo/zeichenwerk/component.go:265.3,267.62 3 0
github.com/tekugo/zeichenwerk/component.go:280.56,282.2 1 1
github.com/tekugo/zeichenwerk/component.go:290.55,291.21 1 1
github.com/tekugo/zeichenwerk/component.go:291.21,293.3 1 1
github.com/tekugo/zeichenwerk/component.go:294.2,294.25 1 1
github.com/tekugo/zeichenwerk/component.go:303.48,306.2 2 1
github.com/tekugo/zeichenwerk/component.go:312.49,314.2 1 0
github.com/tekugo/zeichenwerk/component.go:317.36,318.24 1 1
github.com/tekugo/zeichenwerk/component.go:318.24,320.3 1 0
github.com/tekugo/zeichenwerk/component.go:320.8,320.30 1 1
github.com/tekugo/zeichenwerk/component.go:320.30,322.3 1 0
github.com/tekugo/zeichenwerk/component.go:322.8,322.30 1 1
github.com/tekugo/zeichenwerk/component.go:322.30,324.3 1 1
github.com/tekugo/zeichenwerk/component.go:324.8,324.30 1 1
github.com/tekugo/zeichenwerk/component.go:324.30,326.3 1 0
github.com/tekugo/zeichenwerk/component.go:327.2,327.11 1 1
github.com/tekugo/zeichenwerk/component.go:338.61,339.21 1 0
github.com/tekugo/zeichenwerk/component.go:339.21,341.3 1 0
github.com/tekugo/zeichenwerk/component.go:342.2,342.18 1 0
github.com/tekugo/zeichenwerk/component.go:342.18,344.3 1 0
github.com/tekugo/zeichenwerk/component.go:344.8,346.3 1 0
github.com/tekugo/zeichenwerk/component.go:371.52,375.21 2 1
github.com/tekugo/zeichenwerk/component.go:375.21,377.3 1 0
github.com/tekugo/zeichenwerk/component.go:377.8,379.21 2 1
github.com/tekugo/zeichenwerk/component.go:379.21,381.4 1 1
github.com/tekugo/zeichenwerk/component.go:385.2,385.21 1 1
github.com/tekugo/zeichenwerk/component.go:385.21,387.3 1 1
github.com/tekugo/zeichenwerk/component.go:390.2,390.41 1 1
github.com/tekugo/zeichenwerk/component.go:390.41,392.3 1 0
github.com/tekugo/zeichenwerk/component.go:395.2,396.21 2 1
github.com/tekugo/zeichenwerk/component.go:396.21,398.21 1 1
github.com/tekugo/zeichenwerk/component.go:398.21,399.43 1 0
github.com/tekugo/zeichenwerk/component.go:399.43,401.5 1 0
github.com/tekugo/zeichenwerk/component.go:404.3,404.21 1 1
github.com/tekugo/zeichenwerk/component.go:404.21,405.47 1 1
github.com/tekugo/zeichenwerk/component.go:405.47,407.5 1 0
github.com/tekugo/zeichenwerk/component.go:412.2,412.25 1 1
github.com/tekugo/zeichenwerk/component.go:412.25,414.3 1 1
github.com/tekugo/zeichenwerk/component.go:415.2,415.21 1 1
github.com/tekugo/zeichenwerk/component.go:425.39,426.21 1 0
github.com/tekugo/zeichenwerk/component.go:426.21,428.3 1 0
github.com/tekugo/zeichenwerk/component.go:429.2,429.44 1 0
github.com/tekugo/zeichenwerk/container.go:25.50,26.26 1 0
github.com/tekugo/zeichenwerk/container.go:26.26,28.3 1 0
github.com/tekugo/zeichenwerk/container.go:29.2,29.45 1 0
github.com/tekugo/zeichenwerk/container.go:29.45,30.23 1 0
github.com/tekugo/zeichenwerk/container.go:30.23,32.4 1 0
github.com/tekugo/zeichenwerk/container.go:33.3,34.9 2 0
github.com/tekugo/zeichenwerk/container.go:34.9,36.21 2 0
github.com/tekugo/zeichenwerk/container.go:36.21,38.5 1 0
github.com/tekugo/zeichenwerk/container.go:41.2,41.12 1 0
github.com/tekugo/zeichenwerk/container.go:52.46,54.47 2 0
github.com/tekugo/zeichenwerk/container.go:54.47,55.32 1 0
github.com/tekugo/zeichenwerk/container.go:55.32,57.4 1 0
github.com/tekugo/zeichenwerk/container.go:58.3,58.14 1 0
github.com/tekugo/zeichenwerk/container.go:60.2,60.15 1 0
github.com/tekugo/zeichenwerk/container.go:72.51,76.50 2 0
github.com/tekugo/zeichenwerk/container.go:76.50,78.3 1 0
github.com/tekugo/zeichenwerk/container.go:80.2,80.45 1 0
github.com/tekugo/zeichenwerk/container.go:80.45,82.15 2 0
github.com/tekugo/zeichenwerk/container.go:82.15,83.12 1 0
github.com/tekugo/zeichenwerk/container.go:85.3,86.51 2 0
github.com/tekugo/zeichenwerk/container.go:86.51,88.10 2 0
github.com/tekugo/zeichenwerk/container.go:88.10,90.22 2 0
github.com/tekugo/zeichenwerk/container.go:90.22,92.6 1 0
github.com/tekugo/zeichenwerk/container.go:94.4,94.16 1 0
github.com/tekugo/zeichenwerk/container.go:98.2,98.18 1 0
github.com/tekugo/zeichenwerk/container.go:107.34,108.45 1 0
github.com/tekugo/zeichenwerk/container.go:108.45,109.41 1 0
github.com/tekugo/zeichenwerk/container.go:109.41,111.4 1 0
github.com/tekugo/zeichenwerk/container.go:121.58,122.45 1 0
github.com/tekugo/zeichenwerk/container.go:122.45,123.17 1 0
github.com/tekugo/zeichenwerk/container.go:123.17,124.12 1 0
github.com/tekugo/zeichenwerk/container.go:126.3,126.41 1 0
github.com/tekugo/zeichenwerk/container.go:126.41,128.4 1 0
github.com/tekugo/zeichenwerk/custom.go:12.63,17.2 1 0
github.com/tekugo/zeichenwerk/custom.go:23.45,26.23 2 0
github.com/tekugo/zeichenwerk/custom.go:26.23,28.3 1 0
github.com/tekugo/zeichenwerk/dialog.go:11.42,16.2 1 0
github.com/tekugo/zeichenwerk/dialog.go:18.37,19.19 1 0
github.com/tekugo/zeichenwerk/dialog.go:19.19,21.3 1 0
github.com/tekugo/zeichenwerk/dialog.go:22.2,22.20 1 0
github.com/tekugo/zeichenwerk/dialog.go:22.20,24.3 1 0
github.com/tekugo/zeichenwerk/dialog.go:25.2,26.22 2 0
github.com/tekugo/zeichenwerk/dialog.go:29.38,30.20 1 0
github.com/tekugo/zeichenwerk/dialog.go:30.20,32.3 1 0
github.com/tekugo/zeichenwerk/dialog.go:33.2,33.26 1 0
github.com/tekugo/zeichenwerk/dialog.go:36.36,37.37 1 0
github.com/tekugo/zeichenwerk/dialog.go:37.37,40.3 2 0
github.com/tekugo/zeichenwerk/dialog.go:40.8,40.27 1 0
github.com/tekugo/zeichenwerk/dialog.go:40.27,48.20 7 0
github.com/tekugo/zeichenwerk/dialog.go:48.20,52.4 3 0
github.com/tekugo/zeichenwerk/dialog.go:54.3,55.14 2 0
github.com/tekugo/zeichenwerk/dialog.go:56.8,58.3 1 0
github.com/tekugo/zeichenwerk/dialog.go:61.27,62.20 1 0
github.com/tekugo/zeichenwerk/dialog.go:62.20,64.20 2 0
github.com/tekugo/zeichenwerk/dialog.go:64.20,67.4 2 0
github.com/tekugo/zeichenwerk/dialog.go:68.3,68.36 1 0
github.com/tekugo/zeichenwerk/dialog.go:70.2,70.11 1 0
github.com/tekugo/zeichenwerk/dialog.go:74.38,76.22 1 0
github.com/tekugo/zeichenwerk/dialog.go:76.22,78.3 1 0
github.com/tekugo/zeichenwerk/dialog.go:81.2,82.17 2 0
github.com/tekugo/zeichenwerk/dialog.go:82.17,84.3 1 0
github.com/tekugo/zeichenwerk/dialog.go:85.2,90.19 4 0
github.com/tekugo/zeichenwerk/dialog.go:90.19,98.3 5 0
github.com/tekugo/zeichenwerk/dialog.go:101.2,106.38 4 0
github.com/tekugo/zeichenwerk/dialog.go:106.38,108.21 2 0
github.com/tekugo/zeichenwerk/dialog.go:108.21,112.22 4 0
github.com/tekugo/zeichenwerk/dialog.go:112.22,114.5 1 0
github.com/tekugo/zeichenwerk/dialog.go:115.4,115.21 1 0
github.com/tekugo/zeichenwerk/dialog.go:116.9,118.4 1 0
github.com/tekugo/zeichenwerk/dialog.go:119.3,121.62 3 0
github.com/tekugo/zeichenwerk/dialog.go:125.2,125.20 1 0
github.com/tekugo/zeichenwerk/dialog.go:125.20,127.3 1 0
github.com/tekugo/zeichenwerk/digits.go:128.41,135.26 3 0
github.com/tekugo/zeichenwerk/digits.go:135.26,136.36 1 0
github.com/tekugo/zeichenwerk/digits.go:136.36,138.4 1 0
github.com/tekugo/zeichenwerk/digits.go:140.2,142.10 3 0
github.com/tekugo/zeichenwerk/digits.go:146.38,152.11 3 0
github.com/tekugo/zeichenwerk/digits.go:152.11,154.3 1 0
github.com/tekugo/zeichenwerk/digits.go:157.2,158.28 2 0
github.com/tekugo/zeichenwerk/digits.go:158.28,159.36 1 0
github.com/tekugo/zeichenwerk/digits.go:159.36,160.32 1 0
github.com/tekugo/zeichenwerk/digits.go:160.32,162.5 1 0
github.com/tekugo/zeichenwerk/digits.go:163.4,163.44 1 0
github.com/tekugo/zeichenwerk/digits.go:169.39,172.2 2 0
github.com/tekugo/zeichenwerk/editor.go:30.35,48.2 4 0
github.com/tekugo/zeichenwerk/editor.go:52.46,55.24 2 0
github.com/tekugo/zeichenwerk/editor.go:55.24,57.3 1 0
github.com/tekugo/zeichenwerk/editor.go:60.2,64.19 3 0
github.com/tekugo/zeichenwerk/editor.go:64.19,66.3 1 0
github.com/tekugo/zeichenwerk/editor.go:68.2,78.56 8 0
github.com/tekugo/zeichenwerk/editor.go:78.56,80.3 1 0
github.com/tekugo/zeichenwerk/editor.go:82.2,82.20 1 0
github.com/tekugo/zeichenwerk/editor.go:86.28,88.2 1 0
github.com/tekugo/zeichenwerk/editor.go:91.45,93.29 2 0
github.com/tekugo/zeichenwerk/editor.go:93.29,95.3 1 0
github.com/tekugo/zeichenwerk/editor.go:96.2,96.25 1 0
github.com/tekugo/zeichenwerk/editor.go:96.25,98.3 1 0
github.com/tekugo/zeichenwerk/editor.go:99.2,105.13 7 0
github.com/tekugo/zeichenwerk/editor.go:109.36,112.2 2 0
github.com/tekugo/zeichenwerk/editor.go:115.35,117.32 2 0
github.com/tekugo/zeichenwerk/editor.go:117.32,119.3 1 0
github.com/tekugo/zeichenwerk/editor.go:120.2,120.14 1 0
github.com/tekugo/zeichenwerk/editor.go:124.32,126.2 1 0
github.com/tekugo/zeichenwerk/editor.go:129.41,130.15 1 0
github.com/tekugo/zeichenwerk/editor.go:130.15,132.3 1 0
github.com/tekugo/zeichenwerk/editor.go:133.2,133.13 1 0
github.com/tekugo/zeichenwerk/editor.go:137.44,139.2 1 0
github.com/tekugo/zeichenwerk/editor.go:142.45,143.10 1 0
github.com/tekugo/zeichenwerk/editor.go:143.10,145.3 1 0
github.com/tekugo/zeichenwerk/editor.go:145.8,147.3 1 0
github.com/tekugo/zeichenwerk/editor.go:148.2,148.13 1 0
github.com/tekugo/zeichenwerk/editor.go:152.43,154.2 1 0
github.com/tekugo/zeichenwerk/editor.go:157.39,159.8 2 0
github.com/tekugo/zeichenwerk/editor.go:159.8,161.3 1 0
github.com/tekugo/zeichenwerk/editor.go:161.8,163.3 1 0
github.com/tekugo/zeichenwerk/editor.go:168.25,169.18 1 0
github.com/tekugo/zeichenwerk/editor.go:169.18,173.3 3 0
github.com/tekugo/zeichenwerk/editor.go:173.8,173.23 1 0
github.com/tekugo/zeichenwerk/editor.go:173.23,178.3 4 0
github.com/tekugo/zeichenwerk/editor.go:181.26,183.24 2 0
github.com/tekugo/zeichenwerk/editor.go:183.24,187.3 3 0
github.com/tekugo/zeichenwerk/editor.go:187.8,187.38 1 0
github.com/tekugo/zeichenwerk/editor.go:187.38,192.3 4 0
github.com/tekugo/zeichenwerk/editor.go:195.23,196.16 1 0
github.com/tekugo/zeichenwerk/editor.go:196.16,199.25 3 0
github.com/tekugo/zeichenwerk/editor.go:199.25,201.4 1 0
github.com/tekugo/zeichenwerk/editor.go:202.3,203.14 2 0
github.com/tekugo/zeichenwerk/editor.go:207.25,208.31 1 0
github.com/tekugo/zeichenwerk/editor.go:208.31,211.25 3 0
github.com/tekugo/zeichenwerk/editor.go:211.25,213.4 1 0
github.com/tekugo/zeichenwerk/editor.go:214.3,215.14 2 0
github.com/tekugo/zeichenwerk/editor.go:219.25,223.2 3 0
github.com/tekugo/zeichenwerk/editor.go:225.24,229.2 3 0
github.com/tekugo/zeichenwerk/editor.go:231.27,236.2 4 0
github.com/tekugo/zeichenwerk/editor.go:238.29,243.2 4 0
github.com/tekugo/zeichenwerk/editor.go:245.33,247.2 1 0
github.com/tekugo/zeichenwerk/editor.go:249.32,253.2 3 0
github.com/tekugo/zeichenwerk/editor.go:256.43,257.14 1 0
github.com/tekugo/zeichenwerk/editor.go:257.14,259.3 1 0
github.com/tekugo/zeichenwerk/editor.go:259.8,259.35 1 0
github.com/tekugo/zeichenwerk/editor.go:259.35,261.3 1 0
github.com/tekugo/zeichenwerk/editor.go:262.2,263.16 2 0
github.com/tekugo/zeichenwerk/editor.go:263.16,265.3 1 0
github.com/tekugo/zeichenwerk/editor.go:265.8,265.29 1 0
github.com/tekugo/zeichenwerk/editor.go:265.29,267.3 1 0
github.com/tekugo/zeichenwerk/editor.go:268.2,271.13 4 0
github.com/tekugo/zeichenwerk/editor.go:276.34,277.16 1 0
github.com/tekugo/zeichenwerk/editor.go:277.16,279.3 1 0
github.com/tekugo/zeichenwerk/editor.go:282.2,282.16 1 0
github.com/tekugo/zeichenwerk/editor.go:282.16,283.15 1 0
github.com/tekugo/zeichenwerk/editor.go:283.15,285.4 1 0
github.com/tekugo/zeichenwerk/editor.go:285.9,289.4 3 0
github.com/tekugo/zeichenwerk/editor.go:290.8,294.3 3 0
github.com/tekugo/zeichenwerk/editor.go:296.2,299.13 4 0
github.com/tekugo/zeichenwerk/editor.go:302.27,303.16 1 0
github.com/tekugo/zeichenwerk/editor.go:303.16,305.3 1 0
github.com/tekugo/zeichenwerk/editor.go:307.2,307.18 1 0
github.com/tekugo/zeichenwerk/editor.go:307.18,311.3 3 0
github.com/tekugo/zeichenwerk/editor.go:311.8,311.23 1 0
github.com/tekugo/zeichenwerk/editor.go:311.23,318.33 4 0
github.com/tekugo/zeichenwerk/editor.go:318.33,321.4 2 0
github.com/tekugo/zeichenwerk/editor.go:324.3,325.16 2 0
github.com/tekugo/zeichenwerk/editor.go:328.2,331.13 4 0
github.com/tekugo/zeichenwerk/editor.go:334.34,335.16 1 0
github.com/tekugo/zeichenwerk/editor.go:335.16,337.3 1 0
github.com/tekugo/zeichenwerk/editor.go:339.2,340.24 2 0
github.com/tekugo/zeichenwerk/editor.go:340.24,343.3 2 0
github.com/tekugo/zeichenwerk/editor.go:343.8,343.38 1 0
github.com/tekugo/zeichenwerk/editor.go:343.38,346.30 2 0
github.com/tekugo/zeichenwerk/editor.go:346.30,349.4 2 0
github.com/tekugo/zeichenwerk/editor.go:350.3,350.68 1 0
github.com/tekugo/zeichenwerk/editor.go:353.2,356.13 4 0
github.com/tekugo/zeichenwerk/editor.go:359.26,360.16 1 0
github.com/tekugo/zeichenwerk/editor.go:360.16,362.3 1 0
github.com/tekugo/zeichenwerk/editor.go:365.2,368.45 3 0
github.com/tekugo/zeichenwerk/editor.go:368.45,370.3 1 0
github.com/tekugo/zeichenwerk/editor.go:373.2,374.38 2 0
github.com/tekugo/zeichenwerk/editor.go:374.38,376.3 1 0
github.com/tekugo/zeichenwerk/editor.go:379.2,382.14 2 0
github.com/tekugo/zeichenwerk/editor.go:382.14,384.37 2 0
github.com/tekugo/zeichenwerk/editor.go:384.37,387.4 2 0
github.com/tekugo/zeichenwerk/editor.go:391.2,395.14 3 0
github.com/tekugo/zeichenwerk/editor.go:395.14,398.3 2 0
github.com/tekugo/zeichenwerk/editor.go:398.8,400.3 1 0
github.com/tekugo/zeichenwerk/editor.go:402.2,405.13 4 0
github.com/tekugo/zeichenwerk/editor.go:409.38,411.19 2 0
github.com/tekugo/zeichenwerk/editor.go:411.19,414.3 2 0
github.com/tekugo/zeichenwerk/editor.go:415.2,418.13 4 0
github.com/tekugo/zeichenwerk/editor.go:422.52,423.46 1 0
github.com/tekugo/zeichenwerk/editor.go:423.46,425.3 1 0
github.com/tekugo/zeichenwerk/editor.go:426.2,428.26 3 0
github.com/tekugo/zeichenwerk/editor.go:428.26,429.30 1 0
github.com/tekugo/zeichenwerk/editor.go:429.30,431.4 1 0
github.com/tekugo/zeichenwerk/editor.go:431.9,432.9 1 0
github.com/tekugo/zeichenwerk/editor.go:435.2,435.15 1 0
github.com/tekugo/zeichenwerk/editor.go:441.35,443.24 2 0
github.com/tekugo/zeichenwerk/editor.go:443.24,445.3 1 0
github.com/tekugo/zeichenwerk/editor.go:447.2,448.19 2 0
github.com/tekugo/zeichenwerk/editor.go:448.19,450.3 1 0
github.com/tekugo/zeichenwerk/editor.go:451.2,464.27 8 0
github.com/tekugo/zeichenwerk/editor.go:464.27,466.3 1 0
github.com/tekugo/zeichenwerk/editor.go:466.8,466.43 1 0
github.com/tekugo/zeichenwerk/editor.go:466.43,468.3 1 0
github.com/tekugo/zeichenwerk/editor.go:469.2,469.19 1 0
github.com/tekugo/zeichenwerk/editor.go:469.19,471.3 1 0
github.com/tekugo/zeichenwerk/editor.go:473.2,474.28 2 0
github.com/tekugo/zeichenwerk/editor.go:474.28,476.3 1 0
github.com/tekugo/zeichenwerk/editor.go:479.2,479.24 1 0
github.com/tekugo/zeichenwerk/editor.go:479.24,481.3 1 0
github.com/tekugo/zeichenwerk/editor.go:481.8,481.40 1 0
github.com/tekugo/zeichenwerk/editor.go:481.40,483.3 1 0
github.com/tekugo/zeichenwerk/editor.go:484.2,484.19 1 0
github.com/tekugo/zeichenwerk/editor.go:484.19,486.3 1 0
github.com/tekugo/zeichenwerk/editor.go:488.2,489.28 2 0
github.com/tekugo/zeichenwerk/editor.go:489.28,491.3 1 0
github.com/tekugo/zeichenwerk/editor.go:495.46,496.30 1 0
github.com/tekugo/zeichenwerk/editor.go:496.30,498.3 1 0
github.com/tekugo/zeichenwerk/editor.go:499.2,501.49 3 0
github.com/tekugo/zeichenwerk/editor.go:501.49,502.22 1 0
github.com/tekugo/zeichenwerk/editor.go:502.22,504.4 1 0
github.com/tekugo/zeichenwerk/editor.go:504.9,506.4 1 0
github.com/tekugo/zeichenwerk/editor.go:508.2,508.12 1 0
github.com/tekugo/zeichenwerk/editor.go:512.38,514.32 2 0
github.com/tekugo/zeichenwerk/editor.go:514.32,517.24 3 0
github.com/tekugo/zeichenwerk/editor.go:517.24,519.4 1 0
github.com/tekugo/zeichenwerk/editor.go:525.38,530.22 3 0
github.com/tekugo/zeichenwerk/editor.go:530.22,532.3 1 0
github.com/tekugo/zeichenwerk/editor.go:535.2,536.19 2 0
github.com/tekugo/zeichenwerk/editor.go:536.19,538.3 1 0
github.com/tekugo/zeichenwerk/editor.go:539.2,547.11 5 0
github.com/tekugo/zeichenwerk/editor.go:547.11,549.3 1 0
github.com/tekugo/zeichenwerk/editor.go:550.2,550.11 1 0
github.com/tekugo/zeichenwerk/editor.go:550.11,552.3 1 0
github.com/tekugo/zeichenwerk/editor.go:555.2,555.19 1 0
github.com/tekugo/zeichenwerk/editor.go:555.19,559.22 3 0
github.com/tekugo/zeichenwerk/editor.go:559.22,561.4 1 0
github.com/tekugo/zeichenwerk/editor.go:561.9,563.4 1 0
github.com/tekugo/zeichenwerk/editor.go:564.3,564.32 1 0
github.com/tekugo/zeichenwerk/editor.go:564.32,566.4 1 0
github.com/tekugo/zeichenwerk/editor.go:570.2,572.31 3 0
github.com/tekugo/zeichenwerk/editor.go:572.31,574.32 2 0
github.com/tekugo/zeichenwerk/editor.go:574.32,577.12 2 0
github.com/tekugo/zeichenwerk/editor.go:579.3,582.45 3 0
github.com/tekugo/zeichenwerk/editor.go:582.45,584.20 2 0
github.com/tekugo/zeichenwerk/editor.go:584.20,586.5 1 0
github.com/tekugo/zeichenwerk/editor.go:586.10,588.5 1 0
github.com/tekugo/zeichenwerk/editor.go:589.9,592.4 2 0
github.com/tekugo/zeichenwerk/editor.go:593.3,593.43 1 0
github.com/tekugo/zeichenwerk/editor.go:597.2,597.11 1 0
github.com/tekugo/zeichenwerk/editor.go:597.11,600.3 1 0
github.com/tekugo/zeichenwerk/editor.go:601.2,601.11 1 0
github.com/tekugo/zeichenwerk/editor.go:601.11,604.3 1 0
github.com/tekugo/zeichenwerk/editor.go:608.74,611.21 2 0
github.com/tekugo/zeichenwerk/editor.go:611.21,613.3 1 0
github.com/tekugo/zeichenwerk/editor.go:613.8,615.3 1 0
github.com/tekugo/zeichenwerk/editor.go:616.2,616.30 1 0
github.com/tekugo/zeichenwerk/editor.go:616.30,618.32 2 0
github.com/tekugo/zeichenwerk/editor.go:618.32,621.12 2 0
github.com/tekugo/zeichenwerk/editor.go:624.3,628.18 4 0
github.com/tekugo/zeichenwerk/editor.go:628.18,630.4 1 0
github.com/tekugo/zeichenwerk/editor.go:630.9,632.4 1 0
github.com/tekugo/zeichenwerk/editor.go:634.3,634.24 1 0
github.com/tekugo/zeichenwerk/editor.go:634.24,636.23 2 0
github.com/tekugo/zeichenwerk/editor.go:636.23,640.24 3 0
github.com/tekugo/zeichenwerk/editor.go:640.24,642.6 1 0
github.com/tekugo/zeichenwerk/editor.go:642.11,644.6 1 0
github.com/tekugo/zeichenwerk/editor.go:652.93,653.33 1 0
github.com/tekugo/zeichenwerk/editor.go:653.33,655.3 1 0
github.com/tekugo/zeichenwerk/editor.go:657.2,661.25 4 0
github.com/tekugo/zeichenwerk/editor.go:661.25,663.3 1 0
github.com/tekugo/zeichenwerk/editor.go:664.2,665.33 2 0
github.com/tekugo/zeichenwerk/editor.go:669.48,670.32 1 0
github.com/tekugo/zeichenwerk/editor.go:670.32,672.3 1 0
github.com/tekugo/zeichenwerk/editor.go:673.2,675.23 3 0
github.com/tekugo/zeichenwerk/editor.go:675.23,676.17 1 0
github.com/tekugo/zeichenwerk/editor.go:676.17,678.32 2 0
github.com/tekugo/zeichenwerk/editor.go:678.32,681.5 2 0
github.com/tekugo/zeichenwerk/editor.go:682.9,685.4 2 0
github.com/tekugo/zeichenwerk/editor.go:687.2,687.19 1 0
github.com/tekugo/zeichenwerk/editor.go:691.46,694.23 3 0
github.com/tekugo/zeichenwerk/editor.go:694.23,695.17 1 0
github.com/tekugo/zeichenwerk/editor.go:695.17,698.4 2 0
github.com/tekugo/zeichenwerk/editor.go:698.9,701.4 2 0
github.com/tekugo/zeichenwerk/editor.go:703.2,703.14 1 0
github.com/tekugo/zeichenwerk/editor.go:707.22,708.7 1 0
github.com/tekugo/zeichenwerk/editor.go:708.7,710.3 1 0
github.com/tekugo/zeichenwerk/editor.go:711.2,711.10 1 0
github.com/tekugo/zeichenwerk/editor.go:716.64,720.60 1 0
github.com/tekugo/zeichenwerk/editor.go:720.60,722.3 1 0
github.com/tekugo/zeichenwerk/editor.go:724.2,724.19 1 0
github.com/tekugo/zeichenwerk/editor.go:725.21,727.14 2 0
github.com/tekugo/zeichenwerk/editor.go:728.22,730.14 2 0
github.com/tekugo/zeichenwerk/editor.go:731.19,733.14 2 0
github.com/tekugo/zeichenwerk/editor.go:734.21,736.14 2 0
github.com/tekugo/zeichenwerk/editor.go:737.21,739.14 2 0
github.com/tekugo/zeichenwerk/editor.go:740.20,742.14 2 0
github.com/tekugo/zeichenwerk/editor.go:743.21,745.14 2 0
github.com/tekugo/zeichenwerk/editor.go:746.21,748.14 2 0
github.com/tekugo/zeichenwerk/editor.go:749.22,751.14 2 0
github.com/tekugo/zeichenwerk/editor.go:752.22,754.14 2 0
github.com/tekugo/zeichenwerk/editor.go:755.47,757.14 2 0
github.com/tekugo/zeichenwerk/editor.go:758.23,760.14 2 0
github.com/tekugo/zeichenwerk/editor.go:761.22,763.14 2 0
github.com/tekugo/zeichenwerk/editor.go:764.20,766.14 2 0
github.com/tekugo/zeichenwerk/editor.go:767.21,769.18 2 0
github.com/tekugo/zeichenwerk/editor.go:769.18,771.4 1 0
github.com/tekugo/zeichenwerk/editor.go:772.3,772.14 1 0
github.com/tekugo/zeichenwerk/editor.go:773.10,774.15 1 0
github.com/tekugo/zeichenwerk/flex.go:40.79,47.2 1 0
github.com/tekugo/zeichenwerk/flex.go:55.35,56.19 1 0
github.com/tekugo/zeichenwerk/flex.go:56.19,59.3 2 0
github.com/tekugo/zeichenwerk/flex.go:68.36,70.2 1 0
github.com/tekugo/zeichenwerk/flex.go:84.34,87.18 2 0
github.com/tekugo/zeichenwerk/flex.go:87.18,89.36 1 0
github.com/tekugo/zeichenwerk/flex.go:89.36,94.13 5 0
github.com/tekugo/zeichenwerk/flex.go:94.13,96.5 1 0
github.com/tekugo/zeichenwerk/flex.go:97.4,97.19 1 0
github.com/tekugo/zeichenwerk/flex.go:97.19,99.5 1 0
github.com/tekugo/zeichenwerk/flex.go:101.8,103.36 1 0
github.com/tekugo/zeichenwerk/flex.go:103.36,108.13 5 0
github.com/tekugo/zeichenwerk/flex.go:108.13,110.5 1 0
github.com/tekugo/zeichenwerk/flex.go:111.4,111.18 1 0
github.com/tekugo/zeichenwerk/flex.go:111.18,113.5 1 0
github.com/tekugo/zeichenwerk/flex.go:116.2,116.22 1 0
github.com/tekugo/zeichenwerk/flex.go:121.25,122.18 1 0
github.com/tekugo/zeichenwerk/flex.go:122.18,125.3 2 0
github.com/tekugo/zeichenwerk/flex.go:125.8,128.3 2 0
github.com/tekugo/zeichenwerk/flex.go:131.2,131.11 1 0
github.com/tekugo/zeichenwerk/flex.go:148.35,158.35 7 0
github.com/tekugo/zeichenwerk/flex.go:158.35,162.13 3 0
github.com/tekugo/zeichenwerk/flex.go:162.13,165.4 2 0
github.com/tekugo/zeichenwerk/flex.go:165.9,167.4 1 0
github.com/tekugo/zeichenwerk/flex.go:168.3,168.12 1 0
github.com/tekugo/zeichenwerk/flex.go:168.12,170.4 1 0
github.com/tekugo/zeichenwerk/flex.go:174.2,174.19 1 0
github.com/tekugo/zeichenwerk/flex.go:174.19,176.3 1 0
github.com/tekugo/zeichenwerk/flex.go:179.2,180.35 2 0
github.com/tekugo/zeichenwerk/flex.go:180.35,186.13 4 0
github.com/tekugo/zeichenwerk/flex.go:186.13,187.17 1 0
github.com/tekugo/zeichenwerk/flex.go:187.17,189.5 1 0
github.com/tekugo/zeichenwerk/flex.go:189.10,192.5 1 0
github.com/tekugo/zeichenwerk/flex.go:193.4,193.32 1 0
github.com/tekugo/zeichenwerk/flex.go:194.9,196.4 1 0
github.com/tekugo/zeichenwerk/flex.go:197.3,198.25 2 0
github.com/tekugo/zeichenwerk/flex.go:218.33,228.35 7 0
github.com/tekugo/zeichenwerk/flex.go:228.35,232.13 3 0
github.com/tekugo/zeichenwerk/flex.go:232.13,235.4 2 0
github.com/tekugo/zeichenwerk/flex.go:235.9,237.4 1 0
github.com/tekugo/zeichenwerk/flex.go:238.3,238.12 1 0
github.com/tekugo/zeichenwerk/flex.go:238.12,240.4 1 0
github.com/tekugo/zeichenwerk/flex.go:244.2,244.19 1 0
github.com/tekugo/zeichenwerk/flex.go:244.19,246.3 1 0
github.com/tekugo/zeichenwerk/flex.go:249.2,250.35 2 0
github.com/tekugo/zeichenwerk/flex.go:250.35,256.13 4 0
github.com/tekugo/zeichenwerk/flex.go:256.13,257.17 1 0
github.com/tekugo/zeichenwerk/flex.go:257.17,260.5 2 0
github.com/tekugo/zeichenwerk/flex.go:260.10,263.5 1 0
github.com/tekugo/zeichenwerk/flex.go:264.9,266.4 1 0
github.com/tekugo/zeichenwerk/flex.go:267.3,269.26 3 0
github.com/tekugo/zeichenwerk/flex.go:293.63,296.19 2 0
github.com/tekugo/zeichenwerk/flex.go:297.16,298.20 1 0
github.com/tekugo/zeichenwerk/flex.go:298.20,300.4 1 0
github.com/tekugo/zeichenwerk/flex.go:301.3,301.31 1 0
github.com/tekugo/zeichenwerk/flex.go:302.13,303.26 1 0
github.com/tekugo/zeichenwerk/flex.go:304.17,305.22 1 0
github.com/tekugo/zeichenwerk/flex.go:306.10,307.21 1 0
github.com/tekugo/zeichenwerk/flex.go:312.36,314.35 2 0
github.com/tekugo/zeichenwerk/flex.go:314.35,316.3 1 0
github.com/tekugo/zeichenwerk/form-group.go:17.78,25.2 2 0
github.com/tekugo/zeichenwerk/form-group.go:27.65,28.19 1 0
github.com/tekugo/zeichenwerk/form-group.go:28.19,30.3 1 0
github.com/tekugo/zeichenwerk/form-group.go:31.2,31.28 1 0
github.com/tekugo/zeichenwerk/form-group.go:31.28,33.3 1 0
github.com/tekugo/zeichenwerk/form-group.go:34.2,36.22 3 0
github.com/tekugo/zeichenwerk/form-group.go:39.42,41.32 2 0
github.com/tekugo/zeichenwerk/form-group.go:41.32,42.26 1 0
github.com/tekugo/zeichenwerk/form-group.go:42.26,44.4 1 0
github.com/tekugo/zeichenwerk/form-group.go:46.2,46.17 1 0
github.com/tekugo/zeichenwerk/form-group.go:49.40,52.32 3 0
github.com/tekugo/zeichenwerk/form-group.go:52.32,54.30 2 0
github.com/tekugo/zeichenwerk/form-group.go:54.30,56.31 1 0
github.com/tekugo/zeichenwerk/form-group.go:56.31,57.33 1 0
github.com/tekugo/zeichenwerk/form-group.go:57.33,59.6 1 0
github.com/tekugo/zeichenwerk/form-group.go:63.4,69.15 6 0
github.com/tekugo/zeichenwerk/form-group.go:69.15,71.5 1 0
github.com/tekugo/zeichenwerk/form-group.go:73.4,73.13 1 0
github.com/tekugo/zeichenwerk/form-group.go:73.13,75.5 1 0
github.com/tekugo/zeichenwerk/form-group.go:77.3,77.21 1 0
github.com/tekugo/zeichenwerk/form-group.go:77.21,79.4 1 0
github.com/tekugo/zeichenwerk/form-group.go:80.3,80.12 1 0
github.com/tekugo/zeichenwerk/form-group.go:80.12,82.4 1 0
github.com/tekugo/zeichenwerk/form-group.go:83.3,83.13 1 0
github.com/tekugo/zeichenwerk/form-group.go:83.13,85.4 1 0
github.com/tekugo/zeichenwerk/form-group.go:86.3,86.10 1 0
github.com/tekugo/zeichenwerk/form-group.go:88.2,88.19 1 0
github.com/tekugo/zeichenwerk/form-group.go:91.31,94.19 2 0
github.com/tekugo/zeichenwerk/form-group.go:94.19,95.33 1 0
github.com/tekugo/zeichenwerk/form-group.go:95.33,96.32 1 0
github.com/tekugo/zeichenwerk/form-group.go:96.32,98.5 1 0
github.com/tekugo/zeichenwerk/form-group.go:103.2,107.32 3 0
github.com/tekugo/zeichenwerk/form-group.go:107.32,111.21 3 0
github.com/tekugo/zeichenwerk/form-group.go:111.21,113.4 1 0
github.com/tekugo/zeichenwerk/form-group.go:114.3,114.30 1 0
github.com/tekugo/zeichenwerk/form-group.go:114.30,116.21 1 0
github.com/tekugo/zeichenwerk/form-group.go:116.21,117.15 1 0
github.com/tekugo/zeichenwerk/form-group.go:117.15,119.6 1 0
github.com/tekugo/zeichenwerk/form-group.go:119.11,121.6 1 0
github.com/tekugo/zeichenwerk/form-group.go:122.10,124.5 1 0
github.com/tekugo/zeichenwerk/form-group.go:127.4,131.23 5 0
github.com/tekugo/zeichenwerk/form-group.go:131.23,134.5 2 0
github.com/tekugo/zeichenwerk/form-group.go:134.10,136.5 1 0
github.com/tekugo/zeichenwerk/form-group.go:139.4,139.15 1 0
github.com/tekugo/zeichenwerk/form-group.go:139.15,141.5 1 0
github.com/tekugo/zeichenwerk/form-group.go:143.3,143.28 1 0
github.com/tekugo/zeichenwerk/form-group.go:147.42,152.32 2 0
github.com/tekugo/zeichenwerk/form-group.go:152.32,153.30 1 0
github.com/tekugo/zeichenwerk/form-group.go:153.30,154.36 1 0
github.com/tekugo/zeichenwerk/form-group.go:154.36,156.5 1 0
github.com/tekugo/zeichenwerk/form-group.go:161.2,161.38 1 0
github.com/tekugo/zeichenwerk/form-group.go:161.38,162.28 1 0
github.com/tekugo/zeichenwerk/form-group.go:162.28,164.4 1 0
github.com/tekugo/zeichenwerk/form.go:27.48,34.2 2 0
github.com/tekugo/zeichenwerk/form.go:40.35,41.19 1 0
github.com/tekugo/zeichenwerk/form.go:41.19,43.3 1 0
github.com/tekugo/zeichenwerk/form.go:44.2,44.20 1 0
github.com/tekugo/zeichenwerk/form.go:44.20,46.3 1 0
github.com/tekugo/zeichenwerk/form.go:47.2,48.22 2 0
github.com/tekugo/zeichenwerk/form.go:55.36,56.20 1 0
github.com/tekugo/zeichenwerk/form.go:56.20,58.3 1 0
github.com/tekugo/zeichenwerk/form.go:59.2,59.26 1 0
github.com/tekugo/zeichenwerk/form.go:62.34,63.20 1 0
github.com/tekugo/zeichenwerk/form.go:63.20,69.3 5 0
github.com/tekugo/zeichenwerk/form.go:69.8,71.3 1 0
github.com/tekugo/zeichenwerk/form.go:77.25,79.20 2 0
github.com/tekugo/zeichenwerk/form.go:79.20,82.47 3 0
github.com/tekugo/zeichenwerk/form.go:82.47,84.4 1 0
github.com/tekugo/zeichenwerk/form.go:90.36,93.2 2 0
github.com/tekugo/zeichenwerk/form.go:102.52,103.61 1 0
github.com/tekugo/zeichenwerk/form.go:103.61,104.24 1 0
github.com/tekugo/zeichenwerk/form.go:105.15,106.21 1 0
github.com/tekugo/zeichenwerk/form.go:106.21,107.40 1 0
github.com/tekugo/zeichenwerk/form.go:107.40,109.6 1 0
github.com/tekugo/zeichenwerk/form.go:111.18,112.21 1 0
github.com/tekugo/zeichenwerk/form.go:112.21,113.36 1 0
github.com/tekugo/zeichenwerk/form.go:113.36,115.6 1 0
github.com/tekugo/zeichenwerk/form.go:117.11,118.63 1 0
github.com/tekugo/zeichenwerk/form.go:120.3,120.15 1 0
github.com/tekugo/zeichenwerk/form.go:125.27,127.2 1 0
github.com/tekugo/zeichenwerk/form.go:130.31,132.2 1 0
github.com/tekugo/zeichenwerk/gap-buffer.go:27.44,28.18 1 1
github.com/tekugo/zeichenwerk/gap-buffer.go:28.18,30.3 1 1
github.com/tekugo/zeichenwerk/gap-buffer.go:31.2,35.3 1 1
github.com/tekugo/zeichenwerk/gap-buffer.go:49.70,50.21 1 1
github.com/tekugo/zeichenwerk/gap-buffer.go:50.21,52.3 1 1
github.com/tekugo/zeichenwerk/gap-buffer.go:54.2,67.11 6 1
github.com/tekugo/zeichenwerk/gap-buffer.go:73.31,82.2 6 1
github.com/tekugo/zeichenwerk/gap-buffer.go:94.36,95.34 1 1
github.com/tekugo/zeichenwerk/gap-buffer.go:95.34,96.52 1 1
github.com/tekugo/zeichenwerk/gap-buffer.go:99.2,99.20 1 1
github.com/tekugo/zeichenwerk/gap-buffer.go:99.20,105.3 4 1
github.com/tekugo/zeichenwerk/gap-buffer.go:105.8,105.27 1 1
github.com/tekugo/zeichenwerk/gap-buffer.go:105.27,111.3 4 1
github.com/tekugo/zeichenwerk/gap-buffer.go:121.37,122.24 1 1
github.com/tekugo/zeichenwerk/gap-buffer.go:122.24,124.3 1 1
github.com/tekugo/zeichenwerk/gap-buffer.go:125.2,126.12 2 1
github.com/tekugo/zeichenwerk/gap-buffer.go:132.31,133.29 1 1
github.com/tekugo/zeichenwerk/gap-buffer.go:133.29,135.3 1 1
github.com/tekugo/zeichenwerk/gap-buffer.go:143.35,145.2 1 1
github.com/tekugo/zeichenwerk/gap-buffer.go:152.38,157.2 4 1
github.com/tekugo/zeichenwerk/gap-buffer.go:172.51,174.12 2 1
github.com/tekugo/zeichenwerk/gap-buffer.go:174.12,176.40 2 1
github.com/tekugo/zeichenwerk/gap-buffer.go:176.40,178.4 1 1
github.com/tekugo/zeichenwerk/gap-buffer.go:179.3,179.23 1 1
github.com/tekugo/zeichenwerk/gap-buffer.go:179.23,181.38 1 1
github.com/tekugo/zeichenwerk/gap-buffer.go:181.38,183.5 1 1
github.com/tekugo/zeichenwerk/gap-buffer.go:185.4,185.45 1 1
github.com/tekugo/zeichenwerk/gap-buffer.go:185.45,187.5 1 1
github.com/tekugo/zeichenwerk/gap-buffer.go:188.9,191.53 2 1
github.com/tekugo/zeichenwerk/gap-buffer.go:191.53,193.5 1 1
github.com/tekugo/zeichenwerk/gap-buffer.go:196.2,196.11 1 1
github.com/tekugo/zeichenwerk/gap-buffer.go:209.44,213.23 4 1
github.com/tekugo/zeichenwerk/gap-buffer.go:213.23,214.36 1 1
github.com/tekugo/zeichenwerk/gap-buffer.go:214.36,218.4 3 1
github.com/tekugo/zeichenwerk/gap-buffer.go:218.9,219.19 1 1
github.com/tekugo/zeichenwerk/gap-buffer.go:219.19,221.5 1 1
github.com/tekugo/zeichenwerk/gap-buffer.go:221.10,224.5 2 1
github.com/tekugo/zeichenwerk/gap-buffer.go:227.2,227.12 1 1
github.com/tekugo/zeichenwerk/gap-buffer.go:240.48,242.18 2 1
github.com/tekugo/zeichenwerk/gap-buffer.go:242.18,244.3 1 1
github.com/tekugo/zeichenwerk/gap-buffer.go:245.2,248.24 4 1
github.com/tekugo/zeichenwerk/gap-buffer.go:248.24,250.3 1 1
github.com/tekugo/zeichenwerk/gap-buffer.go:253.2,253.29 1 1
github.com/tekugo/zeichenwerk/gap-buffer.go:253.29,254.19 1 1
github.com/tekugo/zeichenwerk/gap-buffer.go:254.19,256.4 1 1
github.com/tekugo/zeichenwerk/gap-buffer.go:257.3,257.40 1 1
github.com/tekugo/zeichenwerk/gap-buffer.go:260.2,262.17 3 1
github.com/tekugo/zeichenwerk/gap-buffer.go:262.17,263.29 1 1
github.com/tekugo/zeichenwerk/gap-buffer.go:263.29,266.4 2 1
github.com/tekugo/zeichenwerk/gap-buffer.go:267.3,267.21 1 1
github.com/tekugo/zeichenwerk/gap-buffer.go:267.21,270.4 2 1
github.com/tekugo/zeichenwerk/gap-buffer.go:270.9,270.50 1 1
github.com/tekugo/zeichenwerk/gap-buffer.go:270.50,271.14 1 1
github.com/tekugo/zeichenwerk/gap-buffer.go:271.14,273.5 1 1
github.com/tekugo/zeichenwerk/gap-buffer.go:273.10,275.5 1 1
github.com/tekugo/zeichenwerk/gap-buffer.go:278.2,278.15 1 1
github.com/tekugo/zeichenwerk/grid.go:80.62,91.22 2 0
github.com/tekugo/zeichenwerk/grid.go:91.22,94.26 3 0
github.com/tekugo/zeichenwerk/grid.go:94.26,96.4 1 0
github.com/tekugo/zeichenwerk/grid.go:98.2,98.25 1 0
github.com/tekugo/zeichenwerk/grid.go:98.25,100.3 1 0
github.com/tekugo/zeichenwerk/grid.go:101.2,101.14 1 0
github.com/tekugo/zeichenwerk/grid.go:110.36,112.31 2 0
github.com/tekugo/zeichenwerk/grid.go:112.31,114.3 1 0
github.com/tekugo/zeichenwerk/grid.go:115.2,115.15 1 0
github.com/tekugo/zeichenwerk/grid.go:139.52,141.12 1 0
github.com/tekugo/zeichenwerk/grid.go:141.12,143.3 1 0
github.com/tekugo/zeichenwerk/grid.go:144.2,144.12 1 0
github.com/tekugo/zeichenwerk/grid.go:144.12,146.3 1 0
github.com/tekugo/zeichenwerk/grid.go:149.2,149.25 1 0
github.com/tekugo/zeichenwerk/grid.go:149.25,152.3 2 0
github.com/tekugo/zeichenwerk/grid.go:153.2,153.26 1 0
github.com/tekugo/zeichenwerk/grid.go:153.26,155.3 1 0
github.com/tekugo/zeichenwerk/grid.go:158.2,158.22 1 0
github.com/tekugo/zeichenwerk/grid.go:158.22,161.3 2 0
github.com/tekugo/zeichenwerk/grid.go:162.2,162.23 1 0
github.com/tekugo/zeichenwerk/grid.go:162.23,164.3 1 0
github.com/tekugo/zeichenwerk/grid.go:166.2,167.22 2 0
github.com/tekugo/zeichenwerk/grid.go:176.40,177.36 1 0
github.com/tekugo/zeichenwerk/grid.go:177.36,179.3 1 0
github.com/tekugo/zeichenwerk/grid.go:179.8,181.3 1 0
github.com/tekugo/zeichenwerk/grid.go:184.34,185.30 1 0
github.com/tekugo/zeichenwerk/grid.go:185.30,187.3 1 0
github.com/tekugo/zeichenwerk/grid.go:187.8,189.3 1 0
github.com/tekugo/zeichenwerk/grid.go:214.25,225.30 9 0
github.com/tekugo/zeichenwerk/grid.go:225.30,226.34 1 0
github.com/tekugo/zeichenwerk/grid.go:226.34,228.4 1 0
github.com/tekugo/zeichenwerk/grid.go:233.2,233.31 1 0
github.com/tekugo/zeichenwerk/grid.go:233.31,238.37 5 0
github.com/tekugo/zeichenwerk/grid.go:238.37,240.4 1 0
github.com/tekugo/zeichenwerk/grid.go:241.3,241.37 1 0
github.com/tekugo/zeichenwerk/grid.go:241.37,243.4 1 0
github.com/tekugo/zeichenwerk/grid.go:247.2,247.13 1 0
github.com/tekugo/zeichenwerk/grid.go:247.13,250.3 2 0
github.com/tekugo/zeichenwerk/grid.go:254.2,254.27 1 0
github.com/tekugo/zeichenwerk/grid.go:254.27,255.23 1 0
github.com/tekugo/zeichenwerk/grid.go:255.23,258.4 2 0
github.com/tekugo/zeichenwerk/grid.go:258.9,258.31 1 0
github.com/tekugo/zeichenwerk/grid.go:258.31,261.4 2 0
github.com/tekugo/zeichenwerk/grid.go:261.9,264.4 2 0
github.com/tekugo/zeichenwerk/grid.go:268.2,270.12 3 0
github.com/tekugo/zeichenwerk/grid.go:270.12,272.3 1 0
github.com/tekugo/zeichenwerk/grid.go:273.2,273.27 1 0
github.com/tekugo/zeichenwerk/grid.go:273.27,274.23 1 0
github.com/tekugo/zeichenwerk/grid.go:274.23,275.15 1 0
github.com/tekugo/zeichenwerk/grid.go:275.15,278.5 1 0
github.com/tekugo/zeichenwerk/grid.go:278.10,281.5 2 0
github.com/tekugo/zeichenwerk/grid.go:285.3,285.12 1 0
github.com/tekugo/zeichenwerk/grid.go:285.12,287.15 2 0
github.com/tekugo/zeichenwerk/grid.go:287.15,289.5 1 0
github.com/tekugo/zeichenwerk/grid.go:290.9,294.40 3 0
github.com/tekugo/zeichenwerk/grid.go:294.40,296.5 1 0
github.com/tekugo/zeichenwerk/grid.go:302.2,303.24 2 0
github.com/tekugo/zeichenwerk/grid.go:303.24,304.20 1 0
github.com/tekugo/zeichenwerk/grid.go:304.20,307.4 2 0
github.com/tekugo/zeichenwerk/grid.go:307.9,307.28 1 0
github.com/tekugo/zeichenwerk/grid.go:307.28,310.4 2 0
github.com/tekugo/zeichenwerk/grid.go:310.9,314.4 3 0
github.com/tekugo/zeichenwerk/grid.go:318.2,320.12 3 0
github.com/tekugo/zeichenwerk/grid.go:320.12,322.3 1 0
github.com/tekugo/zeichenwerk/grid.go:323.2,323.24 1 0
github.com/tekugo/zeichenwerk/grid.go:323.24,324.20 1 0
github.com/tekugo/zeichenwerk/grid.go:324.20,325.15 1 0
github.com/tekugo/zeichenwerk/grid.go:325.15,328.5 1 0
github.com/tekugo/zeichenwerk/grid.go:328.10,331.5 2 0
github.com/tekugo/zeichenwerk/grid.go:335.3,335.12 1 0
github.com/tekugo/zeichenwerk/grid.go:335.12,337.15 2 0
github.com/tekugo/zeichenwerk/grid.go:337.15,339.5 1 0
github.com/tekugo/zeichenwerk/grid.go:340.9,344.40 3 0
github.com/tekugo/zeichenwerk/grid.go:344.40,346.5 1 0
github.com/tekugo/zeichenwerk/grid.go:351.2,351.31 1 0
github.com/tekugo/zeichenwerk/grid.go:351.31,356.31 3 0
github.com/tekugo/zeichenwerk/grid.go:356.31,357.34 1 0
github.com/tekugo/zeichenwerk/grid.go:357.34,358.10 1 0
github.com/tekugo/zeichenwerk/grid.go:360.4,361.24 2 0
github.com/tekugo/zeichenwerk/grid.go:361.24,363.5 1 0
github.com/tekugo/zeichenwerk/grid.go:366.4,366.32 1 0
github.com/tekugo/zeichenwerk/grid.go:366.32,367.60 1 0
github.com/tekugo/zeichenwerk/grid.go:367.60,368.38 1 0
github.com/tekugo/zeichenwerk/grid.go:368.38,371.7 1 0
github.com/tekugo/zeichenwerk/grid.go:371.12,371.29 1 0
github.com/tekugo/zeichenwerk/grid.go:371.29,374.7 1 0
github.com/tekugo/zeichenwerk/grid.go:374.12,374.29 1 0
github.com/tekugo/zeichenwerk/grid.go:374.29,377.7 1 0
github.com/tekugo/zeichenwerk/grid.go:383.3,383.31 1 0
github.com/tekugo/zeichenwerk/grid.go:383.31,385.15 2 0
github.com/tekugo/zeichenwerk/grid.go:385.15,387.5 1 0
github.com/tekugo/zeichenwerk/grid.go:391.3,394.48 2 0
github.com/tekugo/zeichenwerk/grid.go:394.48,396.4 1 0
github.com/tekugo/zeichenwerk/grid.go:400.36,405.31 2 0
github.com/tekugo/zeichenwerk/grid.go:405.31,407.3 1 0
github.com/tekugo/zeichenwerk/grid.go:410.2,410.14 1 0
github.com/tekugo/zeichenwerk/grid.go:410.14,412.3 1 0
github.com/tekugo/zeichenwerk/grid.go:415.2,417.38 3 0
github.com/tekugo/zeichenwerk/grid.go:417.38,419.3 1 0
github.com/tekugo/zeichenwerk/grid.go:420.2,421.14 2 0
github.com/tekugo/zeichenwerk/grid.go:421.14,423.3 1 0
github.com/tekugo/zeichenwerk/grid.go:424.2,430.36 5 0
github.com/tekugo/zeichenwerk/grid.go:430.36,432.35 2 0
github.com/tekugo/zeichenwerk/grid.go:432.35,435.4 2 0
github.com/tekugo/zeichenwerk/grid.go:436.3,436.47 1 0
github.com/tekugo/zeichenwerk/grid.go:436.47,439.4 2 0
github.com/tekugo/zeichenwerk/grid.go:443.2,445.33 3 0
github.com/tekugo/zeichenwerk/grid.go:445.33,447.35 2 0
github.com/tekugo/zeichenwerk/grid.go:447.35,450.4 2 0
github.com/tekugo/zeichenwerk/grid.go:451.3,451.50 1 0
github.com/tekugo/zeichenwerk/grid.go:451.50,454.4 2 0
github.com/tekugo/zeichenwerk/grid.go:458.2,459.31 2 0
github.com/tekugo/zeichenwerk/grid.go:459.31,462.33 3 0
github.com/tekugo/zeichenwerk/grid.go:462.33,464.61 2 0
github.com/tekugo/zeichenwerk/grid.go:464.61,467.5 2 0
github.com/tekugo/zeichenwerk/grid.go:468.4,468.62 1 0
github.com/tekugo/zeichenwerk/grid.go:468.62,471.5 2 0
github.com/tekugo/zeichenwerk/grid.go:472.4,472.51 1 0
github.com/tekugo/zeichenwerk/grid.go:472.51,473.41 1 0
github.com/tekugo/zeichenwerk/grid.go:473.41,475.6 1 0
github.com/tekugo/zeichenwerk/grid.go:476.5,476.41 1 0
github.com/tekugo/zeichenwerk/grid.go:476.41,478.6 1 0
github.com/tekugo/zeichenwerk/grid.go:479.5,479.22 1 0
github.com/tekugo/zeichenwerk/grid.go:480.12,481.36 1 0
github.com/tekugo/zeichenwerk/grid.go:482.12,483.40 1 0
github.com/tekugo/zeichenwerk/grid.go:484.13,485.36 1 0
github.com/tekugo/zeichenwerk/grid.go:486.13,487.42 1 0
github.com/tekugo/zeichenwerk/grid.go:488.13,489.41 1 0
github.com/tekugo/zeichenwerk/grid.go:490.13,491.39 1 0
github.com/tekugo/zeichenwerk/grid.go:492.13,493.36 1 0
github.com/tekugo/zeichenwerk/grid.go:496.4,496.28 1 0
github.com/tekugo/zeichenwerk/grid.go:496.28,498.5 1 0
github.com/tekugo/zeichenwerk/helper.go:19.32,21.21 2 0
github.com/tekugo/zeichenwerk/helper.go:21.21,22.34 1 0
github.com/tekugo/zeichenwerk/helper.go:22.34,24.4 1 0
github.com/tekugo/zeichenwerk/helper.go:25.3,25.29 1 0
github.com/tekugo/zeichenwerk/helper.go:27.2,27.12 1 0
github.com/tekugo/zeichenwerk/helper.go:31.31,32.19 1 0
github.com/tekugo/zeichenwerk/helper.go:32.19,34.3 1 0
github.com/tekugo/zeichenwerk/helper.go:34.8,36.3 1 0
github.com/tekugo/zeichenwerk/helper.go:40.71,41.19 1 1
github.com/tekugo/zeichenwerk/helper.go:41.19,43.3 1 0
github.com/tekugo/zeichenwerk/helper.go:45.2,45.71 1 1
github.com/tekugo/zeichenwerk/helper.go:45.71,46.21 1 0
github.com/tekugo/zeichenwerk/helper.go:46.21,48.4 1 0
github.com/tekugo/zeichenwerk/helper.go:49.3,49.46 1 0
github.com/tekugo/zeichenwerk/helper.go:49.46,51.4 1 0
github.com/tekugo/zeichenwerk/helper.go:51.9,53.4 1 0
github.com/tekugo/zeichenwerk/helper.go:58.75,59.19 1 0
github.com/tekugo/zeichenwerk/helper.go:59.19,61.3 1 0
github.com/tekugo/zeichenwerk/helper.go:63.2,63.73 1 0
github.com/tekugo/zeichenwerk/helper.go:63.73,64.21 1 0
github.com/tekugo/zeichenwerk/helper.go:64.21,66.4 1 0
github.com/tekugo/zeichenwerk/helper.go:67.3,67.48 1 0
github.com/tekugo/zeichenwerk/helper.go:67.48,69.4 1 0
github.com/tekugo/zeichenwerk/helper.go:69.9,71.4 1 0
github.com/tekugo/zeichenwerk/helper.go:76.28,78.15 2 0
github.com/tekugo/zeichenwerk/helper.go:78.15,80.3 1 0
github.com/tekugo/zeichenwerk/helper.go:85.39,87.2 1 0
github.com/tekugo/zeichenwerk/helper.go:90.92,92.19 2 0
github.com/tekugo/zeichenwerk/helper.go:92.19,95.3 2 0
github.com/tekugo/zeichenwerk/helper.go:96.2,96.19 1 0
github.com/tekugo/zeichenwerk/helper.go:100.95,102.19 2 0
github.com/tekugo/zeichenwerk/helper.go:102.19,105.3 2 0
github.com/tekugo/zeichenwerk/helper.go:106.2,107.9 2 0
github.com/tekugo/zeichenwerk/helper.go:107.9,110.3 2 0
github.com/tekugo/zeichenwerk/helper.go:111.2,111.71 1 0
github.com/tekugo/zeichenwerk/helper.go:111.71,112.21 1 0
github.com/tekugo/zeichenwerk/helper.go:112.21,115.4 2 0
github.com/tekugo/zeichenwerk/helper.go:116.3,117.10 2 0
github.com/tekugo/zeichenwerk/helper.go:117.10,120.4 2 0
github.com/tekugo/zeichenwerk/helper.go:121.3,121.32 1 0
github.com/tekugo/zeichenwerk/helper.go:126.56,128.19 2 0
github.com/tekugo/zeichenwerk/helper.go:128.19,130.3 1 0
github.com/tekugo/zeichenwerk/helper.go:131.2,131.28 1 0
github.com/tekugo/zeichenwerk/helper.go:132.15,133.36 1 0
github.com/tekugo/zeichenwerk/helper.go:133.36,135.4 1 0
github.com/tekugo/zeichenwerk/helper.go:135.9,137.4 1 0
github.com/tekugo/zeichenwerk/helper.go:138.13,139.40 1 0
github.com/tekugo/zeichenwerk/helper.go:139.40,142.22 2 0
github.com/tekugo/zeichenwerk/helper.go:142.22,144.5 1 0
github.com/tekugo/zeichenwerk/helper.go:146.13,147.40 1 0
github.com/tekugo/zeichenwerk/helper.go:147.40,149.4 1 0
github.com/tekugo/zeichenwerk/input.go:23.51,25.21 2 0
github.com/tekugo/zeichenwerk/input.go:25.21,27.3 1 0
github.com/tekugo/zeichenwerk/input.go:28.2,28.21 1 0
github.com/tekugo/zeichenwerk/input.go:28.21,30.3 1 0
github.com/tekugo/zeichenwerk/input.go:31.2,31.21 1 0
github.com/tekugo/zeichenwerk/input.go:31.21,33.3 1 0
github.com/tekugo/zeichenwerk/input.go:33.8,35.3 1 0
github.com/tekugo/zeichenwerk/input.go:37.2,50.14 6 0
github.com/tekugo/zeichenwerk/input.go:67.45,72.17 3 0
github.com/tekugo/zeichenwerk/input.go:72.17,74.3 1 0
github.com/tekugo/zeichenwerk/input.go:74.8,74.36 1 0
github.com/tekugo/zeichenwerk/input.go:74.36,76.3 1 0
github.com/tekugo/zeichenwerk/input.go:78.2,78.24 1 0
github.com/tekugo/zeichenwerk/input.go:82.27,84.2 1 0
github.com/tekugo/zeichenwerk/input.go:96.38,99.2 2 0
github.com/tekugo/zeichenwerk/input.go:111.38,112.24 1 0
github.com/tekugo/zeichenwerk/input.go:112.24,114.3 1 0
github.com/tekugo/zeichenwerk/input.go:116.2,117.37 2 0
github.com/tekugo/zeichenwerk/input.go:117.37,119.3 1 0
github.com/tekugo/zeichenwerk/input.go:121.2,122.24 2 0
github.com/tekugo/zeichenwerk/input.go:122.24,124.3 1 0
github.com/tekugo/zeichenwerk/input.go:125.2,127.33 2 0
github.com/tekugo/zeichenwerk/input.go:131.31,133.2 1 0
github.com/tekugo/zeichenwerk/input.go:142.24,143.15 1 0
github.com/tekugo/zeichenwerk/input.go:143.15,146.3 2 0
github.com/tekugo/zeichenwerk/input.go:147.2,147.13 1 0
github.com/tekugo/zeichenwerk/input.go:155.25,156.25 1 0
github.com/tekugo/zeichenwerk/input.go:156.25,159.3 2 0
github.com/tekugo/zeichenwerk/input.go:160.2,160.13 1 0
github.com/tekugo/zeichenwerk/input.go:167.25,171.2 3 0
github.com/tekugo/zeichenwerk/input.go:177.23,181.2 3 0
github.com/tekugo/zeichenwerk/input.go:199.35,200.24 1 0
github.com/tekugo/zeichenwerk/input.go:200.24,202.3 1 0
github.com/tekugo/zeichenwerk/input.go:205.2,206.75 2 0
github.com/tekugo/zeichenwerk/input.go:206.75,208.3 1 0
github.com/tekugo/zeichenwerk/input.go:211.2,217.33 6 0
github.com/tekugo/zeichenwerk/input.go:232.26,233.38 1 0
github.com/tekugo/zeichenwerk/input.go:233.38,235.3 1 0
github.com/tekugo/zeichenwerk/input.go:237.2,244.33 7 0
github.com/tekugo/zeichenwerk/input.go:259.33,260.48 1 0
github.com/tekugo/zeichenwerk/input.go:260.48,262.3 1 0
github.com/tekugo/zeichenwerk/input.go:264.2,270.33 6 0
github.com/tekugo/zeichenwerk/input.go:286.25,287.24 1 0
github.com/tekugo/zeichenwerk/input.go:287.24,289.3 1 0
github.com/tekugo/zeichenwerk/input.go:291.2,296.33 5 0
github.com/tekugo/zeichenwerk/input.go:304.26,306.13 2 0
github.com/tekugo/zeichenwerk/input.go:306.13,308.3 1 0
github.com/tekugo/zeichenwerk/input.go:311.2,311.22 1 0
github.com/tekugo/zeichenwerk/input.go:311.22,314.3 1 0
github.com/tekugo/zeichenwerk/input.go:314.8,314.33 1 0
github.com/tekugo/zeichenwerk/input.go:314.33,318.3 1 0
github.com/tekugo/zeichenwerk/input.go:321.2,321.18 1 0
github.com/tekugo/zeichenwerk/input.go:321.18,323.3 1 0
github.com/tekugo/zeichenwerk/input.go:326.2,327.22 2 0
github.com/tekugo/zeichenwerk/input.go:327.22,329.3 1 0
github.com/tekugo/zeichenwerk/input.go:338.34,340.13 2 0
github.com/tekugo/zeichenwerk/input.go:340.13,342.3 1 0
github.com/tekugo/zeichenwerk/input.go:344.2,345.22 2 0
github.com/tekugo/zeichenwerk/input.go:345.22,349.28 2 0
github.com/tekugo/zeichenwerk/input.go:349.28,351.4 1 0
github.com/tekugo/zeichenwerk/input.go:352.3,352.22 1 0
github.com/tekugo/zeichenwerk/input.go:356.2,356.30 1 0
github.com/tekugo/zeichenwerk/input.go:356.30,358.3 1 0
github.com/tekugo/zeichenwerk/input.go:361.2,364.18 2 0
github.com/tekugo/zeichenwerk/input.go:364.18,367.3 2 0
github.com/tekugo/zeichenwerk/input.go:369.2,369.39 1 0
github.com/tekugo/zeichenwerk/input.go:375.63,378.59 1 0
github.com/tekugo/zeichenwerk/input.go:378.59,380.3 1 0
github.com/tekugo/zeichenwerk/input.go:382.2,382.19 1 0
github.com/tekugo/zeichenwerk/input.go:383.21,385.14 2 0
github.com/tekugo/zeichenwerk/input.go:386.22,388.14 2 0
github.com/tekugo/zeichenwerk/input.go:389.21,391.14 2 0
github.com/tekugo/zeichenwerk/input.go:392.20,394.14 2 0
github.com/tekugo/zeichenwerk/input.go:395.47,397.14 2 0
github.com/tekugo/zeichenwerk/input.go:398.23,400.14 2 0
github.com/tekugo/zeichenwerk/input.go:401.22,403.14 2 0
github.com/tekugo/zeichenwerk/input.go:404.22,406.14 2 0
github.com/tekugo/zeichenwerk/input.go:407.22,409.26 1 0
github.com/tekugo/zeichenwerk/input.go:409.26,413.4 3 0
github.com/tekugo/zeichenwerk/input.go:414.3,415.14 2 0
github.com/tekugo/zeichenwerk/input.go:416.22,418.26 1 0
github.com/tekugo/zeichenwerk/input.go:418.26,425.4 6 0
github.com/tekugo/zeichenwerk/input.go:426.22,428.14 2 0
github.com/tekugo/zeichenwerk/input.go:429.21,433.14 4 0
github.com/tekugo/zeichenwerk/input.go:434.10,435.15 1 0
github.com/tekugo/zeichenwerk/input.go:437.2,437.14 1 0
github.com/tekugo/zeichenwerk/input.go:443.37,445.20 2 0
github.com/tekugo/zeichenwerk/input.go:445.20,447.3 1 0
github.com/tekugo/zeichenwerk/input.go:450.2,450.41 1 0
github.com/tekugo/zeichenwerk/input.go:450.41,455.3 3 0
github.com/tekugo/zeichenwerk/input.go:455.8,457.18 2 0
github.com/tekugo/zeichenwerk/input.go:457.18,459.4 1 0
github.com/tekugo/zeichenwerk/input.go:460.3,462.31 3 0
github.com/tekugo/zeichenwerk/insets.go:32.39,36.2 3 1
github.com/tekugo/zeichenwerk/insets.go:44.32,46.2 1 1
github.com/tekugo/zeichenwerk/insets.go:69.37,70.21 1 1
github.com/tekugo/zeichenwerk/insets.go:71.9,76.13 4 1
github.com/tekugo/zeichenwerk/insets.go:78.9,83.21 4 1
github.com/tekugo/zeichenwerk/insets.go:85.9,90.21 4 1
github.com/tekugo/zeichenwerk/insets.go:92.9,97.21 4 1
github.com/tekugo/zeichenwerk/insets.go:99.10,104.21 4 1
github.com/tekugo/zeichenwerk/insets.go:113.35,115.2 1 1
github.com/tekugo/zeichenwerk/insets.go:122.33,124.2 1 1
github.com/tekugo/zeichenwerk/insets.go:132.37,134.2 1 1
github.com/tekugo/zeichenwerk/inspector.go:19.46,26.2 3 0
github.com/tekugo/zeichenwerk/inspector.go:29.31,69.83 6 0
github.com/tekugo/zeichenwerk/inspector.go:69.83,70.22 1 0
github.com/tekugo/zeichenwerk/inspector.go:71.48,72.35 1 0
github.com/tekugo/zeichenwerk/inspector.go:72.35,74.12 2 0
github.com/tekugo/zeichenwerk/inspector.go:74.12,76.6 1 0
github.com/tekugo/zeichenwerk/inspector.go:77.5,79.16 3 0
github.com/tekugo/zeichenwerk/inspector.go:81.4,81.15 1 0
github.com/tekugo/zeichenwerk/inspector.go:83.3,83.15 1 0
github.com/tekugo/zeichenwerk/inspector.go:86.2,86.13 1 0
github.com/tekugo/zeichenwerk/inspector.go:90.76,92.38 2 0
github.com/tekugo/zeichenwerk/inspector.go:92.38,94.3 1 0
github.com/tekugo/zeichenwerk/inspector.go:95.2,97.22 3 0
github.com/tekugo/zeichenwerk/inspector.go:97.22,103.47 3 0
github.com/tekugo/zeichenwerk/inspector.go:103.47,105.29 2 0
github.com/tekugo/zeichenwerk/inspector.go:105.29,106.16 1 0
github.com/tekugo/zeichenwerk/inspector.go:106.16,108.6 1 0
github.com/tekugo/zeichenwerk/inspector.go:110.4,110.23 1 0
github.com/tekugo/zeichenwerk/inspector.go:111.9,113.4 1 0
github.com/tekugo/zeichenwerk/inspector.go:114.3,115.77 2 0
github.com/tekugo/zeichenwerk/inspector.go:116.8,118.3 1 0
github.com/tekugo/zeichenwerk/inspector.go:119.2,119.13 1 0
github.com/tekugo/zeichenwerk/inspector.go:123.61,124.22 1 0
github.com/tekugo/zeichenwerk/inspector.go:124.22,125.49 1 0
github.com/tekugo/zeichenwerk/inspector.go:125.49,129.4 3 0
github.com/tekugo/zeichenwerk/inspector.go:131.2,131.13 1 0
github.com/tekugo/zeichenwerk/inspector.go:135.71,137.38 2 0
github.com/tekugo/zeichenwerk/inspector.go:137.38,139.3 1 0
github.com/tekugo/zeichenwerk/inspector.go:140.2,142.18 3 0
github.com/tekugo/zeichenwerk/inspector.go:142.18,144.3 1 0
github.com/tekugo/zeichenwerk/inspector.go:144.8,146.3 1 0
github.com/tekugo/zeichenwerk/inspector.go:147.2,148.13 2 0
github.com/tekugo/zeichenwerk/inspector.go:152.31,153.24 1 0
github.com/tekugo/zeichenwerk/inspector.go:153.24,156.3 2 0
github.com/tekugo/zeichenwerk/inspector.go:157.2,160.33 4 0
github.com/tekugo/zeichenwerk/inspector.go:160.33,161.23 1 0
github.com/tekugo/zeichenwerk/inspector.go:161.23,163.4 1 0
github.com/tekugo/zeichenwerk/inspector.go:164.3,164.24 1 0
github.com/tekugo/zeichenwerk/inspector.go:166.2,170.21 4 0
github.com/tekugo/zeichenwerk/inspector.go:170.21,173.3 2 0
github.com/tekugo/zeichenwerk/inspector.go:174.2,175.16 2 0
github.com/tekugo/zeichenwerk/inspector.go:179.39,181.2 1 0
github.com/tekugo/zeichenwerk/inspector.go:184.36,186.2 1 0
github.com/tekugo/zeichenwerk/inspector.go:189.37,193.23 4 0
github.com/tekugo/zeichenwerk/inspector.go:193.23,195.3 1 0
github.com/tekugo/zeichenwerk/inspector.go:196.2,205.25 10 0
github.com/tekugo/zeichenwerk/inspector.go:205.25,207.3 1 0
github.com/tekugo/zeichenwerk/inspector.go:208.2,208.23 1 0
github.com/tekugo/zeichenwerk/inspector.go:208.23,210.3 1 0
github.com/tekugo/zeichenwerk/inspector.go:211.2,211.23 1 0
github.com/tekugo/zeichenwerk/inspector.go:211.23,213.3 1 0
github.com/tekugo/zeichenwerk/inspector.go:214.2,216.31 2 0
github.com/tekugo/zeichenwerk/inspector.go:216.31,219.3 2 0
github.com/tekugo/zeichenwerk/inspector.go:220.2,220.15 1 0
github.com/tekugo/zeichenwerk/inspector.go:224.34,226.2 1 0
github.com/tekugo/zeichenwerk/list.go:61.47,74.2 4 0
github.com/tekugo/zeichenwerk/list.go:77.33,79.2 1 0
github.com/tekugo/zeichenwerk/list.go:82.41,87.2 4 0
github.com/tekugo/zeichenwerk/list.go:90.34,94.2 3 0
github.com/tekugo/zeichenwerk/list.go:97.31,99.2 1 0
github.com/tekugo/zeichenwerk/list.go:106.26,108.2 1 0
github.com/tekugo/zeichenwerk/list.go:113.47,115.76 2 0
github.com/tekugo/zeichenwerk/list.go:115.76,117.3 1 0
github.com/tekugo/zeichenwerk/list.go:120.2,120.14 1 0
github.com/tekugo/zeichenwerk/list.go:120.14,122.26 2 0
github.com/tekugo/zeichenwerk/list.go:122.26,123.39 1 0
github.com/tekugo/zeichenwerk/list.go:123.39,125.10 2 0
github.com/tekugo/zeichenwerk/list.go:129.8,129.33 1 0
github.com/tekugo/zeichenwerk/list.go:129.33,131.42 2 0
github.com/tekugo/zeichenwerk/list.go:131.42,132.39 1 0
github.com/tekugo/zeichenwerk/list.go:132.39,134.10 2 0
github.com/tekugo/zeichenwerk/list.go:138.2,138.13 1 0
github.com/tekugo/zeichenwerk/list.go:147.32,148.37 1 0
github.com/tekugo/zeichenwerk/list.go:148.37,150.3 1 0
github.com/tekugo/zeichenwerk/list.go:153.2,154.15 2 0
github.com/tekugo/zeichenwerk/list.go:154.15,156.3 1 0
github.com/tekugo/zeichenwerk/list.go:159.2,160.29 2 0
github.com/tekugo/zeichenwerk/list.go:160.29,161.16 1 0
github.com/tekugo/zeichenwerk/list.go:161.16,164.4 1 0
github.com/tekugo/zeichenwerk/list.go:164.9,167.4 1 0
github.com/tekugo/zeichenwerk/list.go:170.2,170.25 1 0
github.com/tekugo/zeichenwerk/list.go:170.25,175.3 4 0
github.com/tekugo/zeichenwerk/list.go:181.24,183.25 2 0
github.com/tekugo/zeichenwerk/list.go:183.25,184.38 1 0
github.com/tekugo/zeichenwerk/list.go:184.38,188.9 4 0
github.com/tekugo/zeichenwerk/list.go:191.2,191.13 1 0
github.com/tekugo/zeichenwerk/list.go:197.23,199.41 2 0
github.com/tekugo/zeichenwerk/list.go:199.41,200.38 1 0
github.com/tekugo/zeichenwerk/list.go:200.38,204.9 4 0
github.com/tekugo/zeichenwerk/list.go:207.2,207.13 1 0
github.com/tekugo/zeichenwerk/list.go:213.25,216.2 2 0
github.com/tekugo/zeichenwerk/list.go:221.27,224.2 2 0
github.com/tekugo/zeichenwerk/list.go:245.64,246.21 1 0
github.com/tekugo/zeichenwerk/list.go:247.19,249.14 2 0
github.com/tekugo/zeichenwerk/list.go:250.21,252.14 2 0
github.com/tekugo/zeichenwerk/list.go:253.21,255.14 2 0
github.com/tekugo/zeichenwerk/list.go:256.20,258.14 2 0
github.com/tekugo/zeichenwerk/list.go:259.21,261.14 2 0
github.com/tekugo/zeichenwerk/list.go:262.21,264.14 2 0
github.com/tekugo/zeichenwerk/list.go:265.22,267.14 2 0
github.com/tekugo/zeichenwerk/list.go:268.21,271.32 2 0
github.com/tekugo/zeichenwerk/list.go:271.32,272.56 1 0
github.com/tekugo/zeichenwerk/list.go:272.56,274.24 2 0
github.com/tekugo/zeichenwerk/list.go:274.24,277.6 2 0
github.com/tekugo/zeichenwerk/list.go:281.2,282.14 2 0
github.com/tekugo/zeichenwerk/list.go:293.25,295.13 2 0
github.com/tekugo/zeichenwerk/list.go:295.13,297.3 1 0
github.com/tekugo/zeichenwerk/list.go:300.2,300.24 1 0
github.com/tekugo/zeichenwerk/list.go:300.24,302.3 1 0
github.com/tekugo/zeichenwerk/list.go:302.8,302.35 1 0
github.com/tekugo/zeichenwerk/list.go:302.35,304.3 1 0
github.com/tekugo/zeichenwerk/list.go:307.2,307.18 1 0
github.com/tekugo/zeichenwerk/list.go:307.18,309.3 1 0
github.com/tekugo/zeichenwerk/list.go:312.2,313.26 2 0
github.com/tekugo/zeichenwerk/list.go:313.26,315.3 1 0
github.com/tekugo/zeichenwerk/list.go:324.35,326.34 2 0
github.com/tekugo/zeichenwerk/list.go:326.34,328.3 1 0
github.com/tekugo/zeichenwerk/list.go:330.2,332.27 3 0
github.com/tekugo/zeichenwerk/list.go:332.27,334.3 1 0
github.com/tekugo/zeichenwerk/list.go:336.2,336.27 1 0
github.com/tekugo/zeichenwerk/list.go:345.36,347.20 2 0
github.com/tekugo/zeichenwerk/list.go:347.20,349.3 1 0
github.com/tekugo/zeichenwerk/list.go:351.2,355.37 3 0
github.com/tekugo/zeichenwerk/list.go:355.37,357.3 1 0
github.com/tekugo/zeichenwerk/list.go:360.2,361.15 2 0
github.com/tekugo/zeichenwerk/list.go:361.15,363.3 1 0
github.com/tekugo/zeichenwerk/list.go:366.2,366.29 1 0
github.com/tekugo/zeichenwerk/list.go:366.29,367.13 1 0
github.com/tekugo/zeichenwerk/list.go:367.13,368.9 1 0
github.com/tekugo/zeichenwerk/list.go:371.3,374.37 2 0
github.com/tekugo/zeichenwerk/list.go:374.37,377.4 2 0
github.com/tekugo/zeichenwerk/list.go:377.9,377.32 1 0
github.com/tekugo/zeichenwerk/list.go:377.32,378.25 1 0
github.com/tekugo/zeichenwerk/list.go:378.25,381.5 2 0
github.com/tekugo/zeichenwerk/list.go:381.10,384.5 2 0
github.com/tekugo/zeichenwerk/list.go:385.9,388.4 2 0
github.com/tekugo/zeichenwerk/list.go:391.3,391.16 1 0
github.com/tekugo/zeichenwerk/list.go:391.16,393.4 1 0
github.com/tekugo/zeichenwerk/list.go:393.9,395.4 1 0
github.com/tekugo/zeichenwerk/list.go:399.2,399.37 1 0
github.com/tekugo/zeichenwerk/list.go:399.37,404.3 4 0
github.com/tekugo/zeichenwerk/log.go:21.41,23.2 1 0
github.com/tekugo/zeichenwerk/log.go:38.38,49.2 1 1
github.com/tekugo/zeichenwerk/log.go:55.70,64.22 3 1
github.com/tekugo/zeichenwerk/log.go:64.22,66.3 1 1
github.com/tekugo/zeichenwerk/log.go:66.8,68.3 1 1
github.com/tekugo/zeichenwerk/log.go:72.44,74.2 1 1
github.com/tekugo/zeichenwerk/log.go:77.33,79.2 1 1
github.com/tekugo/zeichenwerk/log.go:84.48,86.16 2 1
github.com/tekugo/zeichenwerk/log.go:87.9,88.42 1 1
github.com/tekugo/zeichenwerk/log.go:89.9,90.21 1 0
github.com/tekugo/zeichenwerk/log.go:91.9,92.22 1 0
github.com/tekugo/zeichenwerk/log.go:93.10,94.23 1 1
github.com/tekugo/zeichenwerk/log.go:100.47,103.12 2 1
github.com/tekugo/zeichenwerk/log.go:103.12,105.26 2 1
github.com/tekugo/zeichenwerk/log.go:105.26,107.4 1 1
github.com/tekugo/zeichenwerk/log.go:110.2,110.11 1 1
github.com/tekugo/zeichenwerk/log.go:125.76,127.2 1 0
github.com/tekugo/zeichenwerk/log.go:133.73,134.30 1 0
github.com/tekugo/zeichenwerk/log.go:134.30,136.3 1 0
github.com/tekugo/zeichenwerk/log.go:139.2,141.33 3 0
github.com/tekugo/zeichenwerk/log.go:141.33,144.3 2 0
github.com/tekugo/zeichenwerk/log.go:147.2,149.29 3 0
github.com/tekugo/zeichenwerk/log.go:149.29,150.16 1 0
github.com/tekugo/zeichenwerk/log.go:151.17,152.43 1 0
github.com/tekugo/zeichenwerk/log.go:152.43,154.5 1 0
github.com/tekugo/zeichenwerk/log.go:155.21,156.43 1 0
github.com/tekugo/zeichenwerk/log.go:156.43,158.5 1 0
github.com/tekugo/zeichenwerk/log.go:159.11,160.28 1 0
github.com/tekugo/zeichenwerk/log.go:165.2,166.20 2 0
github.com/tekugo/zeichenwerk/log.go:166.20,168.27 2 0
github.com/tekugo/zeichenwerk/log.go:168.27,170.4 1 0
github.com/tekugo/zeichenwerk/log.go:171.3,171.45 1 0
github.com/tekugo/zeichenwerk/log.go:175.2,183.15 5 0
github.com/tekugo/zeichenwerk/log.go:183.15,185.3 1 0
github.com/tekugo/zeichenwerk/log.go:187.2,187.12 1 0
github.com/tekugo/zeichenwerk/log.go:191.66,202.2 4 0
github.com/tekugo/zeichenwerk/log.go:206.60,209.2 1 0
github.com/tekugo/zeichenwerk/mock.go:8.62,11.16 3 1
github.com/tekugo/zeichenwerk/mock.go:11.16,13.3 1 0
github.com/tekugo/zeichenwerk/mock.go:14.2,14.34 1 1
github.com/tekugo/zeichenwerk/mock.go:14.34,16.3 1 0
github.com/tekugo/zeichenwerk/mock.go:17.2,17.17 1 1
github.com/tekugo/zeichenwerk/progress.go:37.56,44.16 2 0
github.com/tekugo/zeichenwerk/progress.go:44.16,46.3 1 0
github.com/tekugo/zeichenwerk/progress.go:46.8,48.3 1 0
github.com/tekugo/zeichenwerk/progress.go:49.2,49.17 1 0
github.com/tekugo/zeichenwerk/progress.go:58.40,59.18 1 0
github.com/tekugo/zeichenwerk/progress.go:59.18,63.3 2 0
github.com/tekugo/zeichenwerk/progress.go:64.2,64.15 1 0
github.com/tekugo/zeichenwerk/progress.go:64.15,66.3 1 0
github.com/tekugo/zeichenwerk/progress.go:67.2,67.21 1 0
github.com/tekugo/zeichenwerk/progress.go:67.21,69.3 1 0
github.com/tekugo/zeichenwerk/progress.go:70.2,70.17 1 0
github.com/tekugo/zeichenwerk/progress.go:80.40,81.15 1 0
[...]
github.com/tekugo/zeichenwerk/cmd/figlet-browser/browser.go:433.4,434.20 2 0
github.com/tekugo/zeichenwerk/cmd/figlet-browser/browser.go:434.20,436.5 1 0
github.com/tekugo/zeichenwerk/cmd/figlet-browser/browser.go:436.10,437.10 1 0
github.com/tekugo/zeichenwerk/cmd/figlet-browser/browser.go:440.3,440.13 1 0
github.com/tekugo/zeichenwerk/cmd/figlet-browser/browser.go:443.2,443.35 1 0
github.com/tekugo/zeichenwerk/cmd/figlet-browser/browser.go:443.35,446.31 3 0
github.com/tekugo/zeichenwerk/cmd/figlet-browser/browser.go:446.31,447.23 1 0
github.com/tekugo/zeichenwerk/cmd/figlet-browser/browser.go:447.23,449.5 1 0
github.com/tekugo/zeichenwerk/cmd/figlet-browser/browser.go:450.4,453.25 4 0
github.com/tekugo/zeichenwerk/cmd/figlet-browser/browser.go:453.25,455.5 1 0
github.com/tekugo/zeichenwerk/cmd/figlet-browser/browser.go:458.3,458.48 1 0
github.com/tekugo/zeichenwerk/cmd/figlet-browser/browser.go:462.2,467.30 4 0
github.com/tekugo/zeichenwerk/cmd/figlet-browser/browser.go:467.30,468.31 1 0
github.com/tekugo/zeichenwerk/cmd/figlet-browser/browser.go:468.31,469.36 1 0
github.com/tekugo/zeichenwerk/cmd/figlet-browser/browser.go:469.36,471.24 2 0
github.com/tekugo/zeichenwerk/cmd/figlet-browser/browser.go:471.24,473.6 1 0
github.com/tekugo/zeichenwerk/cmd/figlet-browser/browser.go:474.5,474.42 1 0
github.com/tekugo/zeichenwerk/cmd/figlet-browser/browser.go:479.2,479.26 1 0
github.com/tekugo/zeichenwerk/cmd/figlet-browser/browser.go:479.26,481.50 2 0
github.com/tekugo/zeichenwerk/cmd/figlet-browser/browser.go:481.50,483.4 1 0
github.com/tekugo/zeichenwerk/cmd/figlet-browser/browser.go:483.9,485.4 1 0
github.com/tekugo/zeichenwerk/cmd/figlet-browser/browser.go:487.3,487.15 1 0
github.com/tekugo/zeichenwerk/cmd/figlet-browser/browser.go:488.22,492.32 3 0
github.com/tekugo/zeichenwerk/cmd/figlet-browser/browser.go:492.32,493.37 1 0
github.com/tekugo/zeichenwerk/cmd/figlet-browser/browser.go:493.37,495.25 2 0
github.com/tekugo/zeichenwerk/cmd/figlet-browser/browser.go:495.25,497.7 1 0
github.com/tekugo/zeichenwerk/cmd/figlet-browser/browser.go:498.6,498.43 1 0
github.com/tekugo/zeichenwerk/cmd/figlet-browser/browser.go:500.5,500.34 1 0
github.com/tekugo/zeichenwerk/cmd/figlet-browser/browser.go:500.34,501.29 1 0
github.com/tekugo/zeichenwerk/cmd/figlet-browser/browser.go:501.29,503.7 1 0
github.com/tekugo/zeichenwerk/cmd/figlet-browser/browser.go:503.12,505.7 1 0
github.com/tekugo/zeichenwerk/cmd/figlet-browser/browser.go:508.4,508.22 1 0
github.com/tekugo/zeichenwerk/cmd/figlet-browser/browser.go:510.20,517.32 6 0
github.com/tekugo/zeichenwerk/cmd/figlet-browser/browser.go:517.32,518.37 1 0
github.com/tekugo/zeichenwerk/cmd/figlet-browser/browser.go:518.37,520.25 2 0
github.com/tekugo/zeichenwerk/cmd/figlet-browser/browser.go:520.25,522.7 1 0
github.com/tekugo/zeichenwerk/cmd/figlet-browser/browser.go:523.6,523.43 1 0
github.com/tekugo/zeichenwerk/cmd/figlet-browser/browser.go:525.5,526.19 2 0
github.com/tekugo/zeichenwerk/cmd/figlet-browser/browser.go:526.19,528.6 1 0
github.com/tekugo/zeichenwerk/cmd/figlet-browser/browser.go:529.5,529.34 1 0
github.com/tekugo/zeichenwerk/cmd/figlet-browser/browser.go:529.34,530.29 1 0
github.com/tekugo/zeichenwerk/cmd/figlet-browser/browser.go:530.29,532.7 1 0
github.com/tekugo/zeichenwerk/cmd/figlet-browser/browser.go:532.12,534.7 1 0
github.com/tekugo/zeichenwerk/cmd/figlet-browser/browser.go:536.5,536.23 1 0
github.com/tekugo/zeichenwerk/cmd/figlet-browser/browser.go:538.4,539.26 2 0
github.com/tekugo/zeichenwerk/cmd/figlet-browser/browser.go:541.31,543.83 2 0
github.com/tekugo/zeichenwerk/cmd/figlet-browser/browser.go:547.2,548.30 2 0
github.com/tekugo/zeichenwerk/cmd/figlet-browser/browser.go:548.30,550.32 2 0
github.com/tekugo/zeichenwerk/cmd/figlet-browser/browser.go:550.32,551.23 1 0
github.com/tekugo/zeichenwerk/cmd/figlet-browser/browser.go:551.23,553.5 1 0
github.com/tekugo/zeichenwerk/cmd/figlet-browser/browser.go:553.10,555.5 1 0
github.com/tekugo/zeichenwerk/cmd/figlet-browser/browser.go:557.3,557.28 1 0
github.com/tekugo/zeichenwerk/cmd/figlet-browser/browser.go:559.2,559.17 1 0
github.com/tekugo/zeichenwerk/cmd/figlet-browser/browser.go:562.62,565.21 3 0
github.com/tekugo/zeichenwerk/cmd/figlet-browser/browser.go:565.21,567.3 1 0
github.com/tekugo/zeichenwerk/cmd/figlet-browser/browser.go:567.8,567.27 1 0
github.com/tekugo/zeichenwerk/cmd/figlet-browser/browser.go:567.27,569.3 1 0
github.com/tekugo/zeichenwerk/cmd/figlet-browser/browser.go:569.8,569.26 1 0
github.com/tekugo/zeichenwerk/cmd/figlet-browser/browser.go:569.26,579.3 2 0
github.com/tekugo/zeichenwerk/cmd/figlet-browser/browser.go:580.2,580.20 1 0
github.com/tekugo/zeichenwerk/cmd/figlet-browser/browser.go:583.107,584.22 1 0
github.com/tekugo/zeichenwerk/cmd/figlet-browser/browser.go:584.22,586.3 1 0
github.com/tekugo/zeichenwerk/cmd/figlet-browser/browser.go:588.2,591.36 3 0
github.com/tekugo/zeichenwerk/cmd/figlet-browser/browser.go:591.36,594.47 2 0
github.com/tekugo/zeichenwerk/cmd/figlet-browser/browser.go:594.47,596.30 2 0
github.com/tekugo/zeichenwerk/cmd/figlet-browser/browser.go:596.30,598.5 1 0
github.com/tekugo/zeichenwerk/cmd/figlet-browser/browser.go:599.4,599.28 1 0
github.com/tekugo/zeichenwerk/cmd/figlet-browser/browser.go:599.28,601.10 2 0
github.com/tekugo/zeichenwerk/cmd/figlet-browser/browser.go:606.3,607.38 2 0
github.com/tekugo/zeichenwerk/cmd/figlet-browser/browser.go:607.38,609.53 2 0
github.com/tekugo/zeichenwerk/cmd/figlet-browser/browser.go:609.53,611.5 1 0
github.com/tekugo/zeichenwerk/cmd/figlet-browser/browser.go:612.4,612.28 1 0
github.com/tekugo/zeichenwerk/cmd/figlet-browser/browser.go:612.28,614.10 2 0
github.com/tekugo/zeichenwerk/cmd/figlet-browser/browser.go:619.3,620.17 2 0
github.com/tekugo/zeichenwerk/cmd/figlet-browser/browser.go:620.17,623.4 1 0
github.com/tekugo/zeichenwerk/cmd/figlet-browser/browser.go:623.9,623.31 1 0
github.com/tekugo/zeichenwerk/cmd/figlet-browser/browser.go:623.31,626.4 1 0
github.com/tekugo/zeichenwerk/cmd/figlet-browser/browser.go:626.9,631.15 2 0
github.com/tekugo/zeichenwerk/cmd/figlet-browser/browser.go:631.15,637.41 3 0
github.com/tekugo/zeichenwerk/cmd/figlet-browser/browser.go:637.41,640.6 1 0
github.com/tekugo/zeichenwerk/cmd/figlet-browser/browser.go:640.11,640.50 1 0
github.com/tekugo/zeichenwerk/cmd/figlet-browser/browser.go:640.50,642.57 1 0
github.com/tekugo/zeichenwerk/cmd/figlet-browser/browser.go:642.57,644.7 1 0
github.com/tekugo/zeichenwerk/cmd/figlet-browser/browser.go:644.12,647.7 1 0
github.com/tekugo/zeichenwerk/cmd/figlet-browser/browser.go:654.3,654.21 1 0
github.com/tekugo/zeichenwerk/cmd/figlet-browser/browser.go:654.21,656.4 1 0
github.com/tekugo/zeichenwerk/cmd/figlet-browser/browser.go:660.2,660.18 1 0
github.com/tekugo/zeichenwerk/cmd/figlet-browser/browser.go:660.18,662.3 1 0
github.com/tekugo/zeichenwerk/cmd/figlet-browser/browser.go:663.2,663.24 1 0
github.com/tekugo/zeichenwerk/cmd/figlet-browser/browser.go:663.24,665.3 1 0
github.com/tekugo/zeichenwerk/cmd/figlet-browser/browser.go:667.2,667.17 1 0
github.com/tekugo/zeichenwerk/cmd/figlet-browser/browser.go:670.72,671.33 1 0
github.com/tekugo/zeichenwerk/cmd/figlet-browser/browser.go:671.33,673.3 1 0
github.com/tekugo/zeichenwerk/cmd/figlet-browser/browser.go:676.2,676.45 1 0
github.com/tekugo/zeichenwerk/cmd/figlet-browser/browser.go:676.45,678.3 1 0
github.com/tekugo/zeichenwerk/cmd/figlet-browser/browser.go:681.2,681.34 1 0
github.com/tekugo/zeichenwerk/cmd/figlet-browser/browser.go:681.34,683.3 1 0
github.com/tekugo/zeichenwerk/cmd/figlet-browser/browser.go:685.2,685.22 1 0
github.com/tekugo/zeichenwerk/cmd/figlet-browser/browser.go:685.22,688.66 1 0
github.com/tekugo/zeichenwerk/cmd/figlet-browser/browser.go:688.66,690.4 1 0
github.com/tekugo/zeichenwerk/cmd/figlet-browser/browser.go:691.3,693.62 1 0
github.com/tekugo/zeichenwerk/cmd/figlet-browser/browser.go:693.62,695.4 1 0
github.com/tekugo/zeichenwerk/cmd/figlet-browser/browser.go:698.2,698.24 1 0
github.com/tekugo/zeichenwerk/cmd/figlet-browser/browser.go:698.24,701.67 1 0
github.com/tekugo/zeichenwerk/cmd/figlet-browser/browser.go:701.67,703.4 1 0
github.com/tekugo/zeichenwerk/cmd/figlet-browser/browser.go:706.2,706.16 1 0
github.com/tekugo/zeichenwerk/cmd/figlet-browser/browser.go:706.16,707.70 1 0
github.com/tekugo/zeichenwerk/cmd/figlet-browser/browser.go:707.70,709.4 1 0
github.com/tekugo/zeichenwerk/cmd/figlet-browser/browser.go:712.2,712.14 1 0
github.com/tekugo/zeichenwerk/cmd/figlet-browser/browser.go:715.116,726.30 5 0
github.com/tekugo/zeichenwerk/cmd/figlet-browser/browser.go:726.30,729.29 2 0
github.com/tekugo/zeichenwerk/cmd/figlet-browser/browser.go:729.29,731.23 2 0
github.com/tekugo/zeichenwerk/cmd/figlet-browser/browser.go:731.23,733.5 1 0
github.com/tekugo/zeichenwerk/cmd/figlet-browser/browser.go:734.4,734.29 1 0
github.com/tekugo/zeichenwerk/cmd/figlet-browser/browser.go:738.3,741.36 2 0
github.com/tekugo/zeichenwerk/cmd/figlet-browser/browser.go:741.36,742.20 1 0
github.com/tekugo/zeichenwerk/cmd/figlet-browser/browser.go:742.20,744.5 1 0
github.com/tekugo/zeichenwerk/cmd/figlet-browser/browser.go:744.10,746.5 1 0
github.com/tekugo/zeichenwerk/cmd/figlet-browser/browser.go:750.3,750.32 1 0
github.com/tekugo/zeichenwerk/cmd/figlet-browser/browser.go:750.32,752.34 2 0
github.com/tekugo/zeichenwerk/cmd/figlet-browser/browser.go:752.34,754.48 2 0
github.com/tekugo/zeichenwerk/cmd/figlet-browser/browser.go:754.48,756.6 1 0
github.com/tekugo/zeichenwerk/cmd/figlet-browser/browser.go:758.5,758.26 1 0
github.com/tekugo/zeichenwerk/cmd/figlet-browser/browser.go:758.26,761.46 2 0
github.com/tekugo/zeichenwerk/cmd/figlet-browser/browser.go:761.46,763.7 1 0
github.com/tekugo/zeichenwerk/cmd/figlet-browser/browser.go:763.12,763.51 1 0
github.com/tekugo/zeichenwerk/cmd/figlet-browser/browser.go:763.52,765.7 0 0
github.com/tekugo/zeichenwerk/cmd/figlet-browser/browser.go:765.12,767.91 1 0
github.com/tekugo/zeichenwerk/cmd/figlet-browser/browser.go:767.91,769.8 1 0
github.com/tekugo/zeichenwerk/cmd/figlet-browser/browser.go:769.13,772.8 1 0
github.com/tekugo/zeichenwerk/cmd/figlet-browser/browser.go:774.11,777.6 1 0
github.com/tekugo/zeichenwerk/cmd/figlet-browser/browser.go:781.3,781.24 1 0
github.com/tekugo/zeichenwerk/cmd/figlet-browser/browser.go:784.2,784.28 1 0
github.com/tekugo/zeichenwerk/cmd/figlet-browser/browser.go:787.93,788.45 1 0
github.com/tekugo/zeichenwerk/cmd/figlet-browser/browser.go:788.45,789.22 1 0
github.com/tekugo/zeichenwerk/cmd/figlet-browser/browser.go:789.22,790.47 1 0
github.com/tekugo/zeichenwerk/cmd/figlet-browser/browser.go:790.47,792.5 1 0
github.com/tekugo/zeichenwerk/cmd/figlet-browser/browser.go:793.4,793.19 1 0
github.com/tekugo/zeichenwerk/cmd/figlet-browser/browser.go:795.3,795.18 1 0
github.com/tekugo/zeichenwerk/cmd/figlet-browser/browser.go:797.2,797.34 1 0
github.com/tekugo/zeichenwerk/cmd/figlet-browser/browser.go:797.34,799.3 1 0
github.com/tekugo/zeichenwerk/cmd/figlet-browser/browser.go:800.2,800.22 1 0
github.com/tekugo/zeichenwerk/cmd/figlet-browser/browser.go:800.22,801.65 1 0
github.com/tekugo/zeichenwerk/cmd/figlet-browser/browser.go:801.65,803.4 1 0
github.com/tekugo/zeichenwerk/cmd/figlet-browser/browser.go:804.3,804.65 1 0
github.com/tekugo/zeichenwerk/cmd/figlet-browser/browser.go:804.65,806.4 1 0
github.com/tekugo/zeichenwerk/cmd/figlet-browser/browser.go:808.2,808.24 1 0
github.com/tekugo/zeichenwerk/cmd/figlet-browser/browser.go:808.24,811.67 1 0
github.com/tekugo/zeichenwerk/cmd/figlet-browser/browser.go:811.67,813.4 1 0
github.com/tekugo/zeichenwerk/cmd/figlet-browser/browser.go:815.2,815.16 1 0
github.com/tekugo/zeichenwerk/cmd/figlet-browser/browser.go:815.16,816.35 1 0
github.com/tekugo/zeichenwerk/cmd/figlet-browser/browser.go:816.35,818.4 1 0
github.com/tekugo/zeichenwerk/cmd/figlet-browser/browser.go:819.3,819.35 1 0
github.com/tekugo/zeichenwerk/cmd/figlet-browser/browser.go:819.35,821.4 1 0
github.com/tekugo/zeichenwerk/cmd/figlet-browser/browser.go:822.3,822.34 1 0
github.com/tekugo/zeichenwerk/cmd/figlet-browser/browser.go:822.34,824.4 1 0
github.com/tekugo/zeichenwerk/cmd/figlet-browser/browser.go:826.2,826.17 1 0
github.com/tekugo/zeichenwerk/cmd/figlet-browser/browser.go:829.24,830.11 1 0
github.com/tekugo/zeichenwerk/cmd/figlet-browser/browser.go:830.11,832.3 1 0
github.com/tekugo/zeichenwerk/cmd/figlet-browser/browser.go:833.2,833.10 1 0
github.com/tekugo/zeichenwerk/cmd/coverage/main.go:22.13,30.16 7 0
github.com/tekugo/zeichenwerk/cmd/coverage/main.go:30.16,32.3 1 0
github.com/tekugo/zeichenwerk/cmd/coverage/main.go:34.2,37.29 3 0
github.com/tekugo/zeichenwerk/cmd/coverage/main.go:37.29,38.30 1 0
github.com/tekugo/zeichenwerk/cmd/coverage/main.go:38.30,40.19 2 0
github.com/tekugo/zeichenwerk/cmd/coverage/main.go:40.19,42.5 1 0
github.com/tekugo/zeichenwerk/cmd/coverage/main.go:46.2,47.26 2 0
github.com/tekugo/zeichenwerk/cmd/coverage/main.go:47.26,50.12 3 0
github.com/tekugo/zeichenwerk/cmd/coverage/main.go:50.12,52.4 1 0
github.com/tekugo/zeichenwerk/cmd/coverage/main.go:53.3,58.5 1 0
github.com/tekugo/zeichenwerk/cmd/coverage/main.go:62.2,62.39 1 0
github.com/tekugo/zeichenwerk/cmd/coverage/main.go:62.39,62.77 1 0
github.com/tekugo/zeichenwerk/cmd/coverage/main.go:64.2,64.16 1 0
github.com/tekugo/zeichenwerk/cmd/coverage/main.go:65.14,68.42 3 0
github.com/tekugo/zeichenwerk/cmd/coverage/main.go:68.42,70.4 1 0
github.com/tekugo/zeichenwerk/cmd/coverage/main.go:71.13,75.26 4 0
github.com/tekugo/zeichenwerk/cmd/coverage/main.go:75.26,82.4 1 0
github.com/tekugo/zeichenwerk/cmd/coverage/main.go:83.10,84.62 1 0
github.com/tekugo/zeichenwerk/cmd/dbu/main.go:17.13,20.16 3 0
github.com/tekugo/zeichenwerk/cmd/dbu/main.go:20.16,21.13 1 0
github.com/tekugo/zeichenwerk/cmd/dbu/main.go:24.2,27.10 3 0
github.com/tekugo/zeichenwerk/cmd/dbu/main.go:30.21,38.2 1 0
github.com/tekugo/zeichenwerk/cmd/dbu/main.go:40.31,48.2 1 0
github.com/tekugo/zeichenwerk/cmd/dbu/main.go:50.31,62.2 1 0
github.com/tekugo/zeichenwerk/cmd/dbu/main.go:64.32,80.77 2 0
github.com/tekugo/zeichenwerk/cmd/dbu/main.go:80.77,81.22 1 0
github.com/tekugo/zeichenwerk/cmd/dbu/main.go:82.23,84.15 2 0
github.com/tekugo/zeichenwerk/cmd/dbu/main.go:85.11,86.16 1 0
github.com/tekugo/zeichenwerk/cmd/dbu/main.go:90.2,90.53 1 0
github.com/tekugo/zeichenwerk/cmd/dbu/main.go:90.53,92.3 1 0
github.com/tekugo/zeichenwerk/cmd/dbu/main.go:95.14,98.9 3 0
github.com/tekugo/zeichenwerk/cmd/dbu/main.go:98.9,100.3 1 0
github.com/tekugo/zeichenwerk/cmd/dbu/main.go:102.2,104.16 3 0
github.com/tekugo/zeichenwerk/cmd/dbu/main.go:104.16,105.13 1 0
github.com/tekugo/zeichenwerk/cmd/dbu/main.go:108.2,108.12 1 0
github.com/tekugo/zeichenwerk/cmd/dbu/main.go:111.27,117.22 5 0
github.com/tekugo/zeichenwerk/cmd/dbu/main.go:117.22,119.3 1 0
github.com/tekugo/zeichenwerk/cmd/dbu/main.go:120.2,120.18 1 0
github.com/tekugo/zeichenwerk/cmd/dbu/main.go:120.18,123.28 3 0
github.com/tekugo/zeichenwerk/cmd/dbu/main.go:123.28,125.4 1 0
github.com/tekugo/zeichenwerk/cmd/dbu/main.go:126.3,127.28 2 0
github.com/tekugo/zeichenwerk/cmd/dbu/main.go:129.2,131.30 3 0
github.com/tekugo/zeichenwerk/cmd/dbu/main.go:134.19,140.16 5 0
github.com/tekugo/zeichenwerk/cmd/dbu/main.go:140.16,143.3 2 0
github.com/tekugo/zeichenwerk/cmd/dbu/main.go:144.2,146.18 2 0
github.com/tekugo/zeichenwerk/cmd/dbu/main.go:146.18,150.3 3 0
github.com/tekugo/zeichenwerk/cmd/dbu/main.go:152.2,152.30 1 0
github.com/tekugo/zeichenwerk/cmd/demo/main.go:14.13,17.2 2 0
github.com/tekugo/zeichenwerk/cmd/demo/main.go:20.21,60.87 3 0
github.com/tekugo/zeichenwerk/cmd/demo/main.go:60.87,61.21 1 0
github.com/tekugo/zeichenwerk/cmd/demo/main.go:61.21,62.41 1 0
github.com/tekugo/zeichenwerk/cmd/demo/main.go:62.41,63.44 1 0
github.com/tekugo/zeichenwerk/cmd/demo/main.go:63.44,65.6 1 0
github.com/tekugo/zeichenwerk/cmd/demo/main.go:65.11,66.22 1 0
github.com/tekugo/zeichenwerk/cmd/demo/main.go:67.14,80.37 2 0
github.com/tekugo/zeichenwerk/cmd/demo/main.go:85.3,85.14 1 0
github.com/tekugo/zeichenwerk/cmd/demo/main.go:88.2,88.11 1 0
github.com/tekugo/zeichenwerk/cmd/demo/main.go:92.28,110.2 1 0
github.com/tekugo/zeichenwerk/cmd/demo/main.go:113.31,134.26 12 0
github.com/tekugo/zeichenwerk/cmd/demo/main.go:134.26,137.3 2 0
github.com/tekugo/zeichenwerk/cmd/demo/main.go:139.2,139.26 1 0
github.com/tekugo/zeichenwerk/cmd/demo/main.go:139.26,142.3 2 0
github.com/tekugo/zeichenwerk/cmd/demo/main.go:145.2,150.26 5 0
github.com/tekugo/zeichenwerk/cmd/demo/main.go:150.26,151.13 1 0
github.com/tekugo/zeichenwerk/cmd/demo/main.go:151.13,153.4 1 0
github.com/tekugo/zeichenwerk/cmd/demo/main.go:156.2,157.27 2 0
github.com/tekugo/zeichenwerk/cmd/demo/main.go:157.27,158.13 1 0
github.com/tekugo/zeichenwerk/cmd/demo/main.go:158.13,160.4 1 0
github.com/tekugo/zeichenwerk/cmd/demo/main.go:164.2,167.8 1 0
github.com/tekugo/zeichenwerk/cmd/demo/main.go:171.33,184.26 3 0
github.com/tekugo/zeichenwerk/cmd/demo/main.go:184.26,186.45 2 0
github.com/tekugo/zeichenwerk/cmd/demo/main.go:186.45,187.67 1 0
github.com/tekugo/zeichenwerk/cmd/demo/main.go:187.67,189.78 2 0
github.com/tekugo/zeichenwerk/cmd/demo/main.go:189.78,190.48 1 0
github.com/tekugo/zeichenwerk/cmd/demo/main.go:190.48,192.19 2 0
github.com/tekugo/zeichenwerk/cmd/demo/main.go:193.18,194.30 1 0
github.com/tekugo/zeichenwerk/cmd/demo/main.go:195.18,196.31 1 0
github.com/tekugo/zeichenwerk/cmd/demo/main.go:197.18,198.26 1 0
github.com/tekugo/zeichenwerk/cmd/demo/main.go:199.18,200.28 1 0
github.com/tekugo/zeichenwerk/cmd/demo/main.go:201.18,202.29 1 0
github.com/tekugo/zeichenwerk/cmd/demo/main.go:204.7,204.58 1 0
github.com/tekugo/zeichenwerk/cmd/demo/main.go:207.5,207.16 1 0
github.com/tekugo/zeichenwerk/cmd/demo/main.go:213.22,214.65 1 0
github.com/tekugo/zeichenwerk/cmd/demo/main.go:214.65,216.35 2 0
github.com/tekugo/zeichenwerk/cmd/demo/main.go:216.35,217.37 1 0
github.com/tekugo/zeichenwerk/cmd/demo/main.go:217.37,219.5 1 0
github.com/tekugo/zeichenwerk/cmd/demo/main.go:222.2,224.15 3 0
github.com/tekugo/zeichenwerk/cmd/demo/main.go:228.31,236.2 1 0
github.com/tekugo/zeichenwerk/cmd/demo/main.go:238.33,245.2 1 0
github.com/tekugo/zeichenwerk/cmd/demo/main.go:248.31,250.63 2 0
github.com/tekugo/zeichenwerk/cmd/demo/main.go:250.63,251.37 1 0
github.com/tekugo/zeichenwerk/cmd/demo/main.go:251.37,253.4 1 0
github.com/tekugo/zeichenwerk/cmd/demo/main.go:257.29,299.87 4 0
github.com/tekugo/zeichenwerk/cmd/demo/main.go:299.87,304.3 4 0
github.com/tekugo/zeichenwerk/cmd/demo/main.go:308.29,314.2 1 0
github.com/tekugo/zeichenwerk/cmd/demo/main.go:317.33,351.2 24 0
github.com/tekugo/zeichenwerk/cmd/demo/main.go:354.32,367.70 3 0
github.com/tekugo/zeichenwerk/cmd/demo/main.go:367.70,369.56 2 0
github.com/tekugo/zeichenwerk/cmd/demo/main.go:369.56,371.4 1 0
github.com/tekugo/zeichenwerk/cmd/demo/main.go:372.3,372.14 1 0
github.com/tekugo/zeichenwerk/cmd/demo/main.go:375.2,375.63 1 0
github.com/tekugo/zeichenwerk/cmd/demo/main.go:375.63,377.56 2 0
github.com/tekugo/zeichenwerk/cmd/demo/main.go:377.56,379.4 1 0
github.com/tekugo/zeichenwerk/cmd/demo/main.go:380.3,380.14 1 0
github.com/tekugo/zeichenwerk/cmd/demo/main.go:385.32,399.70 3 0
github.com/tekugo/zeichenwerk/cmd/demo/main.go:399.70,400.56 1 0
github.com/tekugo/zeichenwerk/cmd/demo/main.go:400.56,402.4 1 0
github.com/tekugo/zeichenwerk/cmd/demo/main.go:403.3,403.14 1 0
github.com/tekugo/zeichenwerk/cmd/demo/main.go:406.2,406.63 1 0
github.com/tekugo/zeichenwerk/cmd/demo/main.go:406.63,407.56 1 0
github.com/tekugo/zeichenwerk/cmd/demo/main.go:407.56,409.4 1 0
github.com/tekugo/zeichenwerk/cmd/demo/main.go:410.3,410.14 1 0
github.com/tekugo/zeichenwerk/cmd/demo/main.go:415.31,417.2 1 0
github.com/tekugo/zeichenwerk/cmd/demo/main.go:420.30,426.2 3 0
github.com/tekugo/zeichenwerk/cmd/demo/main.go:429.29,433.2 1 0
github.com/tekugo/zeichenwerk/cmd/demo/main.go:435.33,444.2 1 0
github.com/tekugo/zeichenwerk/cmd/demo/main.go:447.31,455.19 7 0
github.com/tekugo/zeichenwerk/cmd/demo/main.go:455.19,472.3 15 0
github.com/tekugo/zeichenwerk/cmd/demo/main.go:473.2,473.15 1 0
